#
# There is insufficient memory for the Java Runtime Environment to continue.
# Native memory allocation (malloc) failed to allocate 1088496 bytes for Chunk::new
# Possible reasons:
#   The system is out of physical RAM or swap space
#   The process is running with CompressedOops enabled, and the Java Heap may be blocking the growth of the native heap
# Possible solutions:
#   Reduce memory load on the system
#   Increase physical memory or swap space
#   Check if swap backing store is full
#   Decrease Java heap size (-Xmx/-Xms)
#   Decrease number of Java threads
#   Decrease Java thread stack sizes (-Xss)
#   Set larger code cache with -XX:ReservedCodeCacheSize=
#   JVM is running with Unscaled Compressed Oops mode in which the Java heap is
#     placed in the first 4GB address space. The Java Heap base address is the
#     maximum limit for the native heap growth. Please use -XX:HeapBaseMinAddress
#     to set the Java Heap base and to place the Java Heap above 4GB virtual address.
# This output file may be truncated or incomplete.
#
#  Out of Memory Error (./src/hotspot/share/memory/arena.cpp:197), pid=9372, tid=8404
#
# JRE version: OpenJDK Runtime Environment (11.0.12+7) (build 11.0.12+7-b1504.28-7817840)
# Java VM: OpenJDK 64-Bit Server VM (11.0.12+7-b1504.28-7817840, mixed mode, tiered, compressed oops, g1 gc, windows-amd64)
# No core dump will be written. Minidumps are not enabled by default on client versions of Windows
#

---------------  S U M M A R Y ------------

Command Line: --add-opens=java.base/java.util=ALL-UNNAMED --add-opens=java.base/java.lang=ALL-UNNAMED --add-opens=java.base/java.lang.invoke=ALL-UNNAMED --add-opens=java.base/java.util=ALL-UNNAMED --add-opens=java.prefs/java.util.prefs=ALL-UNNAMED --add-opens=java.prefs/java.util.prefs=ALL-UNNAMED --add-opens=java.base/java.nio.charset=ALL-UNNAMED --add-opens=java.base/java.net=ALL-UNNAMED --add-opens=java.base/java.util.concurrent.atomic=ALL-UNNAMED -Xmx2048m -Dfile.encoding=UTF-8 -Duser.country=US -Duser.language=en -Duser.variant org.gradle.launcher.daemon.bootstrap.GradleDaemon 7.3.3

Host: Intel(R) Core(TM) i5-7300HQ CPU @ 2.50GHz, 4 cores, 7G,  Windows 10 , 64 bit Build 19041 (10.0.19041.1889)
Time: Thu Sep 15 00:06:28 2022 SE Asia Standard Time elapsed time: 8148.085611 seconds (0d 2h 15m 48s)

---------------  T H R E A D  ---------------

Current thread (0x0000024be1e64000):  JavaThread "C2 CompilerThread0" daemon [_thread_in_native, id=8404, stack(0x000000a5ff000000,0x000000a5ff100000)]


Current CompileTask:
C2:8148085 28507       4       com.android.builder.dexing.ClassBucket$getClassFiles$1::test (83 bytes)

Stack: [0x000000a5ff000000,0x000000a5ff100000]
Native frames: (J=compiled Java code, j=interpreted, Vv=VM code, C=native code)
V  [jvm.dll+0x5fbcea]
V  [jvm.dll+0x731905]
V  [jvm.dll+0x732f1d]
V  [jvm.dll+0x7335d3]
V  [jvm.dll+0x247bf8]
V  [jvm.dll+0xc018c]
V  [jvm.dll+0xc06cc]
V  [jvm.dll+0x35b2db]
V  [jvm.dll+0x19d0bc]
V  [jvm.dll+0x20070e]
V  [jvm.dll+0x1ff794]
V  [jvm.dll+0x18868c]
V  [jvm.dll+0x20e0d7]
V  [jvm.dll+0x20c901]
V  [jvm.dll+0x6f9b7f]
V  [jvm.dll+0x6f26a5]
V  [jvm.dll+0x5fabf6]
C  [ucrtbase.dll+0x21bb2]
C  [KERNEL32.DLL+0x17034]
C  [ntdll.dll+0x52651]


---------------  P R O C E S S  ---------------

Threads class SMR info:
_java_thread_list=0x0000024beb92e8c0, length=102, elements={
0x0000024bc626c000, 0x0000024be1e3d000, 0x0000024be1e49000, 0x0000024be1e5b000,
0x0000024be1e5d800, 0x0000024be1e5f000, 0x0000024be1e64000, 0x0000024be1e65800,
0x0000024be1e71000, 0x0000024be2927000, 0x0000024be4061000, 0x0000024be4a13000,
0x0000024be4bcd800, 0x0000024be6046800, 0x0000024be6043800, 0x0000024be6049000,
0x0000024be6048800, 0x0000024be6047800, 0x0000024be78a5800, 0x0000024be78a3000,
0x0000024be789f800, 0x0000024be78a2000, 0x0000024be78a7000, 0x0000024be911b000,
0x0000024be9115800, 0x0000024be4b80000, 0x0000024be63bf000, 0x0000024be4b81000,
0x0000024be63cb800, 0x0000024be63cc000, 0x0000024bf14a6000, 0x0000024bf14a3800,
0x0000024bf14a1000, 0x0000024be63c8000, 0x0000024be63c7000, 0x0000024be63c5000,
0x0000024be63c3000, 0x0000024be63c0000, 0x0000024be63c2800, 0x0000024be63c6800,
0x0000024be63c4000, 0x0000024be63c5800, 0x0000024be63c1800, 0x0000024be63c0800,
0x0000024be63c9000, 0x0000024be63c9800, 0x0000024be63cd000, 0x0000024be63be800,
0x0000024be4e04000, 0x0000024be4e02800, 0x0000024be4e07800, 0x0000024be4e09000,
0x0000024be4e08800, 0x0000024be4e0a000, 0x0000024be4e05000, 0x0000024be4e0b000,
0x0000024be4e0b800, 0x0000024be4e06000, 0x0000024be4e0c800, 0x0000024be4e06800,
0x0000024be4e10800, 0x0000024be4e0d000, 0x0000024be4e0e000, 0x0000024be4e0f000,
0x0000024be4e0f800, 0x0000024be4e11800, 0x0000024be910e000, 0x0000024be9114000,
0x0000024be9111800, 0x0000024be9112000, 0x0000024be910f000, 0x0000024be9113000,
0x0000024be9114800, 0x0000024be9110800, 0x0000024be9110000, 0x0000024be911c000,
0x0000024be9119800, 0x0000024be911a800, 0x0000024be9118000, 0x0000024be9116800,
0x0000024be911d000, 0x0000024be9117000, 0x0000024be9118800, 0x0000024bf14a4000,
0x0000024bf14a5000, 0x0000024bf149f800, 0x0000024bf14a2800, 0x0000024bf14a1800,
0x0000024bf14a0000, 0x0000024bf14ac800, 0x0000024bf14a9000, 0x0000024bf14a6800,
0x0000024bf14ad000, 0x0000024bf14aa000, 0x0000024bf14a7800, 0x0000024bf14aa800,
0x0000024bf14ab800, 0x0000024bf14ae000, 0x0000024bf14a8800, 0x0000024be78a1000,
0x0000024be78a4800, 0x0000024be4bcd000
}

Java Threads: ( => current thread )
  0x0000024bc626c000 JavaThread "main" [_thread_blocked, id=6192, stack(0x000000a5fe400000,0x000000a5fe500000)]
  0x0000024be1e3d000 JavaThread "Reference Handler" daemon [_thread_blocked, id=10492, stack(0x000000a5feb00000,0x000000a5fec00000)]
  0x0000024be1e49000 JavaThread "Finalizer" daemon [_thread_blocked, id=15576, stack(0x000000a5fec00000,0x000000a5fed00000)]
  0x0000024be1e5b000 JavaThread "Signal Dispatcher" daemon [_thread_blocked, id=11460, stack(0x000000a5fed00000,0x000000a5fee00000)]
  0x0000024be1e5d800 JavaThread "Attach Listener" daemon [_thread_blocked, id=12240, stack(0x000000a5fee00000,0x000000a5fef00000)]
  0x0000024be1e5f000 JavaThread "Service Thread" daemon [_thread_blocked, id=3000, stack(0x000000a5fef00000,0x000000a5ff000000)]
=>0x0000024be1e64000 JavaThread "C2 CompilerThread0" daemon [_thread_in_native, id=8404, stack(0x000000a5ff000000,0x000000a5ff100000)]
  0x0000024be1e65800 JavaThread "C1 CompilerThread0" daemon [_thread_blocked, id=1788, stack(0x000000a5ff100000,0x000000a5ff200000)]
  0x0000024be1e71000 JavaThread "Sweeper thread" daemon [_thread_blocked, id=1892, stack(0x000000a5ff200000,0x000000a5ff300000)]
  0x0000024be2927000 JavaThread "Common-Cleaner" daemon [_thread_blocked, id=724, stack(0x000000a5ff300000,0x000000a5ff400000)]
  0x0000024be4061000 JavaThread "Daemon health stats" [_thread_blocked, id=12216, stack(0x000000a5ff800000,0x000000a5ff900000)]
  0x0000024be4a13000 JavaThread "Incoming local TCP Connector on port 56582" [_thread_in_native, id=15532, stack(0x000000a5ff500000,0x000000a5ff600000)]
  0x0000024be4bcd800 JavaThread "Daemon periodic checks" [_thread_blocked, id=15564, stack(0x000000a5ff900000,0x000000a5ffa00000)]
  0x0000024be6046800 JavaThread "Cache worker for journal cache (C:\Users\ducke\.gradle\caches\journal-1)" [_thread_blocked, id=1412, stack(0x000000a580200000,0x000000a580300000)]
  0x0000024be6043800 JavaThread "File lock request listener" [_thread_in_native, id=15332, stack(0x000000a580300000,0x000000a580400000)]
  0x0000024be6049000 JavaThread "Cache worker for file hash cache (C:\Users\ducke\.gradle\caches\7.3.3\fileHashes)" [_thread_blocked, id=9012, stack(0x000000a580400000,0x000000a580500000)]
  0x0000024be6048800 JavaThread "File watcher server" daemon [_thread_in_native, id=15128, stack(0x000000a580700000,0x000000a580800000)]
  0x0000024be6047800 JavaThread "File watcher consumer" daemon [_thread_blocked, id=7200, stack(0x000000a580800000,0x000000a580900000)]
  0x0000024be78a5800 JavaThread "Cache worker for execution history cache (C:\Users\ducke\.gradle\caches\7.3.3\executionHistory)" [_thread_blocked, id=13280, stack(0x000000a580c00000,0x000000a580d00000)]
  0x0000024be78a3000 JavaThread "jar transforms" [_thread_blocked, id=6640, stack(0x000000a580d00000,0x000000a580e00000)]
  0x0000024be789f800 JavaThread "Cache worker for file content cache (C:\Users\ducke\.gradle\caches\7.3.3\fileContent)" [_thread_blocked, id=14036, stack(0x000000a580e00000,0x000000a580f00000)]
  0x0000024be78a2000 JavaThread "jar transforms Thread 2" [_thread_blocked, id=9516, stack(0x000000a580f00000,0x000000a581000000)]
  0x0000024be78a7000 JavaThread "jar transforms Thread 3" [_thread_blocked, id=13172, stack(0x000000a581100000,0x000000a581200000)]
  0x0000024be911b000 JavaThread "jar transforms Thread 4" [_thread_blocked, id=10784, stack(0x000000a583b00000,0x000000a583c00000)]
  0x0000024be9115800 JavaThread "Memory manager" [_thread_blocked, id=836, stack(0x000000a583c00000,0x000000a583d00000)]
  0x0000024be4b80000 JavaThread "RMI Scheduler(0)" daemon [_thread_blocked, id=9176, stack(0x000000a584a00000,0x000000a584b00000)]
  0x0000024be63bf000 JavaThread "RMI TCP Accept-0" daemon [_thread_in_native, id=13012, stack(0x000000a584d00000,0x000000a584e00000)]
  0x0000024be4b81000 JavaThread "Cache worker for Java compile cache (C:\Users\ducke\.gradle\caches\7.3.3\javaCompile)" [_thread_blocked, id=14924, stack(0x000000a585000000,0x000000a585100000)]
  0x0000024be63cb800 JavaThread "RMI GC Daemon" daemon [_thread_blocked, id=10156, stack(0x000000a585500000,0x000000a585600000)]
  0x0000024be63cc000 JavaThread "RMI Reaper" [_thread_blocked, id=15348, stack(0x000000a585600000,0x000000a585700000)]
  0x0000024bf14a6000 JavaThread "ForkJoinPool.commonPool-worker-7" daemon [_thread_blocked, id=7460, stack(0x000000a585d00000,0x000000a585e00000)]
  0x0000024bf14a3800 JavaThread "Daemon Thread 13" [_thread_blocked, id=12072, stack(0x000000a580000000,0x000000a580100000)]
  0x0000024bf14a1000 JavaThread "Daemon worker Thread 13" [_thread_blocked, id=3736, stack(0x000000a580900000,0x000000a580a00000)]
  0x0000024be63c8000 JavaThread "RMI TCP Connection(48)-127.0.0.1" daemon [_thread_in_native, id=16380, stack(0x000000a584b00000,0x000000a584c00000)]
  0x0000024be63c7000 JavaThread "ForkJoinPool.commonPool-worker-3" daemon [_thread_blocked, id=8076, stack(0x000000a585200000,0x000000a585300000)]
  0x0000024be63c5000 JavaThread "ForkJoinPool.commonPool-worker-5" daemon [_thread_blocked, id=2016, stack(0x000000a585300000,0x000000a585400000)]
  0x0000024be63c3000 JavaThread "Handler for socket connection from /127.0.0.1:56582 to /127.0.0.1:64484" [_thread_in_native, id=7876, stack(0x000000a580500000,0x000000a580600000)]
  0x0000024be63c0000 JavaThread "Cancel handler" [_thread_blocked, id=13584, stack(0x000000a580600000,0x000000a580700000)]
  0x0000024be63c2800 JavaThread "Asynchronous log dispatcher for DefaultDaemonConnection: socket connection from /127.0.0.1:56582 to /127.0.0.1:64484" [_thread_blocked, id=3992, stack(0x000000a580a00000,0x000000a580b00000)]
  0x0000024be63c6800 JavaThread "Stdin handler" [_thread_blocked, id=16192, stack(0x000000a580b00000,0x000000a580c00000)]
  0x0000024be63c4000 JavaThread "Daemon client event forwarder" [_thread_blocked, id=13428, stack(0x000000a581000000,0x000000a581100000)]
  0x0000024be63c5800 JavaThread "Cache worker for file hash cache (C:\Users\ducke\AndroidStudioProjects\ShopingApp\.gradle\7.3.3\fileHashes)" [_thread_blocked, id=9104, stack(0x000000a581200000,0x000000a581300000)]
  0x0000024be63c1800 JavaThread "Cache worker for checksums cache (C:\Users\ducke\AndroidStudioProjects\ShopingApp\.gradle\7.3.3\checksums)" [_thread_blocked, id=460, stack(0x000000a581300000,0x000000a581400000)]
  0x0000024be63c0800 JavaThread "Cache worker for cache directory md-supplier (C:\Users\ducke\.gradle\caches\7.3.3\md-supplier)" [_thread_blocked, id=13772, stack(0x000000a581400000,0x000000a581500000)]
  0x0000024be63c9000 JavaThread "Cache worker for cache directory md-rule (C:\Users\ducke\.gradle\caches\7.3.3\md-rule)" [_thread_blocked, id=9612, stack(0x000000a581500000,0x000000a581600000)]
  0x0000024be63c9800 JavaThread "Cache worker for dependencies-accessors (C:\Users\ducke\AndroidStudioProjects\ShopingApp\.gradle\7.3.3\dependencies-accessors)" [_thread_blocked, id=14108, stack(0x000000a581600000,0x000000a581700000)]
  0x0000024be63cd000 JavaThread "Cache worker for Build Output Cleanup Cache (C:\Users\ducke\AndroidStudioProjects\ShopingApp\.gradle\buildOutputCleanup)" [_thread_blocked, id=14788, stack(0x000000a581700000,0x000000a581800000)]
  0x0000024be63be800 JavaThread "Unconstrained build operations" [_thread_blocked, id=5644, stack(0x000000a581800000,0x000000a581900000)]
  0x0000024be4e04000 JavaThread "Unconstrained build operations Thread 2" [_thread_blocked, id=16340, stack(0x000000a581900000,0x000000a581a00000)]
  0x0000024be4e02800 JavaThread "Unconstrained build operations Thread 3" [_thread_blocked, id=13868, stack(0x000000a581a00000,0x000000a581b00000)]
  0x0000024be4e07800 JavaThread "Unconstrained build operations Thread 4" [_thread_blocked, id=11400, stack(0x000000a581b00000,0x000000a581c00000)]
  0x0000024be4e09000 JavaThread "Unconstrained build operations Thread 5" [_thread_blocked, id=6064, stack(0x000000a581c00000,0x000000a581d00000)]
  0x0000024be4e08800 JavaThread "Unconstrained build operations Thread 6" [_thread_blocked, id=9744, stack(0x000000a581d00000,0x000000a581e00000)]
  0x0000024be4e0a000 JavaThread "Unconstrained build operations Thread 7" [_thread_blocked, id=8896, stack(0x000000a581e00000,0x000000a581f00000)]
  0x0000024be4e05000 JavaThread "Unconstrained build operations Thread 8" [_thread_blocked, id=12308, stack(0x000000a581f00000,0x000000a582000000)]
  0x0000024be4e0b000 JavaThread "Unconstrained build operations Thread 9" [_thread_blocked, id=16280, stack(0x000000a582000000,0x000000a582100000)]
  0x0000024be4e0b800 JavaThread "Unconstrained build operations Thread 10" [_thread_blocked, id=11656, stack(0x000000a582100000,0x000000a582200000)]
  0x0000024be4e06000 JavaThread "Unconstrained build operations Thread 11" [_thread_blocked, id=4028, stack(0x000000a582200000,0x000000a582300000)]
  0x0000024be4e0c800 JavaThread "Unconstrained build operations Thread 12" [_thread_blocked, id=10260, stack(0x000000a582300000,0x000000a582400000)]
  0x0000024be4e06800 JavaThread "Unconstrained build operations Thread 13" [_thread_blocked, id=13612, stack(0x000000a582400000,0x000000a582500000)]
  0x0000024be4e10800 JavaThread "Unconstrained build operations Thread 14" [_thread_blocked, id=10080, stack(0x000000a582500000,0x000000a582600000)]
  0x0000024be4e0d000 JavaThread "Unconstrained build operations Thread 15" [_thread_blocked, id=8824, stack(0x000000a582600000,0x000000a582700000)]
  0x0000024be4e0e000 JavaThread "Unconstrained build operations Thread 16" [_thread_blocked, id=16056, stack(0x000000a582700000,0x000000a582800000)]
  0x0000024be4e0f000 JavaThread "Unconstrained build operations Thread 17" [_thread_blocked, id=15352, stack(0x000000a582800000,0x000000a582900000)]
  0x0000024be4e0f800 JavaThread "Unconstrained build operations Thread 18" [_thread_blocked, id=13188, stack(0x000000a582900000,0x000000a582a00000)]
  0x0000024be4e11800 JavaThread "Unconstrained build operations Thread 19" [_thread_blocked, id=14308, stack(0x000000a582a00000,0x000000a582b00000)]
  0x0000024be910e000 JavaThread "Unconstrained build operations Thread 20" [_thread_blocked, id=13264, stack(0x000000a582b00000,0x000000a582c00000)]
  0x0000024be9114000 JavaThread "Unconstrained build operations Thread 21" [_thread_blocked, id=488, stack(0x000000a582c00000,0x000000a582d00000)]
  0x0000024be9111800 JavaThread "Unconstrained build operations Thread 22" [_thread_blocked, id=13228, stack(0x000000a582d00000,0x000000a582e00000)]
  0x0000024be9112000 JavaThread "Unconstrained build operations Thread 23" [_thread_blocked, id=6128, stack(0x000000a582e00000,0x000000a582f00000)]
  0x0000024be910f000 JavaThread "Unconstrained build operations Thread 24" [_thread_blocked, id=6500, stack(0x000000a582f00000,0x000000a583000000)]
  0x0000024be9113000 JavaThread "Unconstrained build operations Thread 25" [_thread_blocked, id=5268, stack(0x000000a583000000,0x000000a583100000)]
  0x0000024be9114800 JavaThread "Unconstrained build operations Thread 26" [_thread_blocked, id=3320, stack(0x000000a583100000,0x000000a583200000)]
  0x0000024be9110800 JavaThread "Unconstrained build operations Thread 27" [_thread_blocked, id=476, stack(0x000000a583200000,0x000000a583300000)]
  0x0000024be9110000 JavaThread "Unconstrained build operations Thread 28" [_thread_blocked, id=1100, stack(0x000000a583300000,0x000000a583400000)]
  0x0000024be911c000 JavaThread "Unconstrained build operations Thread 29" [_thread_blocked, id=12344, stack(0x000000a583400000,0x000000a583500000)]
  0x0000024be9119800 JavaThread "Unconstrained build operations Thread 30" [_thread_blocked, id=16108, stack(0x000000a583500000,0x000000a583600000)]
  0x0000024be911a800 JavaThread "Unconstrained build operations Thread 31" [_thread_blocked, id=10476, stack(0x000000a583600000,0x000000a583700000)]
  0x0000024be9118000 JavaThread "Unconstrained build operations Thread 32" [_thread_blocked, id=10028, stack(0x000000a583700000,0x000000a583800000)]
  0x0000024be9116800 JavaThread "Unconstrained build operations Thread 33" [_thread_blocked, id=12580, stack(0x000000a583800000,0x000000a583900000)]
  0x0000024be911d000 JavaThread "Unconstrained build operations Thread 34" [_thread_blocked, id=8232, stack(0x000000a583900000,0x000000a583a00000)]
  0x0000024be9117000 JavaThread "Unconstrained build operations Thread 35" [_thread_blocked, id=2532, stack(0x000000a583a00000,0x000000a583b00000)]
  0x0000024be9118800 JavaThread "Unconstrained build operations Thread 36" [_thread_blocked, id=7888, stack(0x000000a583d00000,0x000000a583e00000)]
  0x0000024bf14a4000 JavaThread "Unconstrained build operations Thread 37" [_thread_blocked, id=8552, stack(0x000000a583e00000,0x000000a583f00000)]
  0x0000024bf14a5000 JavaThread "Unconstrained build operations Thread 38" [_thread_blocked, id=4392, stack(0x000000a583f00000,0x000000a584000000)]
  0x0000024bf149f800 JavaThread "Unconstrained build operations Thread 39" [_thread_blocked, id=6492, stack(0x000000a584000000,0x000000a584100000)]
  0x0000024bf14a2800 JavaThread "Unconstrained build operations Thread 40" [_thread_blocked, id=8348, stack(0x000000a584100000,0x000000a584200000)]
  0x0000024bf14a1800 JavaThread "build event listener" [_thread_blocked, id=10732, stack(0x000000a584200000,0x000000a584300000)]
  0x0000024bf14a0000 JavaThread "build event listener" [_thread_blocked, id=432, stack(0x000000a584400000,0x000000a584500000)]
  0x0000024bf14ac800 JavaThread "Execution worker for ':'" [_thread_blocked, id=1508, stack(0x000000a584500000,0x000000a584600000)]
  0x0000024bf14a9000 JavaThread "Execution worker for ':' Thread 2" [_thread_blocked, id=15464, stack(0x000000a584600000,0x000000a584700000)]
  0x0000024bf14a6800 JavaThread "Execution worker for ':' Thread 3" [_thread_blocked, id=10688, stack(0x000000a584700000,0x000000a584800000)]
  0x0000024bf14ad000 JavaThread "Cache worker for execution history cache (C:\Users\ducke\AndroidStudioProjects\ShopingApp\.gradle\7.3.3\executionHistory)" [_thread_blocked, id=9540, stack(0x000000a584800000,0x000000a584900000)]
  0x0000024bf14aa000 JavaThread "RMI RenewClean-[127.0.0.1:17201,org.jetbrains.kotlin.daemon.common.LoopbackNetworkInterface$ClientLoopbackSocketFactory@1b781256]" daemon [_thread_blocked, id=14448, stack(0x000000a584900000,0x000000a584a00000)]
  0x0000024bf14a7800 JavaThread "RMI TCP Connection(47)-127.0.0.1" daemon [_thread_in_native, id=8876, stack(0x000000a584c00000,0x000000a584d00000)]
  0x0000024bf14aa800 JavaThread "RMI TCP Connection(49)-127.0.0.1" daemon [_thread_in_native, id=10608, stack(0x000000a584e00000,0x000000a584f00000)]
  0x0000024bf14ab800 JavaThread "WorkerExecutor Queue" [_thread_blocked, id=11136, stack(0x000000a584300000,0x000000a584400000)]
  0x0000024bf14ae000 JavaThread "WorkerExecutor Queue Thread 2" [_thread_blocked, id=11168, stack(0x000000a584f00000,0x000000a585000000)]
  0x0000024bf14a8800 JavaThread "WorkerExecutor Queue Thread 3" [_thread_blocked, id=736, stack(0x000000a585100000,0x000000a585200000)]
  0x0000024be78a1000 JavaThread "WorkerExecutor Queue Thread 4" [_thread_in_Java, id=12532, stack(0x000000a585400000,0x000000a585500000)]
  0x0000024be78a4800 JavaThread "WorkerExecutor Queue Thread 5" [_thread_blocked, id=4024, stack(0x000000a585700000,0x000000a585800000)]
  0x0000024be4bcd000 JavaThread "C2 CompilerThread1" daemon [_thread_in_native, id=12536, stack(0x000000a585800000,0x000000a585900000)]

Other Threads:
  0x0000024be1e39800 VMThread "VM Thread" [stack: 0x000000a5fea00000,0x000000a5feb00000] [id=1604]
  0x0000024be292c800 WatcherThread [stack: 0x000000a5ff400000,0x000000a5ff500000] [id=13456]
  0x0000024bc62f5800 GCTaskThread "GC Thread#0" [stack: 0x000000a5fe500000,0x000000a5fe600000] [id=3280]
  0x0000024be3120000 GCTaskThread "GC Thread#1" [stack: 0x000000a5ff600000,0x000000a5ff700000] [id=13040]
  0x0000024be31db800 GCTaskThread "GC Thread#2" [stack: 0x000000a5ff700000,0x000000a5ff800000] [id=7620]
  0x0000024be4006800 GCTaskThread "GC Thread#3" [stack: 0x000000a580100000,0x000000a580200000] [id=2724]
  0x0000024bc6326000 ConcurrentGCThread "G1 Main Marker" [stack: 0x000000a5fe600000,0x000000a5fe700000] [id=3148]
  0x0000024bc6327800 ConcurrentGCThread "G1 Conc#0" [stack: 0x000000a5fe700000,0x000000a5fe800000] [id=12352]
  0x0000024bc63b7000 ConcurrentGCThread "G1 Refine#0" [stack: 0x000000a5fe800000,0x000000a5fe900000] [id=8528]
  0x0000024bc63b8000 ConcurrentGCThread "G1 Young RemSet Sampling" [stack: 0x000000a5fe900000,0x000000a5fea00000] [id=9500]

Threads with active compile tasks:
C2 CompilerThread08148131 28507       4       com.android.builder.dexing.ClassBucket$getClassFiles$1::test (83 bytes)
C2 CompilerThread18148131 28536       4       com.android.tools.r8.graph.c0::a (1050 bytes)

VM state:not at safepoint (normal execution)

VM Mutex/Monitor currently owned by a thread: None

Heap address: 0x0000000080000000, size: 2048 MB, Compressed Oops mode: 32-bit
Narrow klass base: 0x0000000000000000, Narrow klass shift: 3
Compressed class space size: 1073741824 Address: 0x0000000100000000

Heap:
 garbage-first heap   total 225280K, used 150928K [0x0000000080000000, 0x0000000100000000)
  region size 1024K, 37 young (37888K), 7 survivors (7168K)
 Metaspace       used 128476K, capacity 132485K, committed 133240K, reserved 1165312K
  class space    used 15876K, capacity 17387K, committed 17580K, reserved 1048576K
Heap Regions: E=young(eden), S=young(survivor), O=old, HS=humongous(starts), HC=humongous(continues), CS=collection set, F=free, A=archive, TAMS=top-at-mark-start (previous, next)
|   0|0x0000000080000000, 0x0000000080100000, 0x0000000080100000|100%| O|  |TAMS 0x0000000080100000, 0x0000000080000000| Untracked 
|   1|0x0000000080100000, 0x0000000080200000, 0x0000000080200000|100%| O|  |TAMS 0x0000000080200000, 0x0000000080100000| Untracked 
|   2|0x0000000080200000, 0x0000000080300000, 0x0000000080300000|100%| O|  |TAMS 0x0000000080300000, 0x0000000080200000| Untracked 
|   3|0x0000000080300000, 0x0000000080400000, 0x0000000080400000|100%|HS|  |TAMS 0x0000000080400000, 0x0000000080300000| Complete 
|   4|0x0000000080400000, 0x0000000080500000, 0x0000000080500000|100%|HC|  |TAMS 0x0000000080500000, 0x0000000080400000| Complete 
|   5|0x0000000080500000, 0x0000000080600000, 0x0000000080600000|100%|HC|  |TAMS 0x0000000080600000, 0x0000000080500000| Complete 
|   6|0x0000000080600000, 0x0000000080700000, 0x0000000080700000|100%| O|  |TAMS 0x0000000080700000, 0x0000000080600000| Untracked 
|   7|0x0000000080700000, 0x0000000080800000, 0x0000000080800000|100%| O|  |TAMS 0x0000000080800000, 0x0000000080700000| Untracked 
|   8|0x0000000080800000, 0x0000000080900000, 0x0000000080900000|100%| O|  |TAMS 0x0000000080900000, 0x0000000080800000| Complete 
|   9|0x0000000080900000, 0x0000000080a00000, 0x0000000080a00000|100%| O|  |TAMS 0x0000000080a00000, 0x0000000080900000| Complete 
|  10|0x0000000080a00000, 0x0000000080b00000, 0x0000000080b00000|100%| O|  |TAMS 0x0000000080b00000, 0x0000000080a00000| Untracked 
|  11|0x0000000080b00000, 0x0000000080c00000, 0x0000000080c00000|100%| O|  |TAMS 0x0000000080c00000, 0x0000000080b00000| Untracked 
|  12|0x0000000080c00000, 0x0000000080d00000, 0x0000000080d00000|100%| O|  |TAMS 0x0000000080d00000, 0x0000000080c00000| Untracked 
|  13|0x0000000080d00000, 0x0000000080e00000, 0x0000000080e00000|100%| O|  |TAMS 0x0000000080e00000, 0x0000000080d00000| Untracked 
|  14|0x0000000080e00000, 0x0000000080f00000, 0x0000000080f00000|100%| O|  |TAMS 0x0000000080f00000, 0x0000000080e00000| Complete 
|  15|0x0000000080f00000, 0x0000000081000000, 0x0000000081000000|100%| O|  |TAMS 0x0000000081000000, 0x0000000080f00000| Complete 
|  16|0x0000000081000000, 0x0000000081100000, 0x0000000081100000|100%| O|  |TAMS 0x0000000081100000, 0x0000000081000000| Complete 
|  17|0x0000000081100000, 0x0000000081200000, 0x0000000081200000|100%|HS|  |TAMS 0x0000000081200000, 0x0000000081100000| Complete 
|  18|0x0000000081200000, 0x0000000081300000, 0x0000000081300000|100%| O|  |TAMS 0x0000000081300000, 0x0000000081200000| Complete 
|  19|0x0000000081300000, 0x0000000081400000, 0x0000000081400000|100%| O|  |TAMS 0x0000000081400000, 0x0000000081300000| Complete 
|  20|0x0000000081400000, 0x0000000081500000, 0x0000000081500000|100%| O|  |TAMS 0x0000000081500000, 0x0000000081400000| Complete 
|  21|0x0000000081500000, 0x0000000081600000, 0x0000000081600000|100%| O|  |TAMS 0x0000000081600000, 0x0000000081500000| Complete 
|  22|0x0000000081600000, 0x0000000081700000, 0x0000000081700000|100%| O|  |TAMS 0x0000000081700000, 0x0000000081600000| Complete 
|  23|0x0000000081700000, 0x0000000081800000, 0x0000000081800000|100%| O|  |TAMS 0x0000000081800000, 0x0000000081700000| Complete 
|  24|0x0000000081800000, 0x0000000081900000, 0x0000000081900000|100%| O|  |TAMS 0x0000000081900000, 0x0000000081800000| Untracked 
|  25|0x0000000081900000, 0x0000000081a00000, 0x0000000081a00000|100%| O|  |TAMS 0x0000000081a00000, 0x0000000081900000| Untracked 
|  26|0x0000000081a00000, 0x0000000081b00000, 0x0000000081b00000|100%| O|  |TAMS 0x0000000081b00000, 0x0000000081a00000| Untracked 
|  27|0x0000000081b00000, 0x0000000081c00000, 0x0000000081c00000|100%|HS|  |TAMS 0x0000000081c00000, 0x0000000081b00000| Complete 
|  28|0x0000000081c00000, 0x0000000081d00000, 0x0000000081d00000|100%|HS|  |TAMS 0x0000000081d00000, 0x0000000081c00000| Complete 
|  29|0x0000000081d00000, 0x0000000081e00000, 0x0000000081e00000|100%|HS|  |TAMS 0x0000000081e00000, 0x0000000081d00000| Complete 
|  30|0x0000000081e00000, 0x0000000081f00000, 0x0000000081f00000|100%|HC|  |TAMS 0x0000000081f00000, 0x0000000081e00000| Complete 
|  31|0x0000000081f00000, 0x0000000082000000, 0x0000000082000000|100%|HC|  |TAMS 0x0000000082000000, 0x0000000081f00000| Complete 
|  32|0x0000000082000000, 0x0000000082100000, 0x0000000082100000|100%|HS|  |TAMS 0x0000000082100000, 0x0000000082000000| Complete 
|  33|0x0000000082100000, 0x0000000082200000, 0x0000000082200000|100%|HC|  |TAMS 0x0000000082200000, 0x0000000082100000| Complete 
|  34|0x0000000082200000, 0x0000000082200000, 0x0000000082300000|  0%| F|  |TAMS 0x0000000082200000, 0x0000000082200000| Untracked 
|  35|0x0000000082300000, 0x0000000082400000, 0x0000000082400000|100%| O|  |TAMS 0x0000000082400000, 0x0000000082300000| Complete 
|  36|0x0000000082400000, 0x0000000082400000, 0x0000000082500000|  0%| F|  |TAMS 0x0000000082400000, 0x0000000082400000| Untracked 
|  37|0x0000000082500000, 0x0000000082600000, 0x0000000082600000|100%| O|  |TAMS 0x0000000082600000, 0x0000000082500000| Complete 
|  38|0x0000000082600000, 0x0000000082700000, 0x0000000082700000|100%| O|  |TAMS 0x0000000082700000, 0x0000000082600000| Complete 
|  39|0x0000000082700000, 0x0000000082800000, 0x0000000082800000|100%| O|  |TAMS 0x0000000082800000, 0x0000000082700000| Untracked 
|  40|0x0000000082800000, 0x0000000082900000, 0x0000000082900000|100%| O|  |TAMS 0x0000000082900000, 0x0000000082800000| Untracked 
|  41|0x0000000082900000, 0x0000000082a00000, 0x0000000082a00000|100%| O|  |TAMS 0x0000000082a00000, 0x0000000082900000| Untracked 
|  42|0x0000000082a00000, 0x0000000082b00000, 0x0000000082b00000|100%| O|  |TAMS 0x0000000082b00000, 0x0000000082a00000| Untracked 
|  43|0x0000000082b00000, 0x0000000082c00000, 0x0000000082c00000|100%| O|  |TAMS 0x0000000082c00000, 0x0000000082b00000| Untracked 
|  44|0x0000000082c00000, 0x0000000082c00000, 0x0000000082d00000|  0%| F|  |TAMS 0x0000000082c00000, 0x0000000082c00000| Untracked 
|  45|0x0000000082d00000, 0x0000000082e00000, 0x0000000082e00000|100%| O|  |TAMS 0x0000000082e00000, 0x0000000082d00000| Complete 
|  46|0x0000000082e00000, 0x0000000082f00000, 0x0000000082f00000|100%| O|  |TAMS 0x0000000082f00000, 0x0000000082e00000| Complete 
|  47|0x0000000082f00000, 0x0000000083000000, 0x0000000083000000|100%| O|  |TAMS 0x0000000083000000, 0x0000000082f00000| Complete 
|  48|0x0000000083000000, 0x0000000083100000, 0x0000000083100000|100%| O|  |TAMS 0x0000000083100000, 0x0000000083000000| Complete 
|  49|0x0000000083100000, 0x0000000083200000, 0x0000000083200000|100%| O|  |TAMS 0x0000000083200000, 0x0000000083100000| Complete 
|  50|0x0000000083200000, 0x0000000083300000, 0x0000000083300000|100%| O|  |TAMS 0x0000000083300000, 0x0000000083200000| Complete 
|  51|0x0000000083300000, 0x0000000083400000, 0x0000000083400000|100%| O|  |TAMS 0x0000000083400000, 0x0000000083300000| Complete 
|  52|0x0000000083400000, 0x0000000083500000, 0x0000000083500000|100%| O|  |TAMS 0x0000000083500000, 0x0000000083400000| Complete 
|  53|0x0000000083500000, 0x0000000083600000, 0x0000000083600000|100%| O|  |TAMS 0x0000000083600000, 0x0000000083500000| Complete 
|  54|0x0000000083600000, 0x0000000083700000, 0x0000000083700000|100%| O|  |TAMS 0x0000000083700000, 0x0000000083600000| Untracked 
|  55|0x0000000083700000, 0x0000000083700000, 0x0000000083800000|  0%| F|  |TAMS 0x0000000083700000, 0x0000000083700000| Untracked 
|  56|0x0000000083800000, 0x0000000083900000, 0x0000000083900000|100%| O|  |TAMS 0x0000000083900000, 0x0000000083800000| Complete 
|  57|0x0000000083900000, 0x0000000083900000, 0x0000000083a00000|  0%| F|  |TAMS 0x0000000083900000, 0x0000000083900000| Untracked 
|  58|0x0000000083a00000, 0x0000000083b00000, 0x0000000083b00000|100%| O|  |TAMS 0x0000000083b00000, 0x0000000083a00000| Untracked 
|  59|0x0000000083b00000, 0x0000000083c00000, 0x0000000083c00000|100%| O|  |TAMS 0x0000000083c00000, 0x0000000083b00000| Complete 
|  60|0x0000000083c00000, 0x0000000083d00000, 0x0000000083d00000|100%| O|  |TAMS 0x0000000083d00000, 0x0000000083c00000| Complete 
|  61|0x0000000083d00000, 0x0000000083d00000, 0x0000000083e00000|  0%| F|  |TAMS 0x0000000083d00000, 0x0000000083d00000| Untracked 
|  62|0x0000000083e00000, 0x0000000083e00000, 0x0000000083f00000|  0%| F|  |TAMS 0x0000000083e00000, 0x0000000083e00000| Untracked 
|  63|0x0000000083f00000, 0x0000000084000000, 0x0000000084000000|100%| O|  |TAMS 0x0000000084000000, 0x0000000083f00000| Untracked 
|  64|0x0000000084000000, 0x0000000084100000, 0x0000000084100000|100%| O|  |TAMS 0x0000000084100000, 0x0000000084000000| Complete 
|  65|0x0000000084100000, 0x0000000084200000, 0x0000000084200000|100%| O|  |TAMS 0x0000000084200000, 0x0000000084100000| Complete 
|  66|0x0000000084200000, 0x0000000084200000, 0x0000000084300000|  0%| F|  |TAMS 0x0000000084200000, 0x0000000084200000| Untracked 
|  67|0x0000000084300000, 0x0000000084400000, 0x0000000084400000|100%| O|  |TAMS 0x0000000084400000, 0x0000000084300000| Complete 
|  68|0x0000000084400000, 0x0000000084400000, 0x0000000084500000|  0%| F|  |TAMS 0x0000000084400000, 0x0000000084400000| Untracked 
|  69|0x0000000084500000, 0x0000000084600000, 0x0000000084600000|100%| O|  |TAMS 0x0000000084600000, 0x0000000084500000| Complete 
|  70|0x0000000084600000, 0x0000000084700000, 0x0000000084700000|100%| O|  |TAMS 0x0000000084700000, 0x0000000084600000| Complete 
|  71|0x0000000084700000, 0x0000000084800000, 0x0000000084800000|100%| O|  |TAMS 0x0000000084800000, 0x0000000084700000| Complete 
|  72|0x0000000084800000, 0x0000000084900000, 0x0000000084900000|100%| O|  |TAMS 0x0000000084900000, 0x0000000084800000| Complete 
|  73|0x0000000084900000, 0x0000000084a00000, 0x0000000084a00000|100%| O|  |TAMS 0x0000000084a00000, 0x0000000084900000| Untracked 
|  74|0x0000000084a00000, 0x0000000084b00000, 0x0000000084b00000|100%| O|  |TAMS 0x0000000084b00000, 0x0000000084a00000| Untracked 
|  75|0x0000000084b00000, 0x0000000084c00000, 0x0000000084c00000|100%| O|  |TAMS 0x0000000084c00000, 0x0000000084b00000| Complete 
|  76|0x0000000084c00000, 0x0000000084d00000, 0x0000000084d00000|100%| O|  |TAMS 0x0000000084d00000, 0x0000000084c00000| Complete 
|  77|0x0000000084d00000, 0x0000000084e00000, 0x0000000084e00000|100%| O|  |TAMS 0x0000000084e00000, 0x0000000084d00000| Complete 
|  78|0x0000000084e00000, 0x0000000084f00000, 0x0000000084f00000|100%| O|  |TAMS 0x0000000084f00000, 0x0000000084e00000| Untracked 
|  79|0x0000000084f00000, 0x0000000085000000, 0x0000000085000000|100%| O|  |TAMS 0x0000000085000000, 0x0000000084f00000| Complete 
|  80|0x0000000085000000, 0x0000000085100000, 0x0000000085100000|100%| O|  |TAMS 0x0000000085100000, 0x0000000085000000| Complete 
|  81|0x0000000085100000, 0x0000000085200000, 0x0000000085200000|100%| O|  |TAMS 0x0000000085200000, 0x0000000085100000| Untracked 
|  82|0x0000000085200000, 0x0000000085300000, 0x0000000085300000|100%| O|  |TAMS 0x0000000085300000, 0x0000000085200000| Complete 
|  83|0x0000000085300000, 0x0000000085400000, 0x0000000085400000|100%| O|  |TAMS 0x0000000085400000, 0x0000000085300000| Complete 
|  84|0x0000000085400000, 0x0000000085500000, 0x0000000085500000|100%| O|  |TAMS 0x0000000085500000, 0x0000000085400000| Complete 
|  85|0x0000000085500000, 0x0000000085600000, 0x0000000085600000|100%| O|  |TAMS 0x0000000085600000, 0x0000000085500000| Complete 
|  86|0x0000000085600000, 0x0000000085700000, 0x0000000085700000|100%| O|  |TAMS 0x0000000085700000, 0x0000000085600000| Untracked 
|  87|0x0000000085700000, 0x0000000085800000, 0x0000000085800000|100%| O|  |TAMS 0x0000000085800000, 0x0000000085700000| Complete 
|  88|0x0000000085800000, 0x0000000085900000, 0x0000000085900000|100%| O|  |TAMS 0x0000000085900000, 0x0000000085800000| Untracked 
|  89|0x0000000085900000, 0x0000000085a00000, 0x0000000085a00000|100%| O|  |TAMS 0x0000000085a00000, 0x0000000085900000| Complete 
|  90|0x0000000085a00000, 0x0000000085b00000, 0x0000000085b00000|100%| O|  |TAMS 0x0000000085b00000, 0x0000000085a00000| Complete 
|  91|0x0000000085b00000, 0x0000000085c00000, 0x0000000085c00000|100%| O|  |TAMS 0x0000000085c00000, 0x0000000085b00000| Complete 
|  92|0x0000000085c00000, 0x0000000085d00000, 0x0000000085d00000|100%| O|  |TAMS 0x0000000085d00000, 0x0000000085c00000| Complete 
|  93|0x0000000085d00000, 0x0000000085d00000, 0x0000000085e00000|  0%| F|  |TAMS 0x0000000085d00000, 0x0000000085d00000| Untracked 
|  94|0x0000000085e00000, 0x0000000085f00000, 0x0000000085f00000|100%| O|  |TAMS 0x0000000085f00000, 0x0000000085e00000| Complete 
|  95|0x0000000085f00000, 0x0000000086000000, 0x0000000086000000|100%| O|  |TAMS 0x0000000086000000, 0x0000000085f00000| Complete 
|  96|0x0000000086000000, 0x0000000086100000, 0x0000000086100000|100%| O|  |TAMS 0x0000000086100000, 0x0000000086000000| Complete 
|  97|0x0000000086100000, 0x0000000086200000, 0x0000000086200000|100%| O|  |TAMS 0x0000000086200000, 0x0000000086100000| Complete 
|  98|0x0000000086200000, 0x0000000086300000, 0x0000000086300000|100%| O|  |TAMS 0x0000000086300000, 0x0000000086200000| Complete 
|  99|0x0000000086300000, 0x0000000086400000, 0x0000000086400000|100%| O|  |TAMS 0x0000000086400000, 0x0000000086300000| Untracked 
| 100|0x0000000086400000, 0x0000000086500000, 0x0000000086500000|100%| O|  |TAMS 0x0000000086500000, 0x0000000086400000| Untracked 
| 101|0x0000000086500000, 0x0000000086600000, 0x0000000086600000|100%| O|  |TAMS 0x0000000086600000, 0x0000000086500000| Untracked 
| 102|0x0000000086600000, 0x0000000086700000, 0x0000000086700000|100%| O|  |TAMS 0x0000000086700000, 0x0000000086600000| Complete 
| 103|0x0000000086700000, 0x0000000086800000, 0x0000000086800000|100%| O|  |TAMS 0x0000000086800000, 0x0000000086700000| Complete 
| 104|0x0000000086800000, 0x0000000086900000, 0x0000000086900000|100%| O|  |TAMS 0x0000000086900000, 0x0000000086800000| Complete 
| 105|0x0000000086900000, 0x0000000086a00000, 0x0000000086a00000|100%| O|  |TAMS 0x0000000086a00000, 0x0000000086900000| Complete 
| 106|0x0000000086a00000, 0x0000000086b00000, 0x0000000086b00000|100%| O|  |TAMS 0x0000000086b00000, 0x0000000086a00000| Complete 
| 107|0x0000000086b00000, 0x0000000086c00000, 0x0000000086c00000|100%| O|  |TAMS 0x0000000086c00000, 0x0000000086b00000| Complete 
| 108|0x0000000086c00000, 0x0000000086d00000, 0x0000000086d00000|100%| O|  |TAMS 0x0000000086d00000, 0x0000000086c00000| Untracked 
| 109|0x0000000086d00000, 0x0000000086e00000, 0x0000000086e00000|100%| O|  |TAMS 0x0000000086e00000, 0x0000000086d00000| Complete 
| 110|0x0000000086e00000, 0x0000000086f00000, 0x0000000086f00000|100%| O|  |TAMS 0x0000000086f00000, 0x0000000086e00000| Complete 
| 111|0x0000000086f00000, 0x0000000086f7e600, 0x0000000087000000| 49%| O|  |TAMS 0x0000000086f7e600, 0x0000000086f00000| Untracked 
| 112|0x0000000087000000, 0x0000000087100000, 0x0000000087100000|100%| O|  |TAMS 0x0000000087100000, 0x0000000087000000| Complete 
| 113|0x0000000087100000, 0x0000000087200000, 0x0000000087200000|100%| O|  |TAMS 0x0000000087200000, 0x0000000087100000| Complete 
| 114|0x0000000087200000, 0x0000000087300000, 0x0000000087300000|100%| O|  |TAMS 0x0000000087300000, 0x0000000087200000| Untracked 
| 115|0x0000000087300000, 0x0000000087400000, 0x0000000087400000|100%| O|  |TAMS 0x0000000087400000, 0x0000000087300000| Untracked 
| 116|0x0000000087400000, 0x0000000087500000, 0x0000000087500000|100%| O|  |TAMS 0x0000000087500000, 0x0000000087400000| Untracked 
| 117|0x0000000087500000, 0x0000000087600000, 0x0000000087600000|100%| O|  |TAMS 0x0000000087600000, 0x0000000087500000| Complete 
| 118|0x0000000087600000, 0x0000000087700000, 0x0000000087700000|100%| O|  |TAMS 0x0000000087700000, 0x0000000087600000| Complete 
| 119|0x0000000087700000, 0x0000000087700000, 0x0000000087800000|  0%| F|  |TAMS 0x0000000087700000, 0x0000000087700000| Untracked 
| 120|0x0000000087800000, 0x0000000087800000, 0x0000000087900000|  0%| F|  |TAMS 0x0000000087800000, 0x0000000087800000| Untracked 
| 121|0x0000000087900000, 0x0000000087a00000, 0x0000000087a00000|100%| O|  |TAMS 0x0000000087a00000, 0x0000000087900000| Untracked 
| 122|0x0000000087a00000, 0x0000000087b00000, 0x0000000087b00000|100%| O|  |TAMS 0x0000000087b00000, 0x0000000087a00000| Untracked 
| 123|0x0000000087b00000, 0x0000000087b00000, 0x0000000087c00000|  0%| F|  |TAMS 0x0000000087b00000, 0x0000000087b00000| Untracked 
| 124|0x0000000087c00000, 0x0000000087c00000, 0x0000000087d00000|  0%| F|  |TAMS 0x0000000087c00000, 0x0000000087c00000| Untracked 
| 125|0x0000000087d00000, 0x0000000087d00000, 0x0000000087e00000|  0%| F|  |TAMS 0x0000000087d00000, 0x0000000087d00000| Untracked 
| 126|0x0000000087e00000, 0x0000000087e00000, 0x0000000087f00000|  0%| F|  |TAMS 0x0000000087e00000, 0x0000000087e00000| Untracked 
| 127|0x0000000087f00000, 0x0000000087f00000, 0x0000000088000000|  0%| F|  |TAMS 0x0000000087f00000, 0x0000000087f00000| Untracked 
| 128|0x0000000088000000, 0x0000000088000000, 0x0000000088100000|  0%| F|  |TAMS 0x0000000088000000, 0x0000000088000000| Untracked 
| 129|0x0000000088100000, 0x0000000088100000, 0x0000000088200000|  0%| F|  |TAMS 0x0000000088100000, 0x0000000088100000| Untracked 
| 130|0x0000000088200000, 0x0000000088200000, 0x0000000088300000|  0%| F|  |TAMS 0x0000000088200000, 0x0000000088200000| Untracked 
| 131|0x0000000088300000, 0x0000000088300000, 0x0000000088400000|  0%| F|  |TAMS 0x0000000088300000, 0x0000000088300000| Untracked 
| 132|0x0000000088400000, 0x0000000088400000, 0x0000000088500000|  0%| F|  |TAMS 0x0000000088400000, 0x0000000088400000| Untracked 
| 133|0x0000000088500000, 0x0000000088500000, 0x0000000088600000|  0%| F|  |TAMS 0x0000000088500000, 0x0000000088500000| Untracked 
| 134|0x0000000088600000, 0x0000000088700000, 0x0000000088700000|100%| O|  |TAMS 0x0000000088700000, 0x0000000088600000| Complete 
| 135|0x0000000088700000, 0x0000000088800000, 0x0000000088800000|100%| O|  |TAMS 0x0000000088800000, 0x0000000088700000| Untracked 
| 136|0x0000000088800000, 0x0000000088800000, 0x0000000088900000|  0%| F|  |TAMS 0x0000000088800000, 0x0000000088800000| Untracked 
| 137|0x0000000088900000, 0x0000000088900000, 0x0000000088a00000|  0%| F|  |TAMS 0x0000000088900000, 0x0000000088900000| Untracked 
| 138|0x0000000088a00000, 0x0000000088a00000, 0x0000000088b00000|  0%| F|  |TAMS 0x0000000088a00000, 0x0000000088a00000| Untracked 
| 139|0x0000000088b00000, 0x0000000088b00000, 0x0000000088c00000|  0%| F|  |TAMS 0x0000000088b00000, 0x0000000088b00000| Untracked 
| 140|0x0000000088c00000, 0x0000000088c00000, 0x0000000088d00000|  0%| F|  |TAMS 0x0000000088c00000, 0x0000000088c00000| Untracked 
| 141|0x0000000088d00000, 0x0000000088d00000, 0x0000000088e00000|  0%| F|  |TAMS 0x0000000088d00000, 0x0000000088d00000| Untracked 
| 142|0x0000000088e00000, 0x0000000088e00000, 0x0000000088f00000|  0%| F|  |TAMS 0x0000000088e00000, 0x0000000088e00000| Untracked 
| 143|0x0000000088f00000, 0x0000000088f00000, 0x0000000089000000|  0%| F|  |TAMS 0x0000000088f00000, 0x0000000088f00000| Untracked 
| 144|0x0000000089000000, 0x0000000089000000, 0x0000000089100000|  0%| F|  |TAMS 0x0000000089000000, 0x0000000089000000| Untracked 
| 145|0x0000000089100000, 0x0000000089100000, 0x0000000089200000|  0%| F|  |TAMS 0x0000000089100000, 0x0000000089100000| Untracked 
| 146|0x0000000089200000, 0x0000000089200000, 0x0000000089300000|  0%| F|  |TAMS 0x0000000089200000, 0x0000000089200000| Untracked 
| 147|0x0000000089300000, 0x0000000089300000, 0x0000000089400000|  0%| F|  |TAMS 0x0000000089300000, 0x0000000089300000| Untracked 
| 148|0x0000000089400000, 0x0000000089400000, 0x0000000089500000|  0%| F|  |TAMS 0x0000000089400000, 0x0000000089400000| Untracked 
| 149|0x0000000089500000, 0x0000000089500000, 0x0000000089600000|  0%| F|  |TAMS 0x0000000089500000, 0x0000000089500000| Untracked 
| 150|0x0000000089600000, 0x0000000089600000, 0x0000000089700000|  0%| F|  |TAMS 0x0000000089600000, 0x0000000089600000| Untracked 
| 151|0x0000000089700000, 0x0000000089700000, 0x0000000089800000|  0%| F|  |TAMS 0x0000000089700000, 0x0000000089700000| Untracked 
| 152|0x0000000089800000, 0x0000000089800000, 0x0000000089900000|  0%| F|  |TAMS 0x0000000089800000, 0x0000000089800000| Untracked 
| 153|0x0000000089900000, 0x0000000089900000, 0x0000000089a00000|  0%| F|  |TAMS 0x0000000089900000, 0x0000000089900000| Untracked 
| 154|0x0000000089a00000, 0x0000000089ae5cf8, 0x0000000089b00000| 89%| S|CS|TAMS 0x0000000089a00000, 0x0000000089a00000| Complete 
| 155|0x0000000089b00000, 0x0000000089c00000, 0x0000000089c00000|100%| S|CS|TAMS 0x0000000089b00000, 0x0000000089b00000| Complete 
| 156|0x0000000089c00000, 0x0000000089d00000, 0x0000000089d00000|100%| S|CS|TAMS 0x0000000089c00000, 0x0000000089c00000| Complete 
| 157|0x0000000089d00000, 0x0000000089e00000, 0x0000000089e00000|100%| S|CS|TAMS 0x0000000089d00000, 0x0000000089d00000| Complete 
| 158|0x0000000089e00000, 0x0000000089f00000, 0x0000000089f00000|100%| S|CS|TAMS 0x0000000089e00000, 0x0000000089e00000| Complete 
| 159|0x0000000089f00000, 0x000000008a000000, 0x000000008a000000|100%| S|CS|TAMS 0x0000000089f00000, 0x0000000089f00000| Complete 
| 160|0x000000008a000000, 0x000000008a100000, 0x000000008a100000|100%| S|CS|TAMS 0x000000008a000000, 0x000000008a000000| Complete 
| 161|0x000000008a100000, 0x000000008a100000, 0x000000008a200000|  0%| F|  |TAMS 0x000000008a100000, 0x000000008a100000| Untracked 
| 162|0x000000008a200000, 0x000000008a200000, 0x000000008a300000|  0%| F|  |TAMS 0x000000008a200000, 0x000000008a200000| Untracked 
| 163|0x000000008a300000, 0x000000008a300000, 0x000000008a400000|  0%| F|  |TAMS 0x000000008a300000, 0x000000008a300000| Untracked 
| 164|0x000000008a400000, 0x000000008a400000, 0x000000008a500000|  0%| F|  |TAMS 0x000000008a400000, 0x000000008a400000| Untracked 
| 165|0x000000008a500000, 0x000000008a500000, 0x000000008a600000|  0%| F|  |TAMS 0x000000008a500000, 0x000000008a500000| Untracked 
| 166|0x000000008a600000, 0x000000008a600000, 0x000000008a700000|  0%| F|  |TAMS 0x000000008a600000, 0x000000008a600000| Untracked 
| 167|0x000000008a700000, 0x000000008a700000, 0x000000008a800000|  0%| F|  |TAMS 0x000000008a700000, 0x000000008a700000| Untracked 
| 168|0x000000008a800000, 0x000000008a800000, 0x000000008a900000|  0%| F|  |TAMS 0x000000008a800000, 0x000000008a800000| Untracked 
| 169|0x000000008a900000, 0x000000008a900000, 0x000000008aa00000|  0%| F|  |TAMS 0x000000008a900000, 0x000000008a900000| Untracked 
| 170|0x000000008aa00000, 0x000000008aa00000, 0x000000008ab00000|  0%| F|  |TAMS 0x000000008aa00000, 0x000000008aa00000| Untracked 
| 171|0x000000008ab00000, 0x000000008ab00000, 0x000000008ac00000|  0%| F|  |TAMS 0x000000008ab00000, 0x000000008ab00000| Untracked 
| 172|0x000000008ac00000, 0x000000008ac00000, 0x000000008ad00000|  0%| F|  |TAMS 0x000000008ac00000, 0x000000008ac00000| Untracked 
| 173|0x000000008ad00000, 0x000000008ad00000, 0x000000008ae00000|  0%| F|  |TAMS 0x000000008ad00000, 0x000000008ad00000| Untracked 
| 174|0x000000008ae00000, 0x000000008ae00000, 0x000000008af00000|  0%| F|  |TAMS 0x000000008ae00000, 0x000000008ae00000| Untracked 
| 175|0x000000008af00000, 0x000000008af00000, 0x000000008b000000|  0%| F|  |TAMS 0x000000008af00000, 0x000000008af00000| Untracked 
| 176|0x000000008b000000, 0x000000008b000000, 0x000000008b100000|  0%| F|  |TAMS 0x000000008b000000, 0x000000008b000000| Untracked 
| 177|0x000000008b100000, 0x000000008b100000, 0x000000008b200000|  0%| F|  |TAMS 0x000000008b100000, 0x000000008b100000| Untracked 
| 178|0x000000008b200000, 0x000000008b200000, 0x000000008b300000|  0%| F|  |TAMS 0x000000008b200000, 0x000000008b200000| Untracked 
| 179|0x000000008b300000, 0x000000008b300000, 0x000000008b400000|  0%| F|  |TAMS 0x000000008b300000, 0x000000008b300000| Untracked 
| 180|0x000000008b400000, 0x000000008b400000, 0x000000008b500000|  0%| F|  |TAMS 0x000000008b400000, 0x000000008b400000| Untracked 
| 181|0x000000008b500000, 0x000000008b500000, 0x000000008b600000|  0%| F|  |TAMS 0x000000008b500000, 0x000000008b500000| Untracked 
| 182|0x000000008b600000, 0x000000008b600000, 0x000000008b700000|  0%| F|  |TAMS 0x000000008b600000, 0x000000008b600000| Untracked 
| 183|0x000000008b700000, 0x000000008b700000, 0x000000008b800000|  0%| F|  |TAMS 0x000000008b700000, 0x000000008b700000| Untracked 
| 184|0x000000008b800000, 0x000000008b800000, 0x000000008b900000|  0%| F|  |TAMS 0x000000008b800000, 0x000000008b800000| Untracked 
| 185|0x000000008b900000, 0x000000008b900000, 0x000000008ba00000|  0%| F|  |TAMS 0x000000008b900000, 0x000000008b900000| Untracked 
| 186|0x000000008ba00000, 0x000000008ba00000, 0x000000008bb00000|  0%| F|  |TAMS 0x000000008ba00000, 0x000000008ba00000| Untracked 
| 187|0x000000008bb00000, 0x000000008bb00000, 0x000000008bc00000|  0%| F|  |TAMS 0x000000008bb00000, 0x000000008bb00000| Untracked 
| 188|0x000000008bc00000, 0x000000008bc00000, 0x000000008bd00000|  0%| F|  |TAMS 0x000000008bc00000, 0x000000008bc00000| Untracked 
| 189|0x000000008bd00000, 0x000000008bd5a370, 0x000000008be00000| 35%| E|  |TAMS 0x000000008bd00000, 0x000000008bd00000| Complete 
| 190|0x000000008be00000, 0x000000008bf00000, 0x000000008bf00000|100%| E|CS|TAMS 0x000000008be00000, 0x000000008be00000| Complete 
| 191|0x000000008bf00000, 0x000000008c000000, 0x000000008c000000|100%| E|CS|TAMS 0x000000008bf00000, 0x000000008bf00000| Complete 
| 192|0x000000008c000000, 0x000000008c100000, 0x000000008c100000|100%| E|CS|TAMS 0x000000008c000000, 0x000000008c000000| Complete 
| 193|0x000000008c100000, 0x000000008c200000, 0x000000008c200000|100%| E|CS|TAMS 0x000000008c100000, 0x000000008c100000| Complete 
| 194|0x000000008c200000, 0x000000008c300000, 0x000000008c300000|100%| E|CS|TAMS 0x000000008c200000, 0x000000008c200000| Complete 
| 195|0x000000008c300000, 0x000000008c400000, 0x000000008c400000|100%| E|CS|TAMS 0x000000008c300000, 0x000000008c300000| Complete 
| 196|0x000000008c400000, 0x000000008c500000, 0x000000008c500000|100%| E|  |TAMS 0x000000008c400000, 0x000000008c400000| Complete 
| 197|0x000000008c500000, 0x000000008c600000, 0x000000008c600000|100%| E|CS|TAMS 0x000000008c500000, 0x000000008c500000| Complete 
| 198|0x000000008c600000, 0x000000008c700000, 0x000000008c700000|100%| E|CS|TAMS 0x000000008c600000, 0x000000008c600000| Complete 
| 199|0x000000008c700000, 0x000000008c800000, 0x000000008c800000|100%| E|CS|TAMS 0x000000008c700000, 0x000000008c700000| Complete 
| 200|0x000000008c800000, 0x000000008c900000, 0x000000008c900000|100%| E|CS|TAMS 0x000000008c800000, 0x000000008c800000| Complete 
| 201|0x000000008c900000, 0x000000008ca00000, 0x000000008ca00000|100%| E|CS|TAMS 0x000000008c900000, 0x000000008c900000| Complete 
| 202|0x000000008ca00000, 0x000000008cb00000, 0x000000008cb00000|100%| E|CS|TAMS 0x000000008ca00000, 0x000000008ca00000| Complete 
| 203|0x000000008cb00000, 0x000000008cc00000, 0x000000008cc00000|100%| E|CS|TAMS 0x000000008cb00000, 0x000000008cb00000| Complete 
| 204|0x000000008cc00000, 0x000000008cd00000, 0x000000008cd00000|100%| E|CS|TAMS 0x000000008cc00000, 0x000000008cc00000| Complete 
| 205|0x000000008cd00000, 0x000000008ce00000, 0x000000008ce00000|100%| E|CS|TAMS 0x000000008cd00000, 0x000000008cd00000| Complete 
| 206|0x000000008ce00000, 0x000000008cf00000, 0x000000008cf00000|100%| E|CS|TAMS 0x000000008ce00000, 0x000000008ce00000| Complete 
| 207|0x000000008cf00000, 0x000000008d000000, 0x000000008d000000|100%| E|CS|TAMS 0x000000008cf00000, 0x000000008cf00000| Complete 
| 208|0x000000008d000000, 0x000000008d100000, 0x000000008d100000|100%| E|CS|TAMS 0x000000008d000000, 0x000000008d000000| Complete 
| 209|0x000000008d100000, 0x000000008d200000, 0x000000008d200000|100%| E|CS|TAMS 0x000000008d100000, 0x000000008d100000| Complete 
| 210|0x000000008d200000, 0x000000008d300000, 0x000000008d300000|100%| E|CS|TAMS 0x000000008d200000, 0x000000008d200000| Complete 
| 211|0x000000008d300000, 0x000000008d400000, 0x000000008d400000|100%| E|CS|TAMS 0x000000008d300000, 0x000000008d300000| Complete 
| 212|0x000000008d400000, 0x000000008d500000, 0x000000008d500000|100%| E|CS|TAMS 0x000000008d400000, 0x000000008d400000| Complete 
| 213|0x000000008d500000, 0x000000008d600000, 0x000000008d600000|100%| E|CS|TAMS 0x000000008d500000, 0x000000008d500000| Complete 
| 214|0x000000008d600000, 0x000000008d700000, 0x000000008d700000|100%| E|CS|TAMS 0x000000008d600000, 0x000000008d600000| Complete 
| 215|0x000000008d700000, 0x000000008d800000, 0x000000008d800000|100%| E|CS|TAMS 0x000000008d700000, 0x000000008d700000| Complete 
| 216|0x000000008d800000, 0x000000008d900000, 0x000000008d900000|100%| E|CS|TAMS 0x000000008d800000, 0x000000008d800000| Complete 
| 217|0x000000008d900000, 0x000000008da00000, 0x000000008da00000|100%| E|CS|TAMS 0x000000008d900000, 0x000000008d900000| Complete 
| 218|0x000000008da00000, 0x000000008db00000, 0x000000008db00000|100%| E|CS|TAMS 0x000000008da00000, 0x000000008da00000| Complete 
| 219|0x000000008db00000, 0x000000008dc00000, 0x000000008dc00000|100%| E|CS|TAMS 0x000000008db00000, 0x000000008db00000| Complete 

Card table byte_map: [0x0000024bdaff0000,0x0000024bdb3f0000] _byte_map_base: 0x0000024bdabf0000

Marking Bits (Prev, Next): (CMBitMap*) 0x0000024bc631d560, (CMBitMap*) 0x0000024bc631d528
 Prev Bits: [0x0000024bdd7f0000, 0x0000024bdf7f0000)
 Next Bits: [0x0000024bdb7f0000, 0x0000024bdd7f0000)

Polling page: 0x0000024bc63c0000

Metaspace:

Usage:
  Non-class:    112.40 MB capacity,   109.96 MB ( 98%) used,     1.96 MB (  2%) free+waste,   490.19 KB ( <1%) overhead. 
      Class:     16.98 MB capacity,    15.50 MB ( 91%) used,     1.27 MB (  7%) free+waste,   211.88 KB (  1%) overhead. 
       Both:    129.38 MB capacity,   125.47 MB ( 97%) used,     3.23 MB (  2%) free+waste,   702.06 KB ( <1%) overhead. 

Virtual space:
  Non-class space:      114.00 MB reserved,     112.95 MB (>99%) committed 
      Class space:        1.00 GB reserved,      17.17 MB (  2%) committed 
             Both:        1.11 GB reserved,     130.12 MB ( 11%) committed 

Chunk freelists:
   Non-Class:  434.00 KB
       Class:  138.00 KB
        Both:  572.00 KB

MaxMetaspaceSize: 17179869184.00 GB
CompressedClassSpaceSize: 1.00 GB
Initial GC threshold: 20.80 MB
Current GC threshold: 216.86 MB
CDS: off

CodeHeap 'non-profiled nmethods': size=120064Kb used=20903Kb max_used=20903Kb free=99160Kb
 bounds [0x0000024bd3080000, 0x0000024bd44f0000, 0x0000024bda5c0000]
CodeHeap 'profiled nmethods': size=120000Kb used=57327Kb max_used=57327Kb free=62672Kb
 bounds [0x0000024bcbb50000, 0x0000024bcf360000, 0x0000024bd3080000]
CodeHeap 'non-nmethods': size=5696Kb used=2490Kb max_used=2568Kb free=3205Kb
 bounds [0x0000024bcb5c0000, 0x0000024bcb850000, 0x0000024bcbb50000]
 total_blobs=26154 nmethods=25130 adapters=934
 compilation: enabled
              stopped_count=0, restarted_count=0
 full_count=0

Compilation events (20 events):
Event: 8147.918 Thread 0x0000024be1e65800 28576       2       com.android.tools.r8.graph.Z0$$Lambda$1503/0x0000000100f62c40::test (8 bytes)
Event: 8147.918 Thread 0x0000024be1e65800 nmethod 28576 0x0000024bcf349310 code [0x0000024bcf3494c0, 0x0000024bcf3495f8]
Event: 8147.918 Thread 0x0000024be1e65800 28577       2       com.android.tools.r8.graph.Z0$$Lambda$1504/0x0000000100f63040::apply (11 bytes)
Event: 8147.918 Thread 0x0000024be1e65800 nmethod 28577 0x0000024bcf349710 code [0x0000024bcf3498c0, 0x0000024bcf3499f8]
Event: 8147.918 Thread 0x0000024be1e65800 28578       2       com.android.tools.r8.graph.Z0$$Lambda$1505/0x0000000100f63440::apply (11 bytes)
Event: 8147.918 Thread 0x0000024be1e65800 nmethod 28578 0x0000024bcf349b10 code [0x0000024bcf349cc0, 0x0000024bcf349df8]
Event: 8147.918 Thread 0x0000024be1e65800 28579       2       com.android.tools.r8.graph.Z0$$Lambda$1519/0x0000000100f66c40::apply (8 bytes)
Event: 8147.918 Thread 0x0000024be1e65800 nmethod 28579 0x0000024bcf349f10 code [0x0000024bcf34a0c0, 0x0000024bcf34a1f8]
Event: 8147.918 Thread 0x0000024be1e65800 28581       2       com.android.tools.r8.graph.L2::a (42 bytes)
Event: 8147.919 Thread 0x0000024be1e65800 nmethod 28581 0x0000024bcf34a310 code [0x0000024bcf34a520, 0x0000024bcf34ab18]
Event: 8147.919 Thread 0x0000024be1e65800 28583       2       com.android.tools.r8.graph.j3$$Lambda$1578/0x0000000100f75c40::apply (16 bytes)
Event: 8147.919 Thread 0x0000024be1e65800 nmethod 28583 0x0000024bcf34ae10 code [0x0000024bcf34afc0, 0x0000024bcf34b128]
Event: 8147.919 Thread 0x0000024be1e65800 28584       2       com.android.tools.r8.graph.j3::a (381 bytes)
Event: 8147.920 Thread 0x0000024be1e65800 nmethod 28584 0x0000024bcf34b210 code [0x0000024bcf34b540, 0x0000024bcf34beb8]
Event: 8147.920 Thread 0x0000024be1e65800 28580       2       com.android.tools.r8.graph.O::H (2 bytes)
Event: 8147.920 Thread 0x0000024be1e65800 nmethod 28580 0x0000024bcf34c890 code [0x0000024bcf34ca40, 0x0000024bcf34cb38]
Event: 8147.920 Thread 0x0000024be1e65800 28585       2       com.android.tools.r8.graph.j3::c (112 bytes)
Event: 8147.921 Thread 0x0000024be1e65800 nmethod 28585 0x0000024bcf34cc10 code [0x0000024bcf34ce80, 0x0000024bcf34d548]
Event: 8147.921 Thread 0x0000024be1e65800 28582       2       com.android.tools.r8.synthesis.p$$Lambda$1569/0x0000000100f73440::get$Lambda (9 bytes)
Event: 8147.921 Thread 0x0000024be1e65800 nmethod 28582 0x0000024bcf34da10 code [0x0000024bcf34dbc0, 0x0000024bcf34dd38]

GC Heap History (20 events):
Event: 7987.244 GC heap before
{Heap before GC invocations=108 (full 0):
 garbage-first heap   total 225280K, used 174924K [0x0000000080000000, 0x0000000100000000)
  region size 1024K, 68 young (69632K), 2 survivors (2048K)
 Metaspace       used 128065K, capacity 132079K, committed 132984K, reserved 1165312K
  class space    used 15868K, capacity 17375K, committed 17580K, reserved 1048576K
}
Event: 7987.254 GC heap after
{Heap after GC invocations=109 (full 0):
 garbage-first heap   total 225280K, used 111582K [0x0000000080000000, 0x0000000100000000)
  region size 1024K, 5 young (5120K), 5 survivors (5120K)
 Metaspace       used 128065K, capacity 132079K, committed 132984K, reserved 1165312K
  class space    used 15868K, capacity 17375K, committed 17580K, reserved 1048576K
}
Event: 7987.810 GC heap before
{Heap before GC invocations=110 (full 0):
 garbage-first heap   total 225280K, used 180190K [0x0000000080000000, 0x0000000100000000)
  region size 1024K, 71 young (72704K), 5 survivors (5120K)
 Metaspace       used 128084K, capacity 132080K, committed 132984K, reserved 1165312K
  class space    used 15868K, capacity 17375K, committed 17580K, reserved 1048576K
}
Event: 7987.821 GC heap after
{Heap after GC invocations=111 (full 0):
 garbage-first heap   total 225280K, used 114692K [0x0000000080000000, 0x0000000100000000)
  region size 1024K, 8 young (8192K), 8 survivors (8192K)
 Metaspace       used 128084K, capacity 132080K, committed 132984K, reserved 1165312K
  class space    used 15868K, capacity 17375K, committed 17580K, reserved 1048576K
}
Event: 7987.851 GC heap before
{Heap before GC invocations=111 (full 0):
 garbage-first heap   total 225280K, used 116740K [0x0000000080000000, 0x0000000100000000)
  region size 1024K, 11 young (11264K), 8 survivors (8192K)
 Metaspace       used 128084K, capacity 132080K, committed 132984K, reserved 1165312K
  class space    used 15868K, capacity 17375K, committed 17580K, reserved 1048576K
}
Event: 7987.864 GC heap after
{Heap after GC invocations=112 (full 0):
 garbage-first heap   total 225280K, used 115338K [0x0000000080000000, 0x0000000100000000)
  region size 1024K, 2 young (2048K), 2 survivors (2048K)
 Metaspace       used 128084K, capacity 132080K, committed 132984K, reserved 1165312K
  class space    used 15868K, capacity 17375K, committed 17580K, reserved 1048576K
}
Event: 7987.865 GC heap before
{Heap before GC invocations=112 (full 0):
 garbage-first heap   total 225280K, used 115338K [0x0000000080000000, 0x0000000100000000)
  region size 1024K, 3 young (3072K), 2 survivors (2048K)
 Metaspace       used 128084K, capacity 132080K, committed 132984K, reserved 1165312K
  class space    used 15868K, capacity 17375K, committed 17580K, reserved 1048576K
}
Event: 7987.869 GC heap after
{Heap after GC invocations=113 (full 0):
 garbage-first heap   total 225280K, used 114802K [0x0000000080000000, 0x0000000100000000)
  region size 1024K, 2 young (2048K), 2 survivors (2048K)
 Metaspace       used 128084K, capacity 132080K, committed 132984K, reserved 1165312K
  class space    used 15868K, capacity 17375K, committed 17580K, reserved 1048576K
}
Event: 8120.026 GC heap before
{Heap before GC invocations=114 (full 0):
 garbage-first heap   total 225280K, used 192626K [0x0000000080000000, 0x0000000100000000)
  region size 1024K, 53 young (54272K), 2 survivors (2048K)
 Metaspace       used 128128K, capacity 132094K, committed 132984K, reserved 1165312K
  class space    used 15870K, capacity 17378K, committed 17580K, reserved 1048576K
}
Event: 8120.029 GC heap after
{Heap after GC invocations=115 (full 0):
 garbage-first heap   total 225280K, used 114202K [0x0000000080000000, 0x0000000100000000)
  region size 1024K, 1 young (1024K), 1 survivors (1024K)
 Metaspace       used 128128K, capacity 132094K, committed 132984K, reserved 1165312K
  class space    used 15870K, capacity 17378K, committed 17580K, reserved 1048576K
}
Event: 8120.239 GC heap before
{Heap before GC invocations=115 (full 0):
 garbage-first heap   total 225280K, used 124442K [0x0000000080000000, 0x0000000100000000)
  region size 1024K, 11 young (11264K), 1 survivors (1024K)
 Metaspace       used 128138K, capacity 132094K, committed 132984K, reserved 1165312K
  class space    used 15870K, capacity 17378K, committed 17580K, reserved 1048576K
}
Event: 8120.318 GC heap after
{Heap after GC invocations=116 (full 0):
 garbage-first heap   total 225280K, used 115943K [0x0000000080000000, 0x0000000100000000)
  region size 1024K, 2 young (2048K), 2 survivors (2048K)
 Metaspace       used 128138K, capacity 132094K, committed 132984K, reserved 1165312K
  class space    used 15870K, capacity 17378K, committed 17580K, reserved 1048576K
}
Event: 8120.673 GC heap before
{Heap before GC invocations=116 (full 0):
 garbage-first heap   total 225280K, used 171239K [0x0000000080000000, 0x0000000100000000)
  region size 1024K, 57 young (58368K), 2 survivors (2048K)
 Metaspace       used 128244K, capacity 132297K, committed 132984K, reserved 1165312K
  class space    used 15870K, capacity 17379K, committed 17580K, reserved 1048576K
}
Event: 8120.684 GC heap after
{Heap after GC invocations=117 (full 0):
 garbage-first heap   total 225280K, used 122029K [0x0000000080000000, 0x0000000100000000)
  region size 1024K, 8 young (8192K), 8 survivors (8192K)
 Metaspace       used 128244K, capacity 132297K, committed 132984K, reserved 1165312K
  class space    used 15870K, capacity 17379K, committed 17580K, reserved 1048576K
}
Event: 8144.403 GC heap before
{Heap before GC invocations=118 (full 0):
 garbage-first heap   total 225280K, used 199853K [0x0000000080000000, 0x0000000100000000)
  region size 1024K, 61 young (62464K), 8 survivors (8192K)
 Metaspace       used 128334K, capacity 132394K, committed 133240K, reserved 1165312K
  class space    used 15874K, capacity 17384K, committed 17580K, reserved 1048576K
}
Event: 8144.422 GC heap after
{Heap after GC invocations=119 (full 0):
 garbage-first heap   total 225280K, used 122803K [0x0000000080000000, 0x0000000100000000)
  region size 1024K, 2 young (2048K), 2 survivors (2048K)
 Metaspace       used 128334K, capacity 132394K, committed 133240K, reserved 1165312K
  class space    used 15874K, capacity 17384K, committed 17580K, reserved 1048576K
}
Event: 8144.617 GC heap before
{Heap before GC invocations=119 (full 0):
 garbage-first heap   total 225280K, used 130995K [0x0000000080000000, 0x0000000100000000)
  region size 1024K, 11 young (11264K), 2 survivors (2048K)
 Metaspace       used 128336K, capacity 132394K, committed 133240K, reserved 1165312K
  class space    used 15874K, capacity 17384K, committed 17580K, reserved 1048576K
}
Event: 8144.649 GC heap after
{Heap after GC invocations=120 (full 0):
 garbage-first heap   total 225280K, used 117665K [0x0000000080000000, 0x0000000100000000)
  region size 1024K, 2 young (2048K), 2 survivors (2048K)
 Metaspace       used 128336K, capacity 132394K, committed 133240K, reserved 1165312K
  class space    used 15874K, capacity 17384K, committed 17580K, reserved 1048576K
}
Event: 8145.467 GC heap before
{Heap before GC invocations=120 (full 0):
 garbage-first heap   total 225280K, used 175009K [0x0000000080000000, 0x0000000100000000)
  region size 1024K, 59 young (60416K), 2 survivors (2048K)
 Metaspace       used 128403K, capacity 132403K, committed 133240K, reserved 1165312K
  class space    used 15875K, capacity 17385K, committed 17580K, reserved 1048576K
}
Event: 8145.488 GC heap after
{Heap after GC invocations=121 (full 0):
 garbage-first heap   total 225280K, used 123280K [0x0000000080000000, 0x0000000100000000)
  region size 1024K, 7 young (7168K), 7 survivors (7168K)
 Metaspace       used 128403K, capacity 132403K, committed 133240K, reserved 1165312K
  class space    used 15875K, capacity 17385K, committed 17580K, reserved 1048576K
}

Deoptimization events (20 events):
Event: 8147.740 Thread 0x0000024bf14ab800 Uncommon trap: trap_request=0xffffffbe fr.pc=0x0000024bd4470a5c relative=0x00000000000057dc
Event: 8147.740 Thread 0x0000024bf14ab800 Uncommon trap: reason=profile_predicate action=maybe_recompile pc=0x0000024bd4470a5c method=com.android.tools.r8.internal.B.putAll(Ljava/util/Map;)V @ 31 c2
Event: 8147.740 Thread 0x0000024bf14ab800 DEOPT PACKING pc=0x0000024bd4470a5c sp=0x000000a5843fc100
Event: 8147.740 Thread 0x0000024bf14ab800 DEOPT UNPACKING pc=0x0000024bcb60a1af sp=0x000000a5843fc020 mode 2
Event: 8147.741 Thread 0x0000024bf14ab800 Uncommon trap: trap_request=0xffffffde fr.pc=0x0000024bd3c89d40 relative=0x0000000000002cc0
Event: 8147.741 Thread 0x0000024bf14ab800 Uncommon trap: reason=class_check action=maybe_recompile pc=0x0000024bd3c89d40 method=com.android.tools.r8.internal.sT.b(Lcom/android/tools/r8/internal/Ko;)V @ 255 c2
Event: 8147.741 Thread 0x0000024bf14ab800 DEOPT PACKING pc=0x0000024bd3c89d40 sp=0x000000a5843fc500
Event: 8147.741 Thread 0x0000024bf14ab800 DEOPT UNPACKING pc=0x0000024bcb60a1af sp=0x000000a5843fc500 mode 2
Event: 8147.789 Thread 0x0000024bf14ab800 Uncommon trap: trap_request=0xffffffbe fr.pc=0x0000024bd4470a5c relative=0x00000000000057dc
Event: 8147.789 Thread 0x0000024bf14ab800 Uncommon trap: reason=profile_predicate action=maybe_recompile pc=0x0000024bd4470a5c method=com.android.tools.r8.internal.B.putAll(Ljava/util/Map;)V @ 31 c2
Event: 8147.789 Thread 0x0000024bf14ab800 DEOPT PACKING pc=0x0000024bd4470a5c sp=0x000000a5843fc100
Event: 8147.789 Thread 0x0000024bf14ab800 DEOPT UNPACKING pc=0x0000024bcb60a1af sp=0x000000a5843fc020 mode 2
Event: 8147.789 Thread 0x0000024bf14ab800 Uncommon trap: trap_request=0xffffffbe fr.pc=0x0000024bd4470a5c relative=0x00000000000057dc
Event: 8147.789 Thread 0x0000024bf14ab800 Uncommon trap: reason=profile_predicate action=maybe_recompile pc=0x0000024bd4470a5c method=com.android.tools.r8.internal.B.putAll(Ljava/util/Map;)V @ 31 c2
Event: 8147.789 Thread 0x0000024bf14ab800 DEOPT PACKING pc=0x0000024bd4470a5c sp=0x000000a5843fc100
Event: 8147.789 Thread 0x0000024bf14ab800 DEOPT UNPACKING pc=0x0000024bcb60a1af sp=0x000000a5843fc020 mode 2
Event: 8147.789 Thread 0x0000024bf14ab800 Uncommon trap: trap_request=0xffffffbe fr.pc=0x0000024bd4470a5c relative=0x00000000000057dc
Event: 8147.789 Thread 0x0000024bf14ab800 Uncommon trap: reason=profile_predicate action=maybe_recompile pc=0x0000024bd4470a5c method=com.android.tools.r8.internal.B.putAll(Ljava/util/Map;)V @ 31 c2
Event: 8147.789 Thread 0x0000024bf14ab800 DEOPT PACKING pc=0x0000024bd4470a5c sp=0x000000a5843fc100
Event: 8147.789 Thread 0x0000024bf14ab800 DEOPT UNPACKING pc=0x0000024bcb60a1af sp=0x000000a5843fc020 mode 2

Classes redefined (0 events):
No events

Internal exceptions (20 events):
Event: 8120.846 Thread 0x0000024be63be800 Exception <a 'java/lang/InterruptedException'{0x000000008d348ec0}> (0x000000008d348ec0) thrown at [./src/hotspot/share/runtime/objectMonitor.cpp, line 1635]
Event: 8121.770 Thread 0x0000024be63c5800 Exception <a 'sun/nio/fs/WindowsException'{0x000000008c58b1e0}> (0x000000008c58b1e0) thrown at [./src/hotspot/share/prims/jni.cpp, line 615]
Event: 8121.791 Thread 0x0000024be63c5800 Exception <a 'sun/nio/fs/WindowsException'{0x000000008c37a8e0}> (0x000000008c37a8e0) thrown at [./src/hotspot/share/prims/jni.cpp, line 615]
Event: 8121.824 Thread 0x0000024be63c9800 Exception <a 'sun/nio/fs/WindowsException'{0x000000008c128f90}> (0x000000008c128f90) thrown at [./src/hotspot/share/prims/jni.cpp, line 615]
Event: 8121.853 Thread 0x0000024be63c9800 Exception <a 'sun/nio/fs/WindowsException'{0x000000008bfc8130}> (0x000000008bfc8130) thrown at [./src/hotspot/share/prims/jni.cpp, line 615]
Event: 8122.137 Thread 0x0000024bf14a1000 Exception <a 'sun/nio/fs/WindowsException'{0x000000008be5e5a0}> (0x000000008be5e5a0) thrown at [./src/hotspot/share/prims/jni.cpp, line 615]
Event: 8122.137 Thread 0x0000024bf14a1000 Exception <a 'sun/nio/fs/WindowsException'{0x000000008be5e718}> (0x000000008be5e718) thrown at [./src/hotspot/share/prims/jni.cpp, line 615]
Event: 8122.137 Thread 0x0000024bf14a1000 Exception <a 'sun/nio/fs/WindowsException'{0x000000008be60098}> (0x000000008be60098) thrown at [./src/hotspot/share/prims/jni.cpp, line 615]
Event: 8144.699 Thread 0x0000024bf14a1000 Implicit null exception at 0x0000024bd35cbb01 to 0x0000024bd35cbf42
Event: 8144.736 Thread 0x0000024bf14a1000 Exception <a 'sun/nio/fs/WindowsException'{0x000000008cf082c8}> (0x000000008cf082c8) thrown at [./src/hotspot/share/prims/jni.cpp, line 615]
Event: 8144.925 Thread 0x0000024bf14a1000 Exception <a 'sun/nio/fs/WindowsException'{0x000000008c2b8a08}> (0x000000008c2b8a08) thrown at [./src/hotspot/share/prims/jni.cpp, line 615]
Event: 8144.937 Thread 0x0000024bf14a1000 Exception <a 'sun/nio/fs/WindowsException'{0x000000008c152520}> (0x000000008c152520) thrown at [./src/hotspot/share/prims/jni.cpp, line 615]
Event: 8144.938 Thread 0x0000024bf14a1000 Exception <a 'sun/nio/fs/WindowsException'{0x000000008c153788}> (0x000000008c153788) thrown at [./src/hotspot/share/prims/jni.cpp, line 615]
Event: 8144.938 Thread 0x0000024bf14a1000 Exception <a 'sun/nio/fs/WindowsException'{0x000000008c154a40}> (0x000000008c154a40) thrown at [./src/hotspot/share/prims/jni.cpp, line 615]
Event: 8144.938 Thread 0x0000024bf14a1000 Exception <a 'sun/nio/fs/WindowsException'{0x000000008c155cf8}> (0x000000008c155cf8) thrown at [./src/hotspot/share/prims/jni.cpp, line 615]
Event: 8145.639 Thread 0x0000024bf14aa000 Exception <a 'java/lang/InterruptedException'{0x000000008d89dfb8}> (0x000000008d89dfb8) thrown at [./src/hotspot/share/runtime/objectMonitor.cpp, line 1635]
Event: 8147.729 Thread 0x0000024bf14ab800 Exception <a 'sun/nio/fs/WindowsException'{0x000000008ca20f88}> (0x000000008ca20f88) thrown at [./src/hotspot/share/prims/jni.cpp, line 615]
Event: 8147.804 Thread 0x0000024bf14ab800 Exception <a 'sun/nio/fs/WindowsException'{0x000000008c8cbf90}> (0x000000008c8cbf90) thrown at [./src/hotspot/share/prims/jni.cpp, line 615]
Event: 8147.890 Thread 0x0000024bf14ab800 Exception <a 'sun/nio/fs/WindowsException'{0x000000008c6dcaf0}> (0x000000008c6dcaf0) thrown at [./src/hotspot/share/prims/jni.cpp, line 615]
Event: 8147.924 Thread 0x0000024bf14ab800 Exception <a 'sun/nio/fs/WindowsException'{0x000000008c39bab0}> (0x000000008c39bab0) thrown at [./src/hotspot/share/prims/jni.cpp, line 615]

Events (20 events):
Event: 8147.652 Executing VM operation: RevokeBias
Event: 8147.652 Executing VM operation: RevokeBias done
Event: 8147.723 Thread 0x0000024bf14ab800 Thread added: 0x0000024bf14ab800
Event: 8147.724 Thread 0x0000024bf14ae000 Thread added: 0x0000024bf14ae000
Event: 8147.724 Thread 0x0000024bf14a8800 Thread added: 0x0000024bf14a8800
Event: 8147.726 Thread 0x0000024be78a1000 Thread added: 0x0000024be78a1000
Event: 8147.726 Thread 0x0000024be78a4800 Thread added: 0x0000024be78a4800
Event: 8147.726 Executing VM operation: RevokeBias
Event: 8147.727 Executing coalesced safepoint VM operation: RevokeBias
Event: 8147.727 Executing coalesced safepoint VM operation: RevokeBias done
Event: 8147.727 Executing VM operation: RevokeBias done
Event: 8147.743 Thread 0x0000024be4bcd000 Thread added: 0x0000024be4bcd000
Event: 8147.825 Executing VM operation: RevokeBias
Event: 8147.825 Executing VM operation: RevokeBias done
Event: 8147.884 Executing VM operation: RevokeBias
Event: 8147.885 Executing VM operation: RevokeBias done
Event: 8147.885 Executing VM operation: RevokeBias
Event: 8147.886 Executing VM operation: RevokeBias done
Event: 8147.890 Executing VM operation: RevokeBias
Event: 8147.891 Executing VM operation: RevokeBias done


Dynamic libraries:
0x00007ff72bea0000 - 0x00007ff72beaa000 	C:\Program Files\Android\Android Studio\jre\bin\java.exe
0x00007ffffd730000 - 0x00007ffffd928000 	C:\Windows\SYSTEM32\ntdll.dll
0x00007ffffc270000 - 0x00007ffffc32d000 	C:\Windows\System32\KERNEL32.DLL
0x00007ffffb070000 - 0x00007ffffb33e000 	C:\Windows\System32\KERNELBASE.dll
0x00007ffffb340000 - 0x00007ffffb440000 	C:\Windows\System32\ucrtbase.dll
0x00007ffff0730000 - 0x00007ffff0747000 	C:\Program Files\Android\Android Studio\jre\bin\VCRUNTIME140.dll
0x00007ffff0660000 - 0x00007ffff0679000 	C:\Program Files\Android\Android Studio\jre\bin\jli.dll
0x00007ffffc9a0000 - 0x00007ffffcb40000 	C:\Windows\System32\USER32.dll
0x00007ffffb600000 - 0x00007ffffb622000 	C:\Windows\System32\win32u.dll
0x00007ffffd6c0000 - 0x00007ffffd6ea000 	C:\Windows\System32\GDI32.dll
0x00007fffe5ef0000 - 0x00007fffe618a000 	C:\Windows\WinSxS\amd64_microsoft.windows.common-controls_6595b64144ccf1df_6.0.19041.1110_none_60b5254171f9507e\COMCTL32.dll
0x00007ffffb4f0000 - 0x00007ffffb5fb000 	C:\Windows\System32\gdi32full.dll
0x00007ffffb790000 - 0x00007ffffb82e000 	C:\Windows\System32\msvcrt.dll
0x00007ffffae50000 - 0x00007ffffaeed000 	C:\Windows\System32\msvcp_win.dll
0x00007ffffbb40000 - 0x00007ffffbb70000 	C:\Windows\System32\IMM32.DLL
0x00007fffe6ed0000 - 0x00007fffe6f6d000 	C:\Program Files\Android\Android Studio\jre\bin\msvcp140.dll
0x00007fffc8bc0000 - 0x00007fffc96a5000 	C:\Program Files\Android\Android Studio\jre\bin\server\jvm.dll
0x00007ffffbca0000 - 0x00007ffffbd4e000 	C:\Windows\System32\ADVAPI32.dll
0x00007ffffc1d0000 - 0x00007ffffc26c000 	C:\Windows\System32\sechost.dll
0x00007ffffce40000 - 0x00007ffffcf65000 	C:\Windows\System32\RPCRT4.dll
0x00007ffffc550000 - 0x00007ffffc558000 	C:\Windows\System32\PSAPI.DLL
0x00007fffde310000 - 0x00007fffde319000 	C:\Windows\SYSTEM32\WSOCK32.dll
0x00007fffe5ec0000 - 0x00007fffe5ee7000 	C:\Windows\SYSTEM32\WINMM.dll
0x00007ffffc470000 - 0x00007ffffc4db000 	C:\Windows\System32\WS2_32.dll
0x00007ffff22f0000 - 0x00007ffff22fa000 	C:\Windows\SYSTEM32\VERSION.dll
0x00007ffff8d50000 - 0x00007ffff8d62000 	C:\Windows\SYSTEM32\kernel.appcore.dll
0x00007ffff49e0000 - 0x00007ffff49f1000 	C:\Program Files\Android\Android Studio\jre\bin\verify.dll
0x00007fffe1230000 - 0x00007fffe1414000 	C:\Windows\SYSTEM32\DBGHELP.DLL
0x00007fffe0e50000 - 0x00007fffe0e7c000 	C:\Windows\SYSTEM32\dbgcore.DLL
0x00007ffffaef0000 - 0x00007ffffaf72000 	C:\Windows\System32\bcryptPrimitives.dll
0x00007ffff4650000 - 0x00007ffff4679000 	C:\Program Files\Android\Android Studio\jre\bin\java.dll
0x00007ffff5d50000 - 0x00007ffff5d5b000 	C:\Program Files\Android\Android Studio\jre\bin\jimage.dll
0x00007ffff48b0000 - 0x00007ffff48c8000 	C:\Program Files\Android\Android Studio\jre\bin\zip.dll
0x00007ffffcf70000 - 0x00007ffffd6b4000 	C:\Windows\System32\SHELL32.dll
0x00007ffff8f50000 - 0x00007ffff96e4000 	C:\Windows\SYSTEM32\windows.storage.dll
0x00007ffffc640000 - 0x00007ffffc994000 	C:\Windows\System32\combase.dll
0x00007ffffa7e0000 - 0x00007ffffa810000 	C:\Windows\SYSTEM32\Wldp.dll
0x00007ffffccc0000 - 0x00007ffffcd6d000 	C:\Windows\System32\SHCORE.dll
0x00007ffffcb40000 - 0x00007ffffcb95000 	C:\Windows\System32\shlwapi.dll
0x00007ffffad90000 - 0x00007ffffadaf000 	C:\Windows\SYSTEM32\profapi.dll
0x00007ffff46a0000 - 0x00007ffff46ba000 	C:\Program Files\Android\Android Studio\jre\bin\net.dll
0x00007fffebc20000 - 0x00007fffebd2a000 	C:\Windows\SYSTEM32\WINHTTP.dll
0x00007ffffa540000 - 0x00007ffffa5aa000 	C:\Windows\system32\mswsock.dll
0x00007ffff1f80000 - 0x00007ffff1f94000 	C:\Program Files\Android\Android Studio\jre\bin\nio.dll
0x00007fffe9fb0000 - 0x00007fffe9fd7000 	C:\Users\ducke\.gradle\native\e1d6ef7f7dcc3fd88c89a11ec53ec762bb8ba0a96d01ffa2cd45eb1d1d8dd5c5\windows-amd64\native-platform.dll
0x00007fffd52d0000 - 0x00007fffd5414000 	C:\Users\ducke\.gradle\native\5664cfc778a61ccfe75a443a1ab52a65af34e5dc3c78e0209fed803814484fcb\windows-amd64\native-platform-file-events.dll
0x00007ffff68e0000 - 0x00007ffff68ea000 	C:\Program Files\Android\Android Studio\jre\bin\management.dll
0x00007ffff5cf0000 - 0x00007ffff5cfd000 	C:\Program Files\Android\Android Studio\jre\bin\management_ext.dll
0x00007ffffa740000 - 0x00007ffffa758000 	C:\Windows\SYSTEM32\CRYPTSP.dll
0x00007ffff9ec0000 - 0x00007ffff9ef4000 	C:\Windows\system32\rsaenh.dll
0x00007ffffb040000 - 0x00007ffffb067000 	C:\Windows\System32\bcrypt.dll
0x00007ffffad50000 - 0x00007ffffad7e000 	C:\Windows\SYSTEM32\USERENV.dll
0x00007ffffa730000 - 0x00007ffffa73c000 	C:\Windows\SYSTEM32\CRYPTBASE.dll
0x00007ffffa230000 - 0x00007ffffa26b000 	C:\Windows\SYSTEM32\IPHLPAPI.DLL
0x00007ffffc1c0000 - 0x00007ffffc1c8000 	C:\Windows\System32\NSI.dll
0x00007ffff3490000 - 0x00007ffff34a7000 	C:\Windows\SYSTEM32\dhcpcsvc6.DLL
0x00007ffff3470000 - 0x00007ffff348d000 	C:\Windows\SYSTEM32\dhcpcsvc.DLL
0x00007ffffa270000 - 0x00007ffffa33a000 	C:\Windows\SYSTEM32\DNSAPI.dll
0x00007ffff9b50000 - 0x00007ffff9b83000 	C:\Windows\SYSTEM32\ntmarta.dll
0x00007ffff1470000 - 0x00007ffff148e000 	C:\Users\ducke\AppData\Local\Temp\native-platform10174727667755519399dir\native-platform.dll
0x00007ffff5b00000 - 0x00007ffff5b08000 	C:\Program Files\Android\Android Studio\jre\bin\rmi.dll
0x00007fffea9b0000 - 0x00007fffea9c7000 	C:\Windows\system32\napinsp.dll
0x00007fffea9d0000 - 0x00007fffea9eb000 	C:\Windows\system32\pnrpnsp.dll
0x00007fffea9f0000 - 0x00007fffeaa05000 	C:\Windows\system32\wshbth.dll
0x00007ffff68b0000 - 0x00007ffff68cd000 	C:\Windows\system32\NLAapi.dll
0x00007fffeab30000 - 0x00007fffeab42000 	C:\Windows\System32\winrnr.dll
0x0000000061ad0000 - 0x0000000061af6000 	C:\Program Files\Bonjour\mdnsNSP.dll
0x00007ffff2080000 - 0x00007ffff208a000 	C:\Windows\System32\rasadhlp.dll
0x00007fffeafe0000 - 0x00007fffeb060000 	C:\Windows\System32\fwpuclnt.dll
0x00007ffff1d40000 - 0x00007ffff1d67000 	C:\Program Files\Android\Android Studio\jre\bin\sunec.dll

dbghelp: loaded successfully - version: 4.0.5 - missing functions: none
symbol engine: initialized successfully - sym options: 0x614 - pdb path: .;C:\Program Files\Android\Android Studio\jre\bin;C:\Windows\SYSTEM32;C:\Windows\WinSxS\amd64_microsoft.windows.common-controls_6595b64144ccf1df_6.0.19041.1110_none_60b5254171f9507e;C:\Program Files\Android\Android Studio\jre\bin\server;C:\Users\ducke\.gradle\native\e1d6ef7f7dcc3fd88c89a11ec53ec762bb8ba0a96d01ffa2cd45eb1d1d8dd5c5\windows-amd64;C:\Users\ducke\.gradle\native\5664cfc778a61ccfe75a443a1ab52a65af34e5dc3c78e0209fed803814484fcb\windows-amd64;C:\Users\ducke\AppData\Local\Temp\native-platform10174727667755519399dir;C:\Program Files\Bonjour

VM Arguments:
jvm_args: --add-opens=java.base/java.util=ALL-UNNAMED --add-opens=java.base/java.lang=ALL-UNNAMED --add-opens=java.base/java.lang.invoke=ALL-UNNAMED --add-opens=java.base/java.util=ALL-UNNAMED --add-opens=java.prefs/java.util.prefs=ALL-UNNAMED --add-opens=java.prefs/java.util.prefs=ALL-UNNAMED --add-opens=java.base/java.nio.charset=ALL-UNNAMED --add-opens=java.base/java.net=ALL-UNNAMED --add-opens=java.base/java.util.concurrent.atomic=ALL-UNNAMED -Xmx2048m -Dfile.encoding=UTF-8 -Duser.country=US -Duser.language=en -Duser.variant 
java_command: org.gradle.launcher.daemon.bootstrap.GradleDaemon 7.3.3
java_class_path (initial): C:\Users\ducke\.gradle\wrapper\dists\gradle-7.3.3-bin\6a41zxkdtcxs8rphpq6y0069z\gradle-7.3.3\lib\gradle-launcher-7.3.3.jar
Launcher Type: SUN_STANDARD

[Global flags]
     intx CICompilerCount                          = 3                                         {product} {ergonomic}
     uint ConcGCThreads                            = 1                                         {product} {ergonomic}
     uint G1ConcRefinementThreads                  = 4                                         {product} {ergonomic}
   size_t G1HeapRegionSize                         = 1048576                                   {product} {ergonomic}
    uintx GCDrainStackTargetSize                   = 64                                        {product} {ergonomic}
   size_t InitialHeapSize                          = 132120576                                 {product} {ergonomic}
   size_t MarkStackSize                            = 4194304                                   {product} {ergonomic}
   size_t MaxHeapSize                              = 2147483648                                {product} {command line}
   size_t MaxNewSize                               = 1287651328                                {product} {ergonomic}
   size_t MinHeapDeltaBytes                        = 1048576                                   {product} {ergonomic}
    uintx NonNMethodCodeHeapSize                   = 5830732                                {pd product} {ergonomic}
    uintx NonProfiledCodeHeapSize                  = 122913754                              {pd product} {ergonomic}
    uintx ProfiledCodeHeapSize                     = 122913754                              {pd product} {ergonomic}
    uintx ReservedCodeCacheSize                    = 251658240                              {pd product} {ergonomic}
     bool SegmentedCodeCache                       = true                                      {product} {ergonomic}
     bool UseCompressedClassPointers               = true                                 {lp64_product} {ergonomic}
     bool UseCompressedOops                        = true                                 {lp64_product} {ergonomic}
     bool UseG1GC                                  = true                                      {product} {ergonomic}
     bool UseLargePagesIndividualAllocation        = false                                  {pd product} {ergonomic}

Logging:
Log output configuration:
 #0: stdout all=warning uptime,level,tags
 #1: stderr all=off uptime,level,tags

Environment Variables:
JAVA_HOME=C:\Program Files\Java\jdk1.8.0_45\bin
PATH=C:\ProgramData\Oracle\Java\javapath;C:\Windows\system32;C:\Windows;C:\Windows\System32\Wbem;C:\Windows\System32\WindowsPowerShell\v1.0\;C:\Windows\System32\OpenSSH\;C:\Program Files (x86)\NVIDIA Corporation\PhysX\Common;C:\Program Files\dotnet\;C:\Program Files\Git\cmd;F:\nodejs\;C:\Program Files\Cloudflare\Cloudflare WARP\;C:\ProgramData\Oracle\Java\javapath;C:\Windows\system32;C:\Windows;C:\Windows\System32\Wbem;C:\Windows\System32\WindowsPowerShell\v1.0\;C:\Windows\System32\OpenSSH\;C:\Program Files\Microsoft SQL Server\Client SDK\ODBC\170\Tools\Binn\;C:\Program Files (x86)\Microsoft SQL Server\150\Tools\Binn\;C:\Program Files\Microsoft SQL Server\150\Tools\Binn\;C:\Program Files\Microsoft SQL Server\150\DTS\Binn\;C:\Program Files (x86)\Microsoft SQL Server\150\DTS\Binn\;C:\Program Files (x86)\NVIDIA Corporation\PhysX\Common;C:\Program Files\dotnet\;C:\Program Files (x86)\Microsoft SQL Server\90\Tools\binn\;C:\Program Files\Git\cmd;C:\Users\ducke\AppData\Local\Microsoft\WindowsApps;C:\Program Files\Azure Data Studio\bin;C:\Program Files\Java\jdk1.8.0_45\bin;C:\Program Files\JetBrains\IntelliJ IDEA Community Edition 2021.3.1\bin;;C:\Users\ducke\AppData\Local\Programs\Python\Python310\;C:\Users\ducke\AppData\Local\Programs\Python\Python310\Scripts\;;E:\vscode\Microsoft VS Code\bin;E:\vscode\Microsoft VS Code\bin;C:\Users\ducke\AppData\Roaming\npm
USERNAME=ducke
OS=Windows_NT
PROCESSOR_IDENTIFIER=Intel64 Family 6 Model 158 Stepping 9, GenuineIntel



---------------  S Y S T E M  ---------------

OS: Windows 10 , 64 bit Build 19041 (10.0.19041.1889)
OS uptime: 14 days 3:10 hours

CPU:total 4 (initial active 4) (4 cores per cpu, 1 threads per core) family 6 model 158 stepping 9 microcode 0xb4, cmov, cx8, fxsr, mmx, sse, sse2, sse3, ssse3, sse4.1, sse4.2, popcnt, avx, avx2, aes, clmul, erms, 3dnowpref, lzcnt, tsc, tscinvbit, bmi1, bmi2, adx, fma

Memory: 4k page, system-wide physical 8054M (541M free)
TotalPageFile size 12150M (AvailPageFile size 11M)
current process WorkingSet (physical memory assigned to process): 525M, peak: 545M
current process commit charge ("private bytes"): 627M, peak: 664M

vm_info: OpenJDK 64-Bit Server VM (11.0.12+7-b1504.28-7817840) for windows-amd64 JRE (11.0.12+7-b1504.28-7817840), built on Oct 13 2021 22:12:33 by "builder" with MS VC++ 14.0 (VS2015)

END.
