#
# There is insufficient memory for the Java Runtime Environment to continue.
# Native memory allocation (malloc) failed to allocate 931936 bytes for Chunk::new
# Possible reasons:
#   The system is out of physical RAM or swap space
#   The process is running with CompressedOops enabled, and the Java Heap may be blocking the growth of the native heap
# Possible solutions:
#   Reduce memory load on the system
#   Increase physical memory or swap space
#   Check if swap backing store is full
#   Decrease Java heap size (-Xmx/-Xms)
#   Decrease number of Java threads
#   Decrease Java thread stack sizes (-Xss)
#   Set larger code cache with -XX:ReservedCodeCacheSize=
#   JVM is running with Unscaled Compressed Oops mode in which the Java heap is
#     placed in the first 4GB address space. The Java Heap base address is the
#     maximum limit for the native heap growth. Please use -XX:HeapBaseMinAddress
#     to set the Java Heap base and to place the Java Heap above 4GB virtual address.
# This output file may be truncated or incomplete.
#
#  Out of Memory Error (./src/hotspot/share/memory/arena.cpp:197), pid=7868, tid=5132
#
# JRE version: OpenJDK Runtime Environment (11.0.12+7) (build 11.0.12+7-b1504.28-7817840)
# Java VM: OpenJDK 64-Bit Server VM (11.0.12+7-b1504.28-7817840, mixed mode, tiered, compressed oops, g1 gc, windows-amd64)
# No core dump will be written. Minidumps are not enabled by default on client versions of Windows
#

---------------  S U M M A R Y ------------

Command Line: --add-opens=java.base/java.util=ALL-UNNAMED --add-opens=java.base/java.lang=ALL-UNNAMED --add-opens=java.base/java.lang.invoke=ALL-UNNAMED --add-opens=java.base/java.util=ALL-UNNAMED --add-opens=java.prefs/java.util.prefs=ALL-UNNAMED --add-opens=java.prefs/java.util.prefs=ALL-UNNAMED --add-opens=java.base/java.nio.charset=ALL-UNNAMED --add-opens=java.base/java.net=ALL-UNNAMED --add-opens=java.base/java.util.concurrent.atomic=ALL-UNNAMED -Xmx2048m -Dfile.encoding=UTF-8 -Duser.country=US -Duser.language=en -Duser.variant org.gradle.launcher.daemon.bootstrap.GradleDaemon 7.3.3

Host: Intel(R) Core(TM) i5-7300HQ CPU @ 2.50GHz, 4 cores, 7G,  Windows 10 , 64 bit Build 19041 (10.0.19041.1889)
Time: Thu Sep 15 23:54:22 2022 SE Asia Standard Time elapsed time: 1283.329380 seconds (0d 0h 21m 23s)

---------------  T H R E A D  ---------------

Current thread (0x00000280a3b01000):  JavaThread "C2 CompilerThread0" daemon [_thread_in_native, id=5132, stack(0x0000008109b00000,0x0000008109c00000)]


Current CompileTask:
C2:1283329 21897       4       com.android.tools.r8.internal.g8::a (1151 bytes)

Stack: [0x0000008109b00000,0x0000008109c00000]
Native frames: (J=compiled Java code, j=interpreted, Vv=VM code, C=native code)
V  [jvm.dll+0x5fbcea]
V  [jvm.dll+0x731905]
V  [jvm.dll+0x732f1d]
V  [jvm.dll+0x7335d3]
V  [jvm.dll+0x247bf8]
V  [jvm.dll+0xc018c]
V  [jvm.dll+0xc06cc]
V  [jvm.dll+0x2bcc04]
V  [jvm.dll+0x5113a8]
V  [jvm.dll+0x2018ec]
V  [jvm.dll+0x1ff71f]
V  [jvm.dll+0x18868c]
V  [jvm.dll+0x20e0d7]
V  [jvm.dll+0x20c901]
V  [jvm.dll+0x6f9b7f]
V  [jvm.dll+0x6f26a5]
V  [jvm.dll+0x5fabf6]
C  [ucrtbase.dll+0x21bb2]
C  [KERNEL32.DLL+0x17034]
C  [ntdll.dll+0x52651]


---------------  P R O C E S S  ---------------

Threads class SMR info:
_java_thread_list=0x00000280ae2394a0, length=89, elements={
0x0000028087ecc000, 0x00000280a3adc800, 0x00000280a3ae0000, 0x00000280a3af8800,
0x00000280a3afb800, 0x00000280a3afd800, 0x00000280a3b01000, 0x00000280a3b06000,
0x00000280a3b0a000, 0x00000280a45b1000, 0x00000280a6cc3000, 0x00000280a4b53800,
0x00000280a6f08800, 0x00000280a6cb0000, 0x00000280a6cad000, 0x00000280a6caf000,
0x00000280a6cad800, 0x00000280a6cac000, 0x00000280a6cb2800, 0x00000280a7bcb800,
0x00000280a7bd2000, 0x00000280a7bcd800, 0x00000280a7bcd000, 0x00000280a7bcc000,
0x00000280a9c97000, 0x00000280a4801800, 0x00000280a4800000, 0x00000280a47fe800,
0x00000280a47fd000, 0x00000280a4804000, 0x00000280a4801000, 0x00000280a4803800,
0x00000280a47ff000, 0x00000280a4808000, 0x00000280a4805000, 0x00000280a4807800,
0x00000280a4802800, 0x00000280a480b800, 0x00000280a480a000, 0x00000280a4805800,
0x00000280a4806800, 0x00000280a4809000, 0x00000280a9c94800, 0x00000280a9c91000,
0x00000280a9c97800, 0x00000280a9c95000, 0x00000280a9c96000, 0x00000280a9c93800,
0x00000280a9c92000, 0x00000280a9c98800, 0x00000280a9c92800, 0x00000280a9c9e000,
0x00000280a9c9b800, 0x00000280a9c9c800, 0x00000280a9c9f000, 0x00000280a9c9b000,
0x00000280a9c99000, 0x00000280a9c9f800, 0x00000280a9c9a000, 0x00000280a548b000,
0x00000280a548c000, 0x00000280a548c800, 0x00000280a5489800, 0x00000280a548d800,
0x00000280a5488800, 0x00000280a5495000, 0x00000280a5490800, 0x00000280a548f000,
0x00000280a5491800, 0x00000280a5492800, 0x00000280a5493000, 0x00000280a5495800,
0x00000280a5490000, 0x00000280a5496800, 0x00000280a5497800, 0x00000280a5494000,
0x00000280a7bd2800, 0x00000280a7bd0000, 0x00000280a7bd5000, 0x00000280a7bcf800,
0x00000280a7bd6000, 0x00000280a7bd6800, 0x00000280a7bd1000, 0x00000280a7bd7800,
0x00000280a7bd8800, 0x00000280a7bd9000, 0x00000280a7bd3800, 0x00000280a6cb1800,
0x00000280a6cae800
}

Java Threads: ( => current thread )
  0x0000028087ecc000 JavaThread "main" [_thread_blocked, id=10660, stack(0x0000008108f00000,0x0000008109000000)]
  0x00000280a3adc800 JavaThread "Reference Handler" daemon [_thread_blocked, id=10544, stack(0x0000008109600000,0x0000008109700000)]
  0x00000280a3ae0000 JavaThread "Finalizer" daemon [_thread_blocked, id=6376, stack(0x0000008109700000,0x0000008109800000)]
  0x00000280a3af8800 JavaThread "Signal Dispatcher" daemon [_thread_blocked, id=8816, stack(0x0000008109800000,0x0000008109900000)]
  0x00000280a3afb800 JavaThread "Attach Listener" daemon [_thread_blocked, id=10516, stack(0x0000008109900000,0x0000008109a00000)]
  0x00000280a3afd800 JavaThread "Service Thread" daemon [_thread_blocked, id=9136, stack(0x0000008109a00000,0x0000008109b00000)]
=>0x00000280a3b01000 JavaThread "C2 CompilerThread0" daemon [_thread_in_native, id=5132, stack(0x0000008109b00000,0x0000008109c00000)]
  0x00000280a3b06000 JavaThread "C1 CompilerThread0" daemon [_thread_in_native, id=10132, stack(0x0000008109c00000,0x0000008109d00000)]
  0x00000280a3b0a000 JavaThread "Sweeper thread" daemon [_thread_blocked, id=11236, stack(0x0000008109d00000,0x0000008109e00000)]
  0x00000280a45b1000 JavaThread "Common-Cleaner" daemon [_thread_blocked, id=3100, stack(0x0000008109e00000,0x0000008109f00000)]
  0x00000280a6cc3000 JavaThread "Daemon health stats" [_thread_blocked, id=9868, stack(0x000000810a400000,0x000000810a500000)]
  0x00000280a4b53800 JavaThread "Incoming local TCP Connector on port 57302" [_thread_in_native, id=4608, stack(0x000000810a000000,0x000000810a100000)]
  0x00000280a6f08800 JavaThread "Daemon periodic checks" [_thread_blocked, id=9776, stack(0x000000810a500000,0x000000810a600000)]
  0x00000280a6cb0000 JavaThread "Cache worker for journal cache (C:\Users\ducke\.gradle\caches\journal-1)" [_thread_blocked, id=10448, stack(0x000000810af00000,0x000000810b000000)]
  0x00000280a6cad000 JavaThread "File lock request listener" [_thread_in_native, id=11972, stack(0x000000810b000000,0x000000810b100000)]
  0x00000280a6caf000 JavaThread "Cache worker for file hash cache (C:\Users\ducke\.gradle\caches\7.3.3\fileHashes)" [_thread_blocked, id=2524, stack(0x000000810b100000,0x000000810b200000)]
  0x00000280a6cad800 JavaThread "File watcher server" daemon [_thread_in_native, id=11108, stack(0x000000810b300000,0x000000810b400000)]
  0x00000280a6cac000 JavaThread "File watcher consumer" daemon [_thread_blocked, id=11876, stack(0x000000810b400000,0x000000810b500000)]
  0x00000280a6cb2800 JavaThread "jar transforms" [_thread_blocked, id=3464, stack(0x000000810b500000,0x000000810b600000)]
  0x00000280a7bcb800 JavaThread "jar transforms Thread 2" [_thread_blocked, id=9388, stack(0x000000810b600000,0x000000810b700000)]
  0x00000280a7bd2000 JavaThread "jar transforms Thread 3" [_thread_blocked, id=4036, stack(0x000000810b700000,0x000000810b800000)]
  0x00000280a7bcd800 JavaThread "jar transforms Thread 4" [_thread_blocked, id=11780, stack(0x000000810b800000,0x000000810b900000)]
  0x00000280a7bcd000 JavaThread "Cache worker for execution history cache (C:\Users\ducke\.gradle\caches\7.3.3\executionHistory)" [_thread_blocked, id=8004, stack(0x000000810bc00000,0x000000810bd00000)]
  0x00000280a7bcc000 JavaThread "Cache worker for file content cache (C:\Users\ducke\.gradle\caches\7.3.3\fileContent)" [_thread_blocked, id=10552, stack(0x000000810bd00000,0x000000810be00000)]
  0x00000280a9c97000 JavaThread "Memory manager" [_thread_blocked, id=11348, stack(0x000000810e800000,0x000000810e900000)]
  0x00000280a4801800 JavaThread "Daemon Thread 4" [_thread_blocked, id=8180, stack(0x0000008108d00000,0x0000008108e00000)]
  0x00000280a4800000 JavaThread "Handler for socket connection from /127.0.0.1:57302 to /127.0.0.1:56001" [_thread_in_native, id=5712, stack(0x0000008108e00000,0x0000008108f00000)]
  0x00000280a47fe800 JavaThread "Cancel handler" [_thread_blocked, id=10568, stack(0x000000810a600000,0x000000810a700000)]
  0x00000280a47fd000 JavaThread "Daemon worker Thread 4" [_thread_blocked, id=3736, stack(0x000000810a700000,0x000000810a800000)]
  0x00000280a4804000 JavaThread "Asynchronous log dispatcher for DefaultDaemonConnection: socket connection from /127.0.0.1:57302 to /127.0.0.1:56001" [_thread_blocked, id=1420, stack(0x000000810a800000,0x000000810a900000)]
  0x00000280a4801000 JavaThread "Stdin handler" [_thread_blocked, id=8176, stack(0x000000810a900000,0x000000810aa00000)]
  0x00000280a4803800 JavaThread "Daemon client event forwarder" [_thread_blocked, id=7036, stack(0x000000810aa00000,0x000000810ab00000)]
  0x00000280a47ff000 JavaThread "Cache worker for file hash cache (C:\Users\ducke\AndroidStudioProjects\ShopingApp\.gradle\7.3.3\fileHashes)" [_thread_blocked, id=12244, stack(0x000000810ab00000,0x000000810ac00000)]
  0x00000280a4808000 JavaThread "Cache worker for checksums cache (C:\Users\ducke\AndroidStudioProjects\ShopingApp\.gradle\7.3.3\checksums)" [_thread_blocked, id=2104, stack(0x000000810ac00000,0x000000810ad00000)]
  0x00000280a4805000 JavaThread "Cache worker for cache directory md-supplier (C:\Users\ducke\.gradle\caches\7.3.3\md-supplier)" [_thread_blocked, id=8372, stack(0x000000810ad00000,0x000000810ae00000)]
  0x00000280a4807800 JavaThread "Cache worker for cache directory md-rule (C:\Users\ducke\.gradle\caches\7.3.3\md-rule)" [_thread_blocked, id=3980, stack(0x000000810b200000,0x000000810b300000)]
  0x00000280a4802800 JavaThread "Cache worker for dependencies-accessors (C:\Users\ducke\AndroidStudioProjects\ShopingApp\.gradle\7.3.3\dependencies-accessors)" [_thread_blocked, id=11608, stack(0x000000810b900000,0x000000810ba00000)]
  0x00000280a480b800 JavaThread "Cache worker for Build Output Cleanup Cache (C:\Users\ducke\AndroidStudioProjects\ShopingApp\.gradle\buildOutputCleanup)" [_thread_blocked, id=3572, stack(0x000000810ba00000,0x000000810bb00000)]
  0x00000280a480a000 JavaThread "Unconstrained build operations" [_thread_blocked, id=824, stack(0x000000810be00000,0x000000810bf00000)]
  0x00000280a4805800 JavaThread "Unconstrained build operations Thread 2" [_thread_blocked, id=9928, stack(0x000000810bf00000,0x000000810c000000)]
  0x00000280a4806800 JavaThread "Unconstrained build operations Thread 3" [_thread_blocked, id=2740, stack(0x000000810c000000,0x000000810c100000)]
  0x00000280a4809000 JavaThread "Unconstrained build operations Thread 4" [_thread_blocked, id=11284, stack(0x000000810c100000,0x000000810c200000)]
  0x00000280a9c94800 JavaThread "Unconstrained build operations Thread 5" [_thread_blocked, id=11724, stack(0x000000810c200000,0x000000810c300000)]
  0x00000280a9c91000 JavaThread "Unconstrained build operations Thread 6" [_thread_blocked, id=10988, stack(0x000000810c300000,0x000000810c400000)]
  0x00000280a9c97800 JavaThread "Unconstrained build operations Thread 7" [_thread_blocked, id=3596, stack(0x000000810c400000,0x000000810c500000)]
  0x00000280a9c95000 JavaThread "Unconstrained build operations Thread 8" [_thread_blocked, id=7988, stack(0x000000810c500000,0x000000810c600000)]
  0x00000280a9c96000 JavaThread "Unconstrained build operations Thread 9" [_thread_blocked, id=8924, stack(0x000000810c600000,0x000000810c700000)]
  0x00000280a9c93800 JavaThread "Unconstrained build operations Thread 10" [_thread_blocked, id=3496, stack(0x000000810c700000,0x000000810c800000)]
  0x00000280a9c92000 JavaThread "Unconstrained build operations Thread 11" [_thread_blocked, id=4468, stack(0x000000810c800000,0x000000810c900000)]
  0x00000280a9c98800 JavaThread "Unconstrained build operations Thread 12" [_thread_blocked, id=5152, stack(0x000000810c900000,0x000000810ca00000)]
  0x00000280a9c92800 JavaThread "Unconstrained build operations Thread 13" [_thread_blocked, id=11896, stack(0x000000810ca00000,0x000000810cb00000)]
  0x00000280a9c9e000 JavaThread "Unconstrained build operations Thread 14" [_thread_blocked, id=5920, stack(0x000000810cb00000,0x000000810cc00000)]
  0x00000280a9c9b800 JavaThread "Unconstrained build operations Thread 15" [_thread_blocked, id=8936, stack(0x000000810cc00000,0x000000810cd00000)]
  0x00000280a9c9c800 JavaThread "Unconstrained build operations Thread 16" [_thread_blocked, id=8980, stack(0x000000810cd00000,0x000000810ce00000)]
  0x00000280a9c9f000 JavaThread "Unconstrained build operations Thread 17" [_thread_blocked, id=8788, stack(0x000000810ce00000,0x000000810cf00000)]
  0x00000280a9c9b000 JavaThread "Unconstrained build operations Thread 18" [_thread_blocked, id=7920, stack(0x000000810cf00000,0x000000810d000000)]
  0x00000280a9c99000 JavaThread "Unconstrained build operations Thread 19" [_thread_blocked, id=11092, stack(0x000000810d000000,0x000000810d100000)]
  0x00000280a9c9f800 JavaThread "Unconstrained build operations Thread 20" [_thread_blocked, id=7692, stack(0x000000810d100000,0x000000810d200000)]
  0x00000280a9c9a000 JavaThread "Unconstrained build operations Thread 21" [_thread_blocked, id=1084, stack(0x000000810d200000,0x000000810d300000)]
  0x00000280a548b000 JavaThread "Unconstrained build operations Thread 22" [_thread_blocked, id=9440, stack(0x000000810d300000,0x000000810d400000)]
  0x00000280a548c000 JavaThread "Unconstrained build operations Thread 23" [_thread_blocked, id=8384, stack(0x000000810d400000,0x000000810d500000)]
  0x00000280a548c800 JavaThread "Unconstrained build operations Thread 24" [_thread_blocked, id=7704, stack(0x000000810d500000,0x000000810d600000)]
  0x00000280a5489800 JavaThread "Unconstrained build operations Thread 25" [_thread_blocked, id=7516, stack(0x000000810d600000,0x000000810d700000)]
  0x00000280a548d800 JavaThread "Unconstrained build operations Thread 26" [_thread_in_Java, id=6224, stack(0x000000810d700000,0x000000810d800000)]
  0x00000280a5488800 JavaThread "Unconstrained build operations Thread 27" [_thread_blocked, id=6084, stack(0x000000810d800000,0x000000810d900000)]
  0x00000280a5495000 JavaThread "Unconstrained build operations Thread 28" [_thread_blocked, id=2172, stack(0x000000810d900000,0x000000810da00000)]
  0x00000280a5490800 JavaThread "Unconstrained build operations Thread 29" [_thread_blocked, id=9292, stack(0x000000810da00000,0x000000810db00000)]
  0x00000280a548f000 JavaThread "Unconstrained build operations Thread 30" [_thread_blocked, id=9500, stack(0x000000810db00000,0x000000810dc00000)]
  0x00000280a5491800 JavaThread "Unconstrained build operations Thread 31" [_thread_blocked, id=4632, stack(0x000000810dc00000,0x000000810dd00000)]
  0x00000280a5492800 JavaThread "Unconstrained build operations Thread 32" [_thread_blocked, id=10308, stack(0x000000810dd00000,0x000000810de00000)]
  0x00000280a5493000 JavaThread "Unconstrained build operations Thread 33" [_thread_blocked, id=5892, stack(0x000000810de00000,0x000000810df00000)]
  0x00000280a5495800 JavaThread "Unconstrained build operations Thread 34" [_thread_blocked, id=4824, stack(0x000000810df00000,0x000000810e000000)]
  0x00000280a5490000 JavaThread "Unconstrained build operations Thread 35" [_thread_blocked, id=3008, stack(0x000000810e000000,0x000000810e100000)]
  0x00000280a5496800 JavaThread "Unconstrained build operations Thread 36" [_thread_blocked, id=780, stack(0x000000810e100000,0x000000810e200000)]
  0x00000280a5497800 JavaThread "Unconstrained build operations Thread 37" [_thread_blocked, id=10392, stack(0x000000810e200000,0x000000810e300000)]
  0x00000280a5494000 JavaThread "Unconstrained build operations Thread 38" [_thread_blocked, id=9952, stack(0x000000810e300000,0x000000810e400000)]
  0x00000280a7bd2800 JavaThread "Unconstrained build operations Thread 39" [_thread_blocked, id=1496, stack(0x000000810e400000,0x000000810e500000)]
  0x00000280a7bd0000 JavaThread "Unconstrained build operations Thread 40" [_thread_blocked, id=7720, stack(0x000000810e500000,0x000000810e600000)]
  0x00000280a7bd5000 JavaThread "build event listener" [_thread_blocked, id=10732, stack(0x000000810e600000,0x000000810e700000)]
  0x00000280a7bcf800 JavaThread "build event listener" [_thread_blocked, id=1756, stack(0x000000810e700000,0x000000810e800000)]
  0x00000280a7bd6000 JavaThread "Execution worker for ':'" [_thread_blocked, id=10408, stack(0x000000810e900000,0x000000810ea00000)]
  0x00000280a7bd6800 JavaThread "Execution worker for ':' Thread 2" [_thread_blocked, id=10124, stack(0x000000810ea00000,0x000000810eb00000)]
  0x00000280a7bd1000 JavaThread "Execution worker for ':' Thread 3" [_thread_blocked, id=2748, stack(0x000000810eb00000,0x000000810ec00000)]
  0x00000280a7bd7800 JavaThread "Cache worker for execution history cache (C:\Users\ducke\AndroidStudioProjects\ShopingApp\.gradle\7.3.3\executionHistory)" [_thread_blocked, id=4460, stack(0x000000810ec00000,0x000000810ed00000)]
  0x00000280a7bd8800 JavaThread "WorkerExecutor Queue" [_thread_blocked, id=7396, stack(0x000000810ed00000,0x000000810ee00000)]
  0x00000280a7bd9000 JavaThread "WorkerExecutor Queue Thread 2" [_thread_blocked, id=9092, stack(0x000000810ee00000,0x000000810ef00000)]
  0x00000280a7bd3800 JavaThread "WorkerExecutor Queue Thread 3" [_thread_blocked, id=7840, stack(0x000000810f000000,0x000000810f100000)]
  0x00000280a6cb1800 JavaThread "WorkerExecutor Queue Thread 4" [_thread_blocked, id=11564, stack(0x000000810f100000,0x000000810f200000)]
  0x00000280a6cae800 JavaThread "C2 CompilerThread1" daemon [_thread_in_native, id=11760, stack(0x000000810bb00000,0x000000810bc00000)]

Other Threads:
  0x00000280a3ad5800 VMThread "VM Thread" [stack: 0x0000008109500000,0x0000008109600000] [id=9944]
  0x00000280a45e5000 WatcherThread [stack: 0x0000008109f00000,0x000000810a000000] [id=11004]
  0x0000028089f05000 GCTaskThread "GC Thread#0" [stack: 0x0000008109000000,0x0000008109100000] [id=1544]
  0x00000280a5289800 GCTaskThread "GC Thread#1" [stack: 0x000000810a100000,0x000000810a200000] [id=3268]
  0x00000280a4c9b800 GCTaskThread "GC Thread#2" [stack: 0x000000810a200000,0x000000810a300000] [id=9816]
  0x00000280a5ff9800 GCTaskThread "GC Thread#3" [stack: 0x000000810ae00000,0x000000810af00000] [id=11032]
  0x0000028089f38000 ConcurrentGCThread "G1 Main Marker" [stack: 0x0000008109100000,0x0000008109200000] [id=232]
  0x0000028089f39000 ConcurrentGCThread "G1 Conc#0" [stack: 0x0000008109200000,0x0000008109300000] [id=7404]
  0x0000028089fc3800 ConcurrentGCThread "G1 Refine#0" [stack: 0x0000008109300000,0x0000008109400000] [id=12112]
  0x00000280a5149000 ConcurrentGCThread "G1 Refine#1" [stack: 0x000000810a300000,0x000000810a400000] [id=9200]
  0x0000028089fc4800 ConcurrentGCThread "G1 Young RemSet Sampling" [stack: 0x0000008109400000,0x0000008109500000] [id=9628]

Threads with active compile tasks:
C2 CompilerThread01283355 21897       4       com.android.tools.r8.internal.g8::a (1151 bytes)
C2 CompilerThread11283355 21936       4       com.android.tools.r8.internal.Mo::f (30 bytes)

VM state:not at safepoint (normal execution)

VM Mutex/Monitor currently owned by a thread: None

Heap address: 0x0000000080000000, size: 2048 MB, Compressed Oops mode: 32-bit
Narrow klass base: 0x0000000000000000, Narrow klass shift: 3
Compressed class space size: 1073741824 Address: 0x0000000100000000

Heap:
 garbage-first heap   total 225280K, used 159999K [0x0000000080000000, 0x0000000100000000)
  region size 1024K, 5 young (5120K), 2 survivors (2048K)
 Metaspace       used 139253K, capacity 143400K, committed 143564K, reserved 1173504K
  class space    used 17570K, capacity 19038K, committed 19148K, reserved 1048576K
Heap Regions: E=young(eden), S=young(survivor), O=old, HS=humongous(starts), HC=humongous(continues), CS=collection set, F=free, A=archive, TAMS=top-at-mark-start (previous, next)
|   0|0x0000000080000000, 0x0000000080100000, 0x0000000080100000|100%| O|  |TAMS 0x0000000080100000, 0x0000000080100000| Untracked 
|   1|0x0000000080100000, 0x0000000080200000, 0x0000000080200000|100%| O|  |TAMS 0x0000000080200000, 0x0000000080200000| Untracked 
|   2|0x0000000080200000, 0x0000000080300000, 0x0000000080300000|100%| O|  |TAMS 0x0000000080300000, 0x0000000080300000| Untracked 
|   3|0x0000000080300000, 0x0000000080400000, 0x0000000080400000|100%|HS|  |TAMS 0x0000000080400000, 0x0000000080400000| Complete 
|   4|0x0000000080400000, 0x0000000080500000, 0x0000000080500000|100%|HC|  |TAMS 0x0000000080500000, 0x0000000080500000| Complete 
|   5|0x0000000080500000, 0x0000000080600000, 0x0000000080600000|100%|HC|  |TAMS 0x0000000080600000, 0x0000000080600000| Complete 
|   6|0x0000000080600000, 0x0000000080700000, 0x0000000080700000|100%| O|  |TAMS 0x0000000080700000, 0x0000000080700000| Untracked 
|   7|0x0000000080700000, 0x0000000080800000, 0x0000000080800000|100%| O|  |TAMS 0x0000000080800000, 0x0000000080800000| Untracked 
|   8|0x0000000080800000, 0x0000000080900000, 0x0000000080900000|100%| O|  |TAMS 0x0000000080900000, 0x0000000080900000| Untracked 
|   9|0x0000000080900000, 0x0000000080a00000, 0x0000000080a00000|100%| O|  |TAMS 0x0000000080a00000, 0x0000000080a00000| Untracked 
|  10|0x0000000080a00000, 0x0000000080b00000, 0x0000000080b00000|100%| O|  |TAMS 0x0000000080b00000, 0x0000000080b00000| Untracked 
|  11|0x0000000080b00000, 0x0000000080c00000, 0x0000000080c00000|100%| O|  |TAMS 0x0000000080c00000, 0x0000000080c00000| Untracked 
|  12|0x0000000080c00000, 0x0000000080d00000, 0x0000000080d00000|100%| O|  |TAMS 0x0000000080d00000, 0x0000000080d00000| Untracked 
|  13|0x0000000080d00000, 0x0000000080e00000, 0x0000000080e00000|100%| O|  |TAMS 0x0000000080e00000, 0x0000000080e00000| Untracked 
|  14|0x0000000080e00000, 0x0000000080f00000, 0x0000000080f00000|100%|HS|  |TAMS 0x0000000080f00000, 0x0000000080f00000| Complete 
|  15|0x0000000080f00000, 0x0000000081000000, 0x0000000081000000|100%|HC|  |TAMS 0x0000000081000000, 0x0000000081000000| Complete 
|  16|0x0000000081000000, 0x0000000081100000, 0x0000000081100000|100%|HS|  |TAMS 0x0000000081100000, 0x0000000081100000| Complete 
|  17|0x0000000081100000, 0x0000000081200000, 0x0000000081200000|100%|HC|  |TAMS 0x0000000081200000, 0x0000000081200000| Complete 
|  18|0x0000000081200000, 0x0000000081300000, 0x0000000081300000|100%|HC|  |TAMS 0x0000000081300000, 0x0000000081300000| Complete 
|  19|0x0000000081300000, 0x0000000081400000, 0x0000000081400000|100%|HS|  |TAMS 0x0000000081400000, 0x0000000081400000| Complete 
|  20|0x0000000081400000, 0x0000000081500000, 0x0000000081500000|100%|HS|  |TAMS 0x0000000081500000, 0x0000000081500000| Complete 
|  21|0x0000000081500000, 0x0000000081600000, 0x0000000081600000|100%|HC|  |TAMS 0x0000000081600000, 0x0000000081600000| Complete 
|  22|0x0000000081600000, 0x0000000081700000, 0x0000000081700000|100%|HC|  |TAMS 0x0000000081700000, 0x0000000081700000| Complete 
|  23|0x0000000081700000, 0x0000000081800000, 0x0000000081800000|100%|HC|  |TAMS 0x0000000081800000, 0x0000000081800000| Complete 
|  24|0x0000000081800000, 0x0000000081900000, 0x0000000081900000|100%| O|  |TAMS 0x0000000081900000, 0x0000000081900000| Untracked 
|  25|0x0000000081900000, 0x0000000081a00000, 0x0000000081a00000|100%| O|  |TAMS 0x0000000081a00000, 0x0000000081a00000| Untracked 
|  26|0x0000000081a00000, 0x0000000081b00000, 0x0000000081b00000|100%| O|  |TAMS 0x0000000081b00000, 0x0000000081b00000| Untracked 
|  27|0x0000000081b00000, 0x0000000081c00000, 0x0000000081c00000|100%| O|  |TAMS 0x0000000081c00000, 0x0000000081c00000| Untracked 
|  28|0x0000000081c00000, 0x0000000081d00000, 0x0000000081d00000|100%| O|  |TAMS 0x0000000081d00000, 0x0000000081d00000| Untracked 
|  29|0x0000000081d00000, 0x0000000081e00000, 0x0000000081e00000|100%|HS|  |TAMS 0x0000000081e00000, 0x0000000081e00000| Complete 
|  30|0x0000000081e00000, 0x0000000081f00000, 0x0000000081f00000|100%|HS|  |TAMS 0x0000000081f00000, 0x0000000081f00000| Complete 
|  31|0x0000000081f00000, 0x0000000082000000, 0x0000000082000000|100%| O|  |TAMS 0x0000000082000000, 0x0000000082000000| Untracked 
|  32|0x0000000082000000, 0x0000000082100000, 0x0000000082100000|100%| O|  |TAMS 0x0000000082100000, 0x0000000082100000| Untracked 
|  33|0x0000000082100000, 0x0000000082200000, 0x0000000082200000|100%| O|  |TAMS 0x0000000082200000, 0x0000000082200000| Untracked 
|  34|0x0000000082200000, 0x0000000082300000, 0x0000000082300000|100%| O|  |TAMS 0x0000000082300000, 0x0000000082300000| Untracked 
|  35|0x0000000082300000, 0x0000000082400000, 0x0000000082400000|100%| O|  |TAMS 0x0000000082400000, 0x0000000082400000| Untracked 
|  36|0x0000000082400000, 0x0000000082500000, 0x0000000082500000|100%| O|  |TAMS 0x0000000082500000, 0x0000000082500000| Untracked 
|  37|0x0000000082500000, 0x0000000082600000, 0x0000000082600000|100%|HS|  |TAMS 0x0000000082600000, 0x0000000082600000| Complete 
|  38|0x0000000082600000, 0x0000000082700000, 0x0000000082700000|100%|HC|  |TAMS 0x0000000082700000, 0x0000000082700000| Complete 
|  39|0x0000000082700000, 0x0000000082800000, 0x0000000082800000|100%|HC|  |TAMS 0x0000000082800000, 0x0000000082800000| Complete 
|  40|0x0000000082800000, 0x0000000082900000, 0x0000000082900000|100%| O|  |TAMS 0x0000000082900000, 0x0000000082900000| Untracked 
|  41|0x0000000082900000, 0x0000000082a00000, 0x0000000082a00000|100%| O|  |TAMS 0x0000000082a00000, 0x0000000082a00000| Untracked 
|  42|0x0000000082a00000, 0x0000000082b00000, 0x0000000082b00000|100%| O|  |TAMS 0x0000000082b00000, 0x0000000082b00000| Untracked 
|  43|0x0000000082b00000, 0x0000000082c00000, 0x0000000082c00000|100%| O|  |TAMS 0x0000000082c00000, 0x0000000082c00000| Untracked 
|  44|0x0000000082c00000, 0x0000000082d00000, 0x0000000082d00000|100%| O|  |TAMS 0x0000000082d00000, 0x0000000082d00000| Untracked 
|  45|0x0000000082d00000, 0x0000000082e00000, 0x0000000082e00000|100%|HS|  |TAMS 0x0000000082e00000, 0x0000000082e00000| Complete 
|  46|0x0000000082e00000, 0x0000000082f00000, 0x0000000082f00000|100%|HC|  |TAMS 0x0000000082f00000, 0x0000000082f00000| Complete 
|  47|0x0000000082f00000, 0x0000000083000000, 0x0000000083000000|100%|HC|  |TAMS 0x0000000083000000, 0x0000000083000000| Complete 
|  48|0x0000000083000000, 0x0000000083100000, 0x0000000083100000|100%|HC|  |TAMS 0x0000000083100000, 0x0000000083100000| Complete 
|  49|0x0000000083100000, 0x0000000083200000, 0x0000000083200000|100%|HS|  |TAMS 0x0000000083200000, 0x0000000083200000| Complete 
|  50|0x0000000083200000, 0x0000000083300000, 0x0000000083300000|100%|HS|  |TAMS 0x0000000083300000, 0x0000000083300000| Complete 
|  51|0x0000000083300000, 0x0000000083400000, 0x0000000083400000|100%|HS|  |TAMS 0x0000000083400000, 0x0000000083400000| Complete 
|  52|0x0000000083400000, 0x0000000083500000, 0x0000000083500000|100%|HC|  |TAMS 0x0000000083500000, 0x0000000083500000| Complete 
|  53|0x0000000083500000, 0x0000000083600000, 0x0000000083600000|100%|HC|  |TAMS 0x0000000083600000, 0x0000000083600000| Complete 
|  54|0x0000000083600000, 0x0000000083700000, 0x0000000083700000|100%|HS|  |TAMS 0x0000000083700000, 0x0000000083700000| Complete 
|  55|0x0000000083700000, 0x0000000083800000, 0x0000000083800000|100%|HC|  |TAMS 0x0000000083800000, 0x0000000083800000| Complete 
|  56|0x0000000083800000, 0x0000000083900000, 0x0000000083900000|100%| O|  |TAMS 0x0000000083900000, 0x0000000083900000| Untracked 
|  57|0x0000000083900000, 0x0000000083a00000, 0x0000000083a00000|100%| O|  |TAMS 0x0000000083a00000, 0x0000000083a00000| Untracked 
|  58|0x0000000083a00000, 0x0000000083b00000, 0x0000000083b00000|100%| O|  |TAMS 0x0000000083b00000, 0x0000000083b00000| Untracked 
|  59|0x0000000083b00000, 0x0000000083c00000, 0x0000000083c00000|100%| O|  |TAMS 0x0000000083c00000, 0x0000000083c00000| Untracked 
|  60|0x0000000083c00000, 0x0000000083d00000, 0x0000000083d00000|100%| O|  |TAMS 0x0000000083d00000, 0x0000000083d00000| Untracked 
|  61|0x0000000083d00000, 0x0000000083e00000, 0x0000000083e00000|100%| O|  |TAMS 0x0000000083e00000, 0x0000000083e00000| Untracked 
|  62|0x0000000083e00000, 0x0000000083f00000, 0x0000000083f00000|100%| O|  |TAMS 0x0000000083f00000, 0x0000000083f00000| Untracked 
|  63|0x0000000083f00000, 0x0000000084000000, 0x0000000084000000|100%| O|  |TAMS 0x0000000084000000, 0x0000000084000000| Untracked 
|  64|0x0000000084000000, 0x0000000084100000, 0x0000000084100000|100%| O|  |TAMS 0x0000000084100000, 0x0000000084100000| Untracked 
|  65|0x0000000084100000, 0x0000000084200000, 0x0000000084200000|100%| O|  |TAMS 0x0000000084200000, 0x0000000084200000| Untracked 
|  66|0x0000000084200000, 0x0000000084300000, 0x0000000084300000|100%| O|  |TAMS 0x0000000084300000, 0x0000000084300000| Untracked 
|  67|0x0000000084300000, 0x0000000084400000, 0x0000000084400000|100%| O|  |TAMS 0x0000000084400000, 0x0000000084400000| Untracked 
|  68|0x0000000084400000, 0x0000000084500000, 0x0000000084500000|100%| O|  |TAMS 0x0000000084500000, 0x0000000084500000| Untracked 
|  69|0x0000000084500000, 0x0000000084600000, 0x0000000084600000|100%| O|  |TAMS 0x0000000084600000, 0x0000000084600000| Untracked 
|  70|0x0000000084600000, 0x0000000084700000, 0x0000000084700000|100%| O|  |TAMS 0x0000000084700000, 0x0000000084700000| Untracked 
|  71|0x0000000084700000, 0x0000000084800000, 0x0000000084800000|100%| O|  |TAMS 0x0000000084800000, 0x0000000084800000| Untracked 
|  72|0x0000000084800000, 0x0000000084900000, 0x0000000084900000|100%| O|  |TAMS 0x0000000084900000, 0x0000000084900000| Untracked 
|  73|0x0000000084900000, 0x0000000084a00000, 0x0000000084a00000|100%| O|  |TAMS 0x0000000084a00000, 0x0000000084a00000| Untracked 
|  74|0x0000000084a00000, 0x0000000084b00000, 0x0000000084b00000|100%| O|  |TAMS 0x0000000084b00000, 0x0000000084b00000| Untracked 
|  75|0x0000000084b00000, 0x0000000084c00000, 0x0000000084c00000|100%| O|  |TAMS 0x0000000084c00000, 0x0000000084c00000| Untracked 
|  76|0x0000000084c00000, 0x0000000084d00000, 0x0000000084d00000|100%| O|  |TAMS 0x0000000084d00000, 0x0000000084d00000| Untracked 
|  77|0x0000000084d00000, 0x0000000084e00000, 0x0000000084e00000|100%| O|  |TAMS 0x0000000084e00000, 0x0000000084e00000| Untracked 
|  78|0x0000000084e00000, 0x0000000084f00000, 0x0000000084f00000|100%| O|  |TAMS 0x0000000084f00000, 0x0000000084f00000| Untracked 
|  79|0x0000000084f00000, 0x0000000085000000, 0x0000000085000000|100%| O|  |TAMS 0x0000000085000000, 0x0000000085000000| Untracked 
|  80|0x0000000085000000, 0x0000000085100000, 0x0000000085100000|100%| O|  |TAMS 0x0000000085100000, 0x0000000085100000| Untracked 
|  81|0x0000000085100000, 0x0000000085200000, 0x0000000085200000|100%| O|  |TAMS 0x0000000085200000, 0x0000000085200000| Untracked 
|  82|0x0000000085200000, 0x0000000085300000, 0x0000000085300000|100%| O|  |TAMS 0x0000000085300000, 0x0000000085300000| Untracked 
|  83|0x0000000085300000, 0x0000000085400000, 0x0000000085400000|100%| O|  |TAMS 0x0000000085400000, 0x0000000085400000| Untracked 
|  84|0x0000000085400000, 0x0000000085500000, 0x0000000085500000|100%| O|  |TAMS 0x0000000085500000, 0x0000000085500000| Untracked 
|  85|0x0000000085500000, 0x0000000085600000, 0x0000000085600000|100%| O|  |TAMS 0x0000000085600000, 0x0000000085600000| Untracked 
|  86|0x0000000085600000, 0x0000000085700000, 0x0000000085700000|100%| O|  |TAMS 0x0000000085700000, 0x0000000085700000| Untracked 
|  87|0x0000000085700000, 0x0000000085800000, 0x0000000085800000|100%| O|  |TAMS 0x0000000085800000, 0x0000000085800000| Untracked 
|  88|0x0000000085800000, 0x0000000085900000, 0x0000000085900000|100%| O|  |TAMS 0x0000000085900000, 0x0000000085900000| Untracked 
|  89|0x0000000085900000, 0x0000000085a00000, 0x0000000085a00000|100%| O|  |TAMS 0x0000000085a00000, 0x0000000085a00000| Untracked 
|  90|0x0000000085a00000, 0x0000000085b00000, 0x0000000085b00000|100%|HS|  |TAMS 0x0000000085b00000, 0x0000000085b00000| Complete 
|  91|0x0000000085b00000, 0x0000000085c00000, 0x0000000085c00000|100%|HC|  |TAMS 0x0000000085c00000, 0x0000000085c00000| Complete 
|  92|0x0000000085c00000, 0x0000000085d00000, 0x0000000085d00000|100%|HS|  |TAMS 0x0000000085d00000, 0x0000000085d00000| Complete 
|  93|0x0000000085d00000, 0x0000000085e00000, 0x0000000085e00000|100%|HC|  |TAMS 0x0000000085e00000, 0x0000000085e00000| Complete 
|  94|0x0000000085e00000, 0x0000000085f00000, 0x0000000085f00000|100%|HC|  |TAMS 0x0000000085f00000, 0x0000000085f00000| Complete 
|  95|0x0000000085f00000, 0x0000000086000000, 0x0000000086000000|100%|HS|  |TAMS 0x0000000086000000, 0x0000000086000000| Complete 
|  96|0x0000000086000000, 0x0000000086100000, 0x0000000086100000|100%| O|  |TAMS 0x0000000086100000, 0x0000000086100000| Untracked 
|  97|0x0000000086100000, 0x0000000086200000, 0x0000000086200000|100%| O|  |TAMS 0x0000000086200000, 0x0000000086200000| Untracked 
|  98|0x0000000086200000, 0x0000000086300000, 0x0000000086300000|100%| O|  |TAMS 0x0000000086300000, 0x0000000086300000| Untracked 
|  99|0x0000000086300000, 0x0000000086400000, 0x0000000086400000|100%| O|  |TAMS 0x0000000086400000, 0x0000000086400000| Untracked 
| 100|0x0000000086400000, 0x0000000086500000, 0x0000000086500000|100%|HS|  |TAMS 0x0000000086500000, 0x0000000086500000| Complete 
| 101|0x0000000086500000, 0x0000000086600000, 0x0000000086600000|100%|HC|  |TAMS 0x0000000086600000, 0x0000000086600000| Complete 
| 102|0x0000000086600000, 0x0000000086700000, 0x0000000086700000|100%|HC|  |TAMS 0x0000000086700000, 0x0000000086700000| Complete 
| 103|0x0000000086700000, 0x0000000086800000, 0x0000000086800000|100%|HC|  |TAMS 0x0000000086800000, 0x0000000086800000| Complete 
| 104|0x0000000086800000, 0x0000000086900000, 0x0000000086900000|100%| O|  |TAMS 0x0000000086900000, 0x0000000086900000| Untracked 
| 105|0x0000000086900000, 0x0000000086a00000, 0x0000000086a00000|100%| O|  |TAMS 0x0000000086a00000, 0x0000000086a00000| Untracked 
| 106|0x0000000086a00000, 0x0000000086b00000, 0x0000000086b00000|100%| O|  |TAMS 0x0000000086b00000, 0x0000000086b00000| Untracked 
| 107|0x0000000086b00000, 0x0000000086c00000, 0x0000000086c00000|100%| O|  |TAMS 0x0000000086c00000, 0x0000000086c00000| Untracked 
| 108|0x0000000086c00000, 0x0000000086d00000, 0x0000000086d00000|100%| O|  |TAMS 0x0000000086d00000, 0x0000000086d00000| Untracked 
| 109|0x0000000086d00000, 0x0000000086e00000, 0x0000000086e00000|100%| O|  |TAMS 0x0000000086e00000, 0x0000000086e00000| Untracked 
| 110|0x0000000086e00000, 0x0000000086f00000, 0x0000000086f00000|100%| O|  |TAMS 0x0000000086f00000, 0x0000000086f00000| Untracked 
| 111|0x0000000086f00000, 0x0000000087000000, 0x0000000087000000|100%| O|  |TAMS 0x0000000087000000, 0x0000000087000000| Untracked 
| 112|0x0000000087000000, 0x0000000087100000, 0x0000000087100000|100%| O|  |TAMS 0x0000000087100000, 0x0000000087100000| Untracked 
| 113|0x0000000087100000, 0x0000000087200000, 0x0000000087200000|100%| O|  |TAMS 0x0000000087200000, 0x0000000087200000| Untracked 
| 114|0x0000000087200000, 0x0000000087300000, 0x0000000087300000|100%| O|  |TAMS 0x0000000087300000, 0x0000000087300000| Untracked 
| 115|0x0000000087300000, 0x0000000087400000, 0x0000000087400000|100%| O|  |TAMS 0x0000000087400000, 0x0000000087400000| Untracked 
| 116|0x0000000087400000, 0x0000000087500000, 0x0000000087500000|100%| O|  |TAMS 0x0000000087500000, 0x0000000087500000| Untracked 
| 117|0x0000000087500000, 0x0000000087600000, 0x0000000087600000|100%| O|  |TAMS 0x0000000087600000, 0x0000000087600000| Untracked 
| 118|0x0000000087600000, 0x0000000087700000, 0x0000000087700000|100%| O|  |TAMS 0x0000000087700000, 0x0000000087700000| Untracked 
| 119|0x0000000087700000, 0x0000000087800000, 0x0000000087800000|100%| O|  |TAMS 0x0000000087800000, 0x0000000087800000| Untracked 
| 120|0x0000000087800000, 0x0000000087900000, 0x0000000087900000|100%| O|  |TAMS 0x0000000087900000, 0x0000000087900000| Untracked 
| 121|0x0000000087900000, 0x0000000087a00000, 0x0000000087a00000|100%| O|  |TAMS 0x0000000087a00000, 0x0000000087a00000| Untracked 
| 122|0x0000000087a00000, 0x0000000087b00000, 0x0000000087b00000|100%| O|  |TAMS 0x0000000087b00000, 0x0000000087b00000| Untracked 
| 123|0x0000000087b00000, 0x0000000087c00000, 0x0000000087c00000|100%| O|  |TAMS 0x0000000087c00000, 0x0000000087c00000| Untracked 
| 124|0x0000000087c00000, 0x0000000087d00000, 0x0000000087d00000|100%| O|  |TAMS 0x0000000087c00000, 0x0000000087d00000| Untracked 
| 125|0x0000000087d00000, 0x0000000087e00000, 0x0000000087e00000|100%| O|  |TAMS 0x0000000087e00000, 0x0000000087e00000| Untracked 
| 126|0x0000000087e00000, 0x0000000087f00000, 0x0000000087f00000|100%| O|  |TAMS 0x0000000087f00000, 0x0000000087f00000| Untracked 
| 127|0x0000000087f00000, 0x0000000088000000, 0x0000000088000000|100%| O|  |TAMS 0x0000000088000000, 0x0000000088000000| Untracked 
| 128|0x0000000088000000, 0x0000000088100000, 0x0000000088100000|100%| O|  |TAMS 0x0000000088100000, 0x0000000088100000| Untracked 
| 129|0x0000000088100000, 0x0000000088200000, 0x0000000088200000|100%| O|  |TAMS 0x0000000088200000, 0x0000000088200000| Untracked 
| 130|0x0000000088200000, 0x0000000088300000, 0x0000000088300000|100%| O|  |TAMS 0x0000000088300000, 0x0000000088300000| Untracked 
| 131|0x0000000088300000, 0x0000000088400000, 0x0000000088400000|100%| O|  |TAMS 0x0000000088400000, 0x0000000088400000| Untracked 
| 132|0x0000000088400000, 0x0000000088500000, 0x0000000088500000|100%| O|  |TAMS 0x0000000088500000, 0x0000000088500000| Untracked 
| 133|0x0000000088500000, 0x0000000088600000, 0x0000000088600000|100%| O|  |TAMS 0x0000000088600000, 0x0000000088600000| Untracked 
| 134|0x0000000088600000, 0x0000000088700000, 0x0000000088700000|100%| O|  |TAMS 0x0000000088700000, 0x0000000088700000| Untracked 
| 135|0x0000000088700000, 0x0000000088800000, 0x0000000088800000|100%| O|  |TAMS 0x0000000088800000, 0x0000000088800000| Untracked 
| 136|0x0000000088800000, 0x0000000088900000, 0x0000000088900000|100%| O|  |TAMS 0x0000000088900000, 0x0000000088900000| Untracked 
| 137|0x0000000088900000, 0x0000000088a00000, 0x0000000088a00000|100%| O|  |TAMS 0x0000000088a00000, 0x0000000088a00000| Untracked 
| 138|0x0000000088a00000, 0x0000000088b00000, 0x0000000088b00000|100%| O|  |TAMS 0x0000000088b00000, 0x0000000088b00000| Untracked 
| 139|0x0000000088b00000, 0x0000000088c00000, 0x0000000088c00000|100%| O|  |TAMS 0x0000000088c00000, 0x0000000088c00000| Untracked 
| 140|0x0000000088c00000, 0x0000000088d00000, 0x0000000088d00000|100%| O|  |TAMS 0x0000000088d00000, 0x0000000088d00000| Untracked 
| 141|0x0000000088d00000, 0x0000000088e00000, 0x0000000088e00000|100%| O|  |TAMS 0x0000000088e00000, 0x0000000088e00000| Untracked 
| 142|0x0000000088e00000, 0x0000000088f00000, 0x0000000088f00000|100%| O|  |TAMS 0x0000000088ec1800, 0x0000000088f00000| Untracked 
| 143|0x0000000088f00000, 0x0000000088faba00, 0x0000000089000000| 67%| O|  |TAMS 0x0000000088f00000, 0x0000000088faba00| Untracked 
| 144|0x0000000089000000, 0x0000000089100000, 0x0000000089100000|100%| O|  |TAMS 0x0000000089100000, 0x0000000089100000| Untracked 
| 145|0x0000000089100000, 0x0000000089200000, 0x0000000089200000|100%| O|  |TAMS 0x0000000089200000, 0x0000000089200000| Untracked 
| 146|0x0000000089200000, 0x0000000089300000, 0x0000000089300000|100%| O|  |TAMS 0x0000000089300000, 0x0000000089300000| Untracked 
| 147|0x0000000089300000, 0x0000000089400000, 0x0000000089400000|100%| O|  |TAMS 0x0000000089400000, 0x0000000089400000| Untracked 
| 148|0x0000000089400000, 0x0000000089500000, 0x0000000089500000|100%| O|  |TAMS 0x0000000089500000, 0x0000000089500000| Untracked 
| 149|0x0000000089500000, 0x0000000089500000, 0x0000000089600000|  0%| F|  |TAMS 0x0000000089500000, 0x0000000089500000| Untracked 
| 150|0x0000000089600000, 0x0000000089600000, 0x0000000089700000|  0%| F|  |TAMS 0x0000000089600000, 0x0000000089600000| Untracked 
| 151|0x0000000089700000, 0x0000000089700000, 0x0000000089800000|  0%| F|  |TAMS 0x0000000089700000, 0x0000000089700000| Untracked 
| 152|0x0000000089800000, 0x0000000089800000, 0x0000000089900000|  0%| F|  |TAMS 0x0000000089800000, 0x0000000089800000| Untracked 
| 153|0x0000000089900000, 0x0000000089a00000, 0x0000000089a00000|100%| O|  |TAMS 0x0000000089a00000, 0x0000000089a00000| Untracked 
| 154|0x0000000089a00000, 0x0000000089a00000, 0x0000000089b00000|  0%| F|  |TAMS 0x0000000089a00000, 0x0000000089a00000| Untracked 
| 155|0x0000000089b00000, 0x0000000089c00000, 0x0000000089c00000|100%| O|  |TAMS 0x0000000089c00000, 0x0000000089c00000| Untracked 
| 156|0x0000000089c00000, 0x0000000089c00000, 0x0000000089d00000|  0%| F|  |TAMS 0x0000000089c00000, 0x0000000089c00000| Untracked 
| 157|0x0000000089d00000, 0x0000000089d00000, 0x0000000089e00000|  0%| F|  |TAMS 0x0000000089d00000, 0x0000000089d00000| Untracked 
| 158|0x0000000089e00000, 0x0000000089e00000, 0x0000000089f00000|  0%| F|  |TAMS 0x0000000089e00000, 0x0000000089e00000| Untracked 
| 159|0x0000000089f00000, 0x000000008a000000, 0x000000008a000000|100%| O|  |TAMS 0x000000008a000000, 0x000000008a000000| Untracked 
| 160|0x000000008a000000, 0x000000008a000000, 0x000000008a100000|  0%| F|  |TAMS 0x000000008a000000, 0x000000008a000000| Untracked 
| 161|0x000000008a100000, 0x000000008a200000, 0x000000008a200000|100%| O|  |TAMS 0x000000008a200000, 0x000000008a200000| Untracked 
| 162|0x000000008a200000, 0x000000008a200000, 0x000000008a300000|  0%| F|  |TAMS 0x000000008a200000, 0x000000008a200000| Untracked 
| 163|0x000000008a300000, 0x000000008a300000, 0x000000008a400000|  0%| F|  |TAMS 0x000000008a300000, 0x000000008a300000| Untracked 
| 164|0x000000008a400000, 0x000000008a400000, 0x000000008a500000|  0%| F|  |TAMS 0x000000008a400000, 0x000000008a400000| Untracked 
| 165|0x000000008a500000, 0x000000008a500000, 0x000000008a600000|  0%| F|  |TAMS 0x000000008a500000, 0x000000008a500000| Untracked 
| 166|0x000000008a600000, 0x000000008a600000, 0x000000008a700000|  0%| F|  |TAMS 0x000000008a600000, 0x000000008a600000| Untracked 
| 167|0x000000008a700000, 0x000000008a700000, 0x000000008a800000|  0%| F|  |TAMS 0x000000008a700000, 0x000000008a700000| Untracked 
| 168|0x000000008a800000, 0x000000008a800000, 0x000000008a900000|  0%| F|  |TAMS 0x000000008a800000, 0x000000008a800000| Untracked 
| 169|0x000000008a900000, 0x000000008a900000, 0x000000008aa00000|  0%| F|  |TAMS 0x000000008a900000, 0x000000008a900000| Untracked 
| 170|0x000000008aa00000, 0x000000008aa00000, 0x000000008ab00000|  0%| F|  |TAMS 0x000000008aa00000, 0x000000008aa00000| Untracked 
| 171|0x000000008ab00000, 0x000000008ab00000, 0x000000008ac00000|  0%| F|  |TAMS 0x000000008ab00000, 0x000000008ab00000| Untracked 
| 172|0x000000008ac00000, 0x000000008ac00000, 0x000000008ad00000|  0%| F|  |TAMS 0x000000008ac00000, 0x000000008ac00000| Untracked 
| 173|0x000000008ad00000, 0x000000008ad00000, 0x000000008ae00000|  0%| F|  |TAMS 0x000000008ad00000, 0x000000008ad00000| Untracked 
| 174|0x000000008ae00000, 0x000000008ae00000, 0x000000008af00000|  0%| F|  |TAMS 0x000000008ae00000, 0x000000008ae00000| Untracked 
| 175|0x000000008af00000, 0x000000008af00000, 0x000000008b000000|  0%| F|  |TAMS 0x000000008af00000, 0x000000008af00000| Untracked 
| 176|0x000000008b000000, 0x000000008b000000, 0x000000008b100000|  0%| F|  |TAMS 0x000000008b000000, 0x000000008b000000| Untracked 
| 177|0x000000008b100000, 0x000000008b100000, 0x000000008b200000|  0%| F|  |TAMS 0x000000008b100000, 0x000000008b100000| Untracked 
| 178|0x000000008b200000, 0x000000008b200000, 0x000000008b300000|  0%| F|  |TAMS 0x000000008b200000, 0x000000008b200000| Untracked 
| 179|0x000000008b300000, 0x000000008b300000, 0x000000008b400000|  0%| F|  |TAMS 0x000000008b300000, 0x000000008b300000| Untracked 
| 180|0x000000008b400000, 0x000000008b400000, 0x000000008b500000|  0%| F|  |TAMS 0x000000008b400000, 0x000000008b400000| Untracked 
| 181|0x000000008b500000, 0x000000008b500000, 0x000000008b600000|  0%| F|  |TAMS 0x000000008b500000, 0x000000008b500000| Untracked 
| 182|0x000000008b600000, 0x000000008b600000, 0x000000008b700000|  0%| F|  |TAMS 0x000000008b600000, 0x000000008b600000| Untracked 
| 183|0x000000008b700000, 0x000000008b700000, 0x000000008b800000|  0%| F|  |TAMS 0x000000008b700000, 0x000000008b700000| Untracked 
| 184|0x000000008b800000, 0x000000008b800000, 0x000000008b900000|  0%| F|  |TAMS 0x000000008b800000, 0x000000008b800000| Untracked 
| 185|0x000000008b900000, 0x000000008b900000, 0x000000008ba00000|  0%| F|  |TAMS 0x000000008b900000, 0x000000008b900000| Untracked 
| 186|0x000000008ba00000, 0x000000008ba00000, 0x000000008bb00000|  0%| F|  |TAMS 0x000000008ba00000, 0x000000008ba00000| Untracked 
| 187|0x000000008bb00000, 0x000000008bb94560, 0x000000008bc00000| 57%| S|CS|TAMS 0x000000008bb00000, 0x000000008bb00000| Complete 
| 188|0x000000008bc00000, 0x000000008bd00000, 0x000000008bd00000|100%| S|CS|TAMS 0x000000008bc00000, 0x000000008bc00000| Complete 
| 189|0x000000008bd00000, 0x000000008bd00000, 0x000000008be00000|  0%| F|  |TAMS 0x000000008bd00000, 0x000000008bd00000| Untracked 
| 190|0x000000008be00000, 0x000000008be00000, 0x000000008bf00000|  0%| F|  |TAMS 0x000000008be00000, 0x000000008be00000| Untracked 
| 191|0x000000008bf00000, 0x000000008bf00000, 0x000000008c000000|  0%| F|  |TAMS 0x000000008bf00000, 0x000000008bf00000| Untracked 
| 192|0x000000008c000000, 0x000000008c000000, 0x000000008c100000|  0%| F|  |TAMS 0x000000008c000000, 0x000000008c000000| Untracked 
| 193|0x000000008c100000, 0x000000008c100000, 0x000000008c200000|  0%| F|  |TAMS 0x000000008c100000, 0x000000008c100000| Untracked 
| 194|0x000000008c200000, 0x000000008c200000, 0x000000008c300000|  0%| F|  |TAMS 0x000000008c200000, 0x000000008c200000| Untracked 
| 195|0x000000008c300000, 0x000000008c300000, 0x000000008c400000|  0%| F|  |TAMS 0x000000008c300000, 0x000000008c300000| Untracked 
| 196|0x000000008c400000, 0x000000008c400000, 0x000000008c500000|  0%| F|  |TAMS 0x000000008c400000, 0x000000008c400000| Untracked 
| 197|0x000000008c500000, 0x000000008c500000, 0x000000008c600000|  0%| F|  |TAMS 0x000000008c500000, 0x000000008c500000| Untracked 
| 198|0x000000008c600000, 0x000000008c600000, 0x000000008c700000|  0%| F|  |TAMS 0x000000008c600000, 0x000000008c600000| Untracked 
| 199|0x000000008c700000, 0x000000008c700000, 0x000000008c800000|  0%| F|  |TAMS 0x000000008c700000, 0x000000008c700000| Untracked 
| 200|0x000000008c800000, 0x000000008c800000, 0x000000008c900000|  0%| F|  |TAMS 0x000000008c800000, 0x000000008c800000| Untracked 
| 201|0x000000008c900000, 0x000000008c900000, 0x000000008ca00000|  0%| F|  |TAMS 0x000000008c900000, 0x000000008c900000| Untracked 
| 202|0x000000008ca00000, 0x000000008ca00000, 0x000000008cb00000|  0%| F|  |TAMS 0x000000008ca00000, 0x000000008ca00000| Untracked 
| 203|0x000000008cb00000, 0x000000008cb00000, 0x000000008cc00000|  0%| F|  |TAMS 0x000000008cb00000, 0x000000008cb00000| Untracked 
| 204|0x000000008cc00000, 0x000000008cc00000, 0x000000008cd00000|  0%| F|  |TAMS 0x000000008cc00000, 0x000000008cc00000| Untracked 
| 205|0x000000008cd00000, 0x000000008cd00000, 0x000000008ce00000|  0%| F|  |TAMS 0x000000008cd00000, 0x000000008cd00000| Untracked 
| 206|0x000000008ce00000, 0x000000008ce00000, 0x000000008cf00000|  0%| F|  |TAMS 0x000000008ce00000, 0x000000008ce00000| Untracked 
| 207|0x000000008cf00000, 0x000000008cf00000, 0x000000008d000000|  0%| F|  |TAMS 0x000000008cf00000, 0x000000008cf00000| Untracked 
| 208|0x000000008d000000, 0x000000008d000000, 0x000000008d100000|  0%| F|  |TAMS 0x000000008d000000, 0x000000008d000000| Untracked 
| 209|0x000000008d100000, 0x000000008d100000, 0x000000008d200000|  0%| F|  |TAMS 0x000000008d100000, 0x000000008d100000| Untracked 
| 210|0x000000008d200000, 0x000000008d200000, 0x000000008d300000|  0%| F|  |TAMS 0x000000008d200000, 0x000000008d200000| Untracked 
| 211|0x000000008d300000, 0x000000008d300000, 0x000000008d400000|  0%| F|  |TAMS 0x000000008d300000, 0x000000008d300000| Untracked 
| 212|0x000000008d400000, 0x000000008d400000, 0x000000008d500000|  0%| F|  |TAMS 0x000000008d400000, 0x000000008d400000| Untracked 
| 213|0x000000008d500000, 0x000000008d500000, 0x000000008d600000|  0%| F|  |TAMS 0x000000008d500000, 0x000000008d500000| Untracked 
| 214|0x000000008d600000, 0x000000008d600000, 0x000000008d700000|  0%| F|  |TAMS 0x000000008d600000, 0x000000008d600000| Untracked 
| 215|0x000000008d700000, 0x000000008d700000, 0x000000008d800000|  0%| F|  |TAMS 0x000000008d700000, 0x000000008d700000| Untracked 
| 216|0x000000008d800000, 0x000000008d800000, 0x000000008d900000|  0%| F|  |TAMS 0x000000008d800000, 0x000000008d800000| Untracked 
| 217|0x000000008d900000, 0x000000008d9e6f70, 0x000000008da00000| 90%| E|  |TAMS 0x000000008d900000, 0x000000008d900000| Complete 
| 218|0x000000008da00000, 0x000000008db00000, 0x000000008db00000|100%| E|CS|TAMS 0x000000008da00000, 0x000000008da00000| Complete 
| 219|0x000000008db00000, 0x000000008dc00000, 0x000000008dc00000|100%| E|CS|TAMS 0x000000008db00000, 0x000000008db00000| Complete 

Card table byte_map: [0x000002809ce00000,0x000002809d200000] _byte_map_base: 0x000002809ca00000

Marking Bits (Prev, Next): (CMBitMap*) 0x0000028089f2f5b0, (CMBitMap*) 0x0000028089f2f578
 Prev Bits: [0x000002809f600000, 0x00000280a1600000)
 Next Bits: [0x000002809d600000, 0x000002809f600000)

Polling page: 0x0000028087db0000

Metaspace:

Usage:
  Non-class:    121.45 MB capacity,   118.83 MB ( 98%) used,     2.18 MB (  2%) free+waste,   445.69 KB ( <1%) overhead. 
      Class:     18.59 MB capacity,    17.16 MB ( 92%) used,     1.24 MB (  7%) free+waste,   198.31 KB (  1%) overhead. 
       Both:    140.04 MB capacity,   135.99 MB ( 97%) used,     3.42 MB (  2%) free+waste,   644.00 KB ( <1%) overhead. 

Virtual space:
  Non-class space:      122.00 MB reserved,     121.50 MB (>99%) committed 
      Class space:        1.00 GB reserved,      18.70 MB (  2%) committed 
             Both:        1.12 GB reserved,     140.20 MB ( 12%) committed 

Chunk freelists:
   Non-Class:  54.00 KB
       Class:  2.00 KB
        Both:  56.00 KB

MaxMetaspaceSize: 17179869184.00 GB
CompressedClassSpaceSize: 1.00 GB
Initial GC threshold: 20.80 MB
Current GC threshold: 225.75 MB
CDS: off

CodeHeap 'non-profiled nmethods': size=120064Kb used=14271Kb max_used=14271Kb free=105792Kb
 bounds [0x00000280954c0000, 0x00000280962b0000, 0x000002809ca00000]
CodeHeap 'profiled nmethods': size=120000Kb used=46432Kb max_used=46432Kb free=73567Kb
 bounds [0x000002808df90000, 0x0000028090cf0000, 0x00000280954c0000]
CodeHeap 'non-nmethods': size=5696Kb used=2508Kb max_used=2541Kb free=3187Kb
 bounds [0x000002808da00000, 0x000002808dc80000, 0x000002808df90000]
 total_blobs=21350 nmethods=20300 adapters=957
 compilation: enabled
              stopped_count=0, restarted_count=0
 full_count=0

Compilation events (20 events):
Event: 1283.306 Thread 0x00000280a6cae800 nmethod 21903 0x00000280962aa710 code [0x00000280962aa900, 0x00000280962aab18]
Event: 1283.306 Thread 0x00000280a6cae800 21898       4       com.android.tools.r8.internal.g8::a (269 bytes)
Event: 1283.306 Thread 0x00000280a3b06000 21914       3       com.android.tools.r8.internal.sT::b (264 bytes)
Event: 1283.308 Thread 0x00000280a3b06000 nmethod 21914 0x0000028090cd3610 code [0x0000028090cd3a80, 0x0000028090cd5fc8]
Event: 1283.316 Thread 0x00000280a3b06000 21915       3       com.android.tools.r8.internal.D3::<init> (32 bytes)
Event: 1283.316 Thread 0x00000280a3b06000 nmethod 21915 0x0000028090cd6a10 code [0x0000028090cd6c20, 0x0000028090cd7368]
Event: 1283.316 Thread 0x00000280a3b06000 21916       3       com.android.tools.r8.internal.D3::a (33 bytes)
Event: 1283.317 Thread 0x00000280a3b06000 nmethod 21916 0x0000028090cd7590 code [0x0000028090cd7840, 0x0000028090cd8658]
Event: 1283.318 Thread 0x00000280a3b06000 21917       3       com.android.tools.r8.internal.ss::I (33 bytes)
Event: 1283.318 Thread 0x00000280a3b06000 nmethod 21917 0x0000028090cd8b10 code [0x0000028090cd8d00, 0x0000028090cd9328]
Event: 1283.322 Thread 0x00000280a3b06000 21918       1       com.android.tools.r8.code.h3::hashCode (3 bytes)
Event: 1283.322 Thread 0x00000280a3b06000 nmethod 21918 0x00000280962aac90 code [0x00000280962aae40, 0x00000280962aaef8]
Event: 1283.324 Thread 0x00000280a3b06000 21919       3       com.android.tools.r8.internal.ss::b (33 bytes)
Event: 1283.325 Thread 0x00000280a3b06000 nmethod 21919 0x0000028090cd9490 code [0x0000028090cd96e0, 0x0000028090cda278]
Event: 1283.325 Thread 0x00000280a3b06000 21920       3       com.android.tools.r8.internal.HI::a (29 bytes)
Event: 1283.325 Thread 0x00000280a3b06000 nmethod 21920 0x0000028090cda490 code [0x0000028090cda660, 0x0000028090cda908]
Event: 1283.326 Thread 0x00000280a3b06000 21921       3       java.util.IdentityHashMap::forEach (76 bytes)
Event: 1283.327 Thread 0x00000280a3b06000 nmethod 21921 0x0000028090cdaa10 code [0x0000028090cdac20, 0x0000028090cdb268]
Event: 1283.327 Thread 0x00000280a3b06000 21922       3       com.android.tools.r8.internal.dt::a (132 bytes)
Event: 1283.328 Thread 0x00000280a3b06000 nmethod 21922 0x0000028090cdb510 code [0x0000028090cdb820, 0x0000028090cdc9f8]

GC Heap History (20 events):
Event: 1277.045 GC heap before
{Heap before GC invocations=75 (full 0):
 garbage-first heap   total 225280K, used 178306K [0x0000000080000000, 0x0000000100000000)
  region size 1024K, 11 young (11264K), 2 survivors (2048K)
 Metaspace       used 126433K, capacity 130289K, committed 130508K, reserved 1163264K
  class space    used 15919K, capacity 17251K, committed 17356K, reserved 1048576K
}
Event: 1277.057 GC heap after
{Heap after GC invocations=76 (full 0):
 garbage-first heap   total 225280K, used 168993K [0x0000000080000000, 0x0000000100000000)
  region size 1024K, 1 young (1024K), 1 survivors (1024K)
 Metaspace       used 126433K, capacity 130289K, committed 130508K, reserved 1163264K
  class space    used 15919K, capacity 17251K, committed 17356K, reserved 1048576K
}
Event: 1278.307 GC heap before
{Heap before GC invocations=76 (full 0):
 garbage-first heap   total 225280K, used 186401K [0x0000000080000000, 0x0000000100000000)
  region size 1024K, 19 young (19456K), 1 survivors (1024K)
 Metaspace       used 127518K, capacity 131382K, committed 131660K, reserved 1163264K
  class space    used 16038K, capacity 17357K, committed 17484K, reserved 1048576K
}
Event: 1278.312 GC heap after
{Heap after GC invocations=77 (full 0):
 garbage-first heap   total 225280K, used 169556K [0x0000000080000000, 0x0000000100000000)
  region size 1024K, 2 young (2048K), 2 survivors (2048K)
 Metaspace       used 127518K, capacity 131382K, committed 131660K, reserved 1163264K
  class space    used 16038K, capacity 17357K, committed 17484K, reserved 1048576K
}
Event: 1279.102 GC heap before
{Heap before GC invocations=78 (full 0):
 garbage-first heap   total 225280K, used 182868K [0x0000000080000000, 0x0000000100000000)
  region size 1024K, 21 young (21504K), 2 survivors (2048K)
 Metaspace       used 128270K, capacity 132133K, committed 132428K, reserved 1165312K
  class space    used 16103K, capacity 17432K, committed 17484K, reserved 1048576K
}
Event: 1279.109 GC heap after
{Heap after GC invocations=79 (full 0):
 garbage-first heap   total 225280K, used 165267K [0x0000000080000000, 0x0000000100000000)
  region size 1024K, 3 young (3072K), 3 survivors (3072K)
 Metaspace       used 128270K, capacity 132133K, committed 132428K, reserved 1165312K
  class space    used 16103K, capacity 17432K, committed 17484K, reserved 1048576K
}
Event: 1279.187 GC heap before
{Heap before GC invocations=79 (full 0):
 garbage-first heap   total 225280K, used 172435K [0x0000000080000000, 0x0000000100000000)
  region size 1024K, 11 young (11264K), 3 survivors (3072K)
 Metaspace       used 128329K, capacity 132215K, committed 132428K, reserved 1165312K
  class space    used 16103K, capacity 17432K, committed 17484K, reserved 1048576K
}
Event: 1279.200 GC heap after
{Heap after GC invocations=80 (full 0):
 garbage-first heap   total 225280K, used 152534K [0x0000000080000000, 0x0000000100000000)
  region size 1024K, 1 young (1024K), 1 survivors (1024K)
 Metaspace       used 128329K, capacity 132215K, committed 132428K, reserved 1165312K
  class space    used 16103K, capacity 17432K, committed 17484K, reserved 1048576K
}
Event: 1279.635 GC heap before
{Heap before GC invocations=80 (full 0):
 garbage-first heap   total 225280K, used 179158K [0x0000000080000000, 0x0000000100000000)
  region size 1024K, 28 young (28672K), 1 survivors (1024K)
 Metaspace       used 128460K, capacity 132297K, committed 132428K, reserved 1165312K
  class space    used 16117K, capacity 17436K, committed 17484K, reserved 1048576K
}
Event: 1279.643 GC heap after
{Heap after GC invocations=81 (full 0):
 garbage-first heap   total 225280K, used 154124K [0x0000000080000000, 0x0000000100000000)
  region size 1024K, 3 young (3072K), 3 survivors (3072K)
 Metaspace       used 128460K, capacity 132297K, committed 132428K, reserved 1165312K
  class space    used 16117K, capacity 17436K, committed 17484K, reserved 1048576K
}
Event: 1280.236 GC heap before
{Heap before GC invocations=82 (full 0):
 garbage-first heap   total 225280K, used 181772K [0x0000000080000000, 0x0000000100000000)
  region size 1024K, 31 young (31744K), 3 survivors (3072K)
 Metaspace       used 128484K, capacity 132303K, committed 132428K, reserved 1165312K
  class space    used 16119K, capacity 17438K, committed 17484K, reserved 1048576K
}
Event: 1280.242 GC heap after
{Heap after GC invocations=83 (full 0):
 garbage-first heap   total 225280K, used 155198K [0x0000000080000000, 0x0000000100000000)
  region size 1024K, 3 young (3072K), 3 survivors (3072K)
 Metaspace       used 128484K, capacity 132303K, committed 132428K, reserved 1165312K
  class space    used 16119K, capacity 17438K, committed 17484K, reserved 1048576K
}
Event: 1280.348 GC heap before
{Heap before GC invocations=83 (full 0):
 garbage-first heap   total 225280K, used 162366K [0x0000000080000000, 0x0000000100000000)
  region size 1024K, 11 young (11264K), 3 survivors (3072K)
 Metaspace       used 128492K, capacity 132303K, committed 132428K, reserved 1165312K
  class space    used 16119K, capacity 17438K, committed 17484K, reserved 1048576K
}
Event: 1280.355 GC heap after
{Heap after GC invocations=84 (full 0):
 garbage-first heap   total 225280K, used 154889K [0x0000000080000000, 0x0000000100000000)
  region size 1024K, 1 young (1024K), 1 survivors (1024K)
 Metaspace       used 128492K, capacity 132303K, committed 132428K, reserved 1165312K
  class space    used 16119K, capacity 17438K, committed 17484K, reserved 1048576K
}
Event: 1281.484 GC heap before
{Heap before GC invocations=84 (full 0):
 garbage-first heap   total 225280K, used 184585K [0x0000000080000000, 0x0000000100000000)
  region size 1024K, 31 young (31744K), 1 survivors (1024K)
 Metaspace       used 133111K, capacity 137004K, committed 137164K, reserved 1169408K
  class space    used 16759K, capacity 18092K, committed 18124K, reserved 1048576K
}
Event: 1281.494 GC heap after
{Heap after GC invocations=85 (full 0):
 garbage-first heap   total 225280K, used 156833K [0x0000000080000000, 0x0000000100000000)
  region size 1024K, 3 young (3072K), 3 survivors (3072K)
 Metaspace       used 133111K, capacity 137004K, committed 137164K, reserved 1169408K
  class space    used 16759K, capacity 18092K, committed 18124K, reserved 1048576K
}
Event: 1282.384 GC heap before
{Heap before GC invocations=86 (full 0):
 garbage-first heap   total 225280K, used 186529K [0x0000000080000000, 0x0000000100000000)
  region size 1024K, 33 young (33792K), 3 survivors (3072K)
 Metaspace       used 138162K, capacity 142310K, committed 142412K, reserved 1173504K
  class space    used 17522K, capacity 18982K, committed 19020K, reserved 1048576K
}
Event: 1282.391 GC heap after
{Heap after GC invocations=87 (full 0):
 garbage-first heap   total 225280K, used 158028K [0x0000000080000000, 0x0000000100000000)
  region size 1024K, 4 young (4096K), 4 survivors (4096K)
 Metaspace       used 138162K, capacity 142310K, committed 142412K, reserved 1173504K
  class space    used 17522K, capacity 18982K, committed 19020K, reserved 1048576K
}
Event: 1283.236 GC heap before
{Heap before GC invocations=87 (full 0):
 garbage-first heap   total 225280K, used 187724K [0x0000000080000000, 0x0000000100000000)
  region size 1024K, 34 young (34816K), 4 survivors (4096K)
 Metaspace       used 139162K, capacity 143270K, committed 143564K, reserved 1173504K
  class space    used 17567K, capacity 19038K, committed 19148K, reserved 1048576K
}
Event: 1283.246 GC heap after
{Heap after GC invocations=88 (full 0):
 garbage-first heap   total 225280K, used 157951K [0x0000000080000000, 0x0000000100000000)
  region size 1024K, 2 young (2048K), 2 survivors (2048K)
 Metaspace       used 139162K, capacity 143270K, committed 143564K, reserved 1173504K
  class space    used 17567K, capacity 19038K, committed 19148K, reserved 1048576K
}

Deoptimization events (20 events):
Event: 1282.818 Thread 0x00000280a548d800 Uncommon trap: trap_request=0xffffffde fr.pc=0x0000028095914d0c relative=0x00000000000001ac
Event: 1282.818 Thread 0x00000280a548d800 Uncommon trap: reason=class_check action=maybe_recompile pc=0x0000028095914d0c method=com.android.tools.r8.internal.tY.a(Lcom/android/tools/r8/internal/mX;)Lcom/android/tools/r8/internal/tY; @ 34 c2
Event: 1282.818 Thread 0x00000280a548d800 DEOPT PACKING pc=0x0000028095914d0c sp=0x000000810d7f9a70
Event: 1282.818 Thread 0x00000280a548d800 DEOPT UNPACKING pc=0x000002808da4a1af sp=0x000000810d7f9940 mode 2
Event: 1282.993 Thread 0x00000280a548d800 Uncommon trap: trap_request=0xffffff4d fr.pc=0x0000028095757df4 relative=0x0000000000000554
Event: 1282.993 Thread 0x00000280a548d800 Uncommon trap: reason=unstable_if action=reinterpret pc=0x0000028095757df4 method=com.android.tools.r8.ir.regalloc.c.d(I)Lcom/android/tools/r8/ir/regalloc/c; @ 48 c2
Event: 1282.993 Thread 0x00000280a548d800 DEOPT PACKING pc=0x0000028095757df4 sp=0x000000810d7f9920
Event: 1282.993 Thread 0x00000280a548d800 DEOPT UNPACKING pc=0x000002808da4a1af sp=0x000000810d7f98b0 mode 2
Event: 1283.318 Thread 0x00000280a548d800 Uncommon trap: trap_request=0xffffffde fr.pc=0x00000280956c19c8 relative=0x00000000000005e8
Event: 1283.318 Thread 0x00000280a548d800 Uncommon trap: reason=class_check action=maybe_recompile pc=0x00000280956c19c8 method=com.android.tools.r8.internal.Mo.f()Lcom/android/tools/r8/internal/Ko; @ 3 c2
Event: 1283.318 Thread 0x00000280a548d800 DEOPT PACKING pc=0x00000280956c19c8 sp=0x000000810d7f9890
Event: 1283.318 Thread 0x00000280a548d800 DEOPT UNPACKING pc=0x000002808da4a1af sp=0x000000810d7f9858 mode 2
Event: 1283.318 Thread 0x00000280a548d800 Uncommon trap: trap_request=0xffffffde fr.pc=0x00000280956c19c8 relative=0x00000000000005e8
Event: 1283.318 Thread 0x00000280a548d800 Uncommon trap: reason=class_check action=maybe_recompile pc=0x00000280956c19c8 method=com.android.tools.r8.internal.Mo.f()Lcom/android/tools/r8/internal/Ko; @ 3 c2
Event: 1283.318 Thread 0x00000280a548d800 DEOPT PACKING pc=0x00000280956c19c8 sp=0x000000810d7f9890
Event: 1283.318 Thread 0x00000280a548d800 DEOPT UNPACKING pc=0x000002808da4a1af sp=0x000000810d7f9858 mode 2
Event: 1283.318 Thread 0x00000280a548d800 Uncommon trap: trap_request=0xffffffde fr.pc=0x00000280956c19c8 relative=0x00000000000005e8
Event: 1283.318 Thread 0x00000280a548d800 Uncommon trap: reason=class_check action=maybe_recompile pc=0x00000280956c19c8 method=com.android.tools.r8.internal.Mo.f()Lcom/android/tools/r8/internal/Ko; @ 3 c2
Event: 1283.318 Thread 0x00000280a548d800 DEOPT PACKING pc=0x00000280956c19c8 sp=0x000000810d7f9890
Event: 1283.318 Thread 0x00000280a548d800 DEOPT UNPACKING pc=0x000002808da4a1af sp=0x000000810d7f9858 mode 2

Classes redefined (0 events):
No events

Internal exceptions (20 events):
Event: 1274.703 Thread 0x00000280a7bd6000 Exception <a 'java/lang/NoSuchMethodError'{0x000000008ce68980}: 'void java.lang.invoke.DirectMethodHandle$Holder.invokeStatic(java.lang.Object, java.lang.Object, java.lang.Object, int)'> (0x000000008ce68980) thrown at [./src/hotspot/share/interpreter/linkResolver.cpp, line 773]
Event: 1274.737 Thread 0x00000280a7bd6000 Implicit null exception at 0x0000028095791df7 to 0x0000028095791f7c
Event: 1275.349 Thread 0x00000280a7bd6000 Implicit null exception at 0x0000028095858a84 to 0x0000028095858c7c
Event: 1276.343 Thread 0x00000280a7bd6000 Exception <a 'java/lang/NoSuchMethodError'{0x000000008d9b9e78}: <clinit>> (0x000000008d9b9e78) thrown at [./src/hotspot/share/prims/jni.cpp, line 1365]
Event: 1276.348 Thread 0x00000280a7bd6000 Exception <a 'java/lang/NoSuchMethodError'{0x000000008d807c28}: <clinit>> (0x000000008d807c28) thrown at [./src/hotspot/share/prims/jni.cpp, line 1365]
Event: 1276.350 Thread 0x00000280a7bd6000 Exception <a 'java/lang/NoSuchMethodError'{0x000000008d822a70}: <clinit>> (0x000000008d822a70) thrown at [./src/hotspot/share/prims/jni.cpp, line 1365]
Event: 1276.589 Thread 0x00000280a7bd1000 Exception <a 'sun/nio/fs/WindowsException'{0x000000008cc351b0}> (0x000000008cc351b0) thrown at [./src/hotspot/share/prims/jni.cpp, line 615]
Event: 1278.166 Thread 0x00000280a7bd8800 Implicit null exception at 0x000002809551c747 to 0x000002809551cd84
Event: 1278.168 Thread 0x00000280a7bd8800 Implicit null exception at 0x00000280957b9ba2 to 0x00000280957ba118
Event: 1279.530 Thread 0x00000280a9c97800 Exception <a 'sun/nio/fs/WindowsException'{0x000000008c606bf8}> (0x000000008c606bf8) thrown at [./src/hotspot/share/prims/jni.cpp, line 615]
Event: 1280.566 Thread 0x00000280a548d800 Exception <a 'sun/nio/fs/WindowsException'{0x000000008d276fa0}> (0x000000008d276fa0) thrown at [./src/hotspot/share/prims/jni.cpp, line 615]
Event: 1280.893 Thread 0x00000280a548d800 Exception <a 'java/lang/NoSuchMethodError'{0x000000008cbf8708}: 'java.lang.Object java.lang.invoke.DirectMethodHandle$Holder.invokeStaticInit(java.lang.Object, java.lang.Object, java.lang.Object, java.lang.Object, java.lang.Object, java.lang.Object, java.lang.Object, java.lang.Object, java.lang.Object, java.lang.Object, java.lang.Object, java.lang.Object, java.lang.Object, java.lang.Object, java.lang.Object, java.lang.Object, java.lang.Object, java.lang.Object, int, java.lang.Object, java.lang.Object)'> (0
Event: 1280.931 Thread 0x00000280a548d800 Exception <a 'java/lang/IncompatibleClassChangeError'{0x000000008c916c50}: Found class java.lang.Object, but interface was expected> (0x000000008c916c50) thrown at [./src/hotspot/share/interpreter/linkResolver.cpp, line 839]
Event: 1281.023 Thread 0x00000280a548d800 Exception <a 'java/lang/NoSuchMethodError'{0x000000008c7f1048}: 'java.lang.Object java.lang.invoke.DirectMethodHandle$Holder.invokeStatic(java.lang.Object, long)'> (0x000000008c7f1048) thrown at [./src/hotspot/share/interpreter/linkResolver.cpp, line 773]
Event: 1281.342 Thread 0x00000280a548d800 Exception <a 'java/lang/IncompatibleClassChangeError'{0x000000008c08dfa8}: Found class java.lang.Object, but interface was expected> (0x000000008c08dfa8) thrown at [./src/hotspot/share/interpreter/linkResolver.cpp, line 839]
Event: 1281.684 Thread 0x00000280a548d800 Exception <a 'java/lang/NoSuchMethodError'{0x000000008d5423e8}: 'java.lang.Object java.lang.invoke.DirectMethodHandle$Holder.invokeStatic(java.lang.Object, int, java.lang.Object, java.lang.Object)'> (0x000000008d5423e8) thrown at [./src/hotspot/share/interpreter/linkResolver.cpp, line 773]
Event: 1281.845 Thread 0x00000280a548d800 Exception <a 'java/lang/IncompatibleClassChangeError'{0x000000008ce16770}: Found class java.lang.Object, but interface was expected> (0x000000008ce16770) thrown at [./src/hotspot/share/interpreter/linkResolver.cpp, line 839]
Event: 1281.845 Thread 0x00000280a548d800 Exception <a 'java/lang/IncompatibleClassChangeError'{0x000000008ce1f770}: Found class java.lang.Object, but interface was expected> (0x000000008ce1f770) thrown at [./src/hotspot/share/interpreter/linkResolver.cpp, line 839]
Event: 1281.886 Thread 0x00000280a548d800 Exception <a 'java/lang/NoSuchMethodError'{0x000000008cc40880}: 'void java.lang.invoke.DirectMethodHandle$Holder.invokeSpecial(java.lang.Object, java.lang.Object, int, java.lang.Object)'> (0x000000008cc40880) thrown at [./src/hotspot/share/interpreter/linkResolver.cpp, line 773]
Event: 1281.946 Thread 0x00000280a548d800 Exception <a 'java/lang/NoSuchMethodError'{0x000000008c962238}: 'java.lang.Object java.lang.invoke.DirectMethodHandle$Holder.newInvokeSpecial(java.lang.Object, int)'> (0x000000008c962238) thrown at [./src/hotspot/share/interpreter/linkResolver.cpp, line 773]

Events (20 events):
Event: 1283.034 loading class com/android/tools/r8/code/U
Event: 1283.034 loading class com/android/tools/r8/code/U done
Event: 1283.161 Executing VM operation: ICBufferFull
Event: 1283.161 Executing VM operation: ICBufferFull done
Event: 1283.209 loading class com/android/tools/r8/code/L
Event: 1283.209 loading class com/android/tools/r8/code/L done
Event: 1283.209 loading class com/android/tools/r8/code/N
Event: 1283.209 loading class com/android/tools/r8/code/N done
Event: 1283.210 loading class com/android/tools/r8/code/P
Event: 1283.210 loading class com/android/tools/r8/code/P done
Event: 1283.210 loading class com/android/tools/r8/code/M
Event: 1283.210 loading class com/android/tools/r8/code/M done
Event: 1283.210 loading class com/android/tools/r8/code/O
Event: 1283.210 loading class com/android/tools/r8/code/O done
Event: 1283.228 loading class com/android/tools/r8/internal/gb
Event: 1283.228 loading class com/android/tools/r8/internal/gb done
Event: 1283.236 Executing VM operation: G1CollectForAllocation
Event: 1283.246 Executing VM operation: G1CollectForAllocation done
Event: 1283.261 loading class com/android/tools/r8/references/ArrayReference
Event: 1283.261 loading class com/android/tools/r8/references/ArrayReference done


Dynamic libraries:
0x00007ff79c030000 - 0x00007ff79c03a000 	C:\Program Files\Android\Android Studio\jre\bin\java.exe
0x00007ff9004d0000 - 0x00007ff9006c8000 	C:\Windows\SYSTEM32\ntdll.dll
0x00007ff8ff7d0000 - 0x00007ff8ff88d000 	C:\Windows\System32\KERNEL32.DLL
0x00007ff8fde80000 - 0x00007ff8fe14e000 	C:\Windows\System32\KERNELBASE.dll
0x00007ff8fe430000 - 0x00007ff8fe530000 	C:\Windows\System32\ucrtbase.dll
0x00007ff8f7a60000 - 0x00007ff8f7a79000 	C:\Program Files\Android\Android Studio\jre\bin\jli.dll
0x00007ff8ff3f0000 - 0x00007ff8ff590000 	C:\Windows\System32\USER32.dll
0x00007ff8fe400000 - 0x00007ff8fe422000 	C:\Windows\System32\win32u.dll
0x00007ff8ff1c0000 - 0x00007ff8ff1ea000 	C:\Windows\System32\GDI32.dll
0x00007ff8fdd70000 - 0x00007ff8fde7b000 	C:\Windows\System32\gdi32full.dll
0x00007ff8fdc40000 - 0x00007ff8fdcdd000 	C:\Windows\System32\msvcp_win.dll
0x00007ff8ea620000 - 0x00007ff8ea8ba000 	C:\Windows\WinSxS\amd64_microsoft.windows.common-controls_6595b64144ccf1df_6.0.19041.1110_none_60b5254171f9507e\COMCTL32.dll
0x00007ff8ff350000 - 0x00007ff8ff3ee000 	C:\Windows\System32\msvcrt.dll
0x00007ff8e9130000 - 0x00007ff8e9147000 	C:\Program Files\Android\Android Studio\jre\bin\VCRUNTIME140.dll
0x00007ff8fe9a0000 - 0x00007ff8fe9d0000 	C:\Windows\System32\IMM32.DLL
0x00007ff8cfec0000 - 0x00007ff8cff5d000 	C:\Program Files\Android\Android Studio\jre\bin\msvcp140.dll
0x00007ff8bbac0000 - 0x00007ff8bc5a5000 	C:\Program Files\Android\Android Studio\jre\bin\server\jvm.dll
0x00007ff8ff890000 - 0x00007ff8ff93e000 	C:\Windows\System32\ADVAPI32.dll
0x00007ff8fe9d0000 - 0x00007ff8fea6c000 	C:\Windows\System32\sechost.dll
0x00007ff8ff940000 - 0x00007ff8ffa65000 	C:\Windows\System32\RPCRT4.dll
0x00007ff8ff020000 - 0x00007ff8ff028000 	C:\Windows\System32\PSAPI.DLL
0x00007ff8e9020000 - 0x00007ff8e9029000 	C:\Windows\SYSTEM32\WSOCK32.dll
0x00007ff8ff760000 - 0x00007ff8ff7cb000 	C:\Windows\System32\WS2_32.dll
0x00007ff8ea8c0000 - 0x00007ff8ea8e7000 	C:\Windows\SYSTEM32\WINMM.dll
0x00007ff8f6d60000 - 0x00007ff8f6d6a000 	C:\Windows\SYSTEM32\VERSION.dll
0x00007ff8fbaf0000 - 0x00007ff8fbb02000 	C:\Windows\SYSTEM32\kernel.appcore.dll
0x00007ff8edec0000 - 0x00007ff8eded1000 	C:\Program Files\Android\Android Studio\jre\bin\verify.dll
0x00007ff8e5e90000 - 0x00007ff8e6074000 	C:\Windows\SYSTEM32\DBGHELP.DLL
0x00007ff8e5bf0000 - 0x00007ff8e5c1c000 	C:\Windows\SYSTEM32\dbgcore.DLL
0x00007ff8fdce0000 - 0x00007ff8fdd62000 	C:\Windows\System32\bcryptPrimitives.dll
0x00007ff8e8770000 - 0x00007ff8e8799000 	C:\Program Files\Android\Android Studio\jre\bin\java.dll
0x00007ff8f8890000 - 0x00007ff8f889b000 	C:\Program Files\Android\Android Studio\jre\bin\jimage.dll
0x00007ff8ede00000 - 0x00007ff8ede18000 	C:\Program Files\Android\Android Studio\jre\bin\zip.dll
0x00007ff8ffd40000 - 0x00007ff900484000 	C:\Windows\System32\SHELL32.dll
0x00007ff8fbcf0000 - 0x00007ff8fc484000 	C:\Windows\SYSTEM32\windows.storage.dll
0x00007ff8febb0000 - 0x00007ff8fef04000 	C:\Windows\System32\combase.dll
0x00007ff8fd580000 - 0x00007ff8fd5b0000 	C:\Windows\SYSTEM32\Wldp.dll
0x00007ff8ffc90000 - 0x00007ff8ffd3d000 	C:\Windows\System32\SHCORE.dll
0x00007ff8fefc0000 - 0x00007ff8ff015000 	C:\Windows\System32\shlwapi.dll
0x00007ff8fdb30000 - 0x00007ff8fdb4f000 	C:\Windows\SYSTEM32\profapi.dll
0x00007ff8e9860000 - 0x00007ff8e987a000 	C:\Program Files\Android\Android Studio\jre\bin\net.dll
0x00007ff8f5860000 - 0x00007ff8f596a000 	C:\Windows\SYSTEM32\WINHTTP.dll
0x00007ff8fd2e0000 - 0x00007ff8fd34a000 	C:\Windows\system32\mswsock.dll
0x00007ff8e9150000 - 0x00007ff8e9164000 	C:\Program Files\Android\Android Studio\jre\bin\nio.dll
0x00007ff8f8af0000 - 0x00007ff8f8b17000 	C:\Users\ducke\.gradle\native\e1d6ef7f7dcc3fd88c89a11ec53ec762bb8ba0a96d01ffa2cd45eb1d1d8dd5c5\windows-amd64\native-platform.dll
0x00007ff8cd570000 - 0x00007ff8cd6b4000 	C:\Users\ducke\.gradle\native\5664cfc778a61ccfe75a443a1ab52a65af34e5dc3c78e0209fed803814484fcb\windows-amd64\native-platform-file-events.dll
0x00007ff8f7f20000 - 0x00007ff8f7f2a000 	C:\Program Files\Android\Android Studio\jre\bin\management.dll
0x00007ff8f7c00000 - 0x00007ff8f7c0d000 	C:\Program Files\Android\Android Studio\jre\bin\management_ext.dll
0x00007ff8fd4e0000 - 0x00007ff8fd4f8000 	C:\Windows\SYSTEM32\CRYPTSP.dll
0x00007ff8fcc60000 - 0x00007ff8fcc94000 	C:\Windows\system32\rsaenh.dll
0x00007ff8fe3d0000 - 0x00007ff8fe3f7000 	C:\Windows\System32\bcrypt.dll
0x00007ff8fdaf0000 - 0x00007ff8fdb1e000 	C:\Windows\SYSTEM32\USERENV.dll
0x00007ff8fd4d0000 - 0x00007ff8fd4dc000 	C:\Windows\SYSTEM32\CRYPTBASE.dll
0x00007ff8fcfd0000 - 0x00007ff8fd00b000 	C:\Windows\SYSTEM32\IPHLPAPI.DLL
0x00007ff8ffa70000 - 0x00007ff8ffa78000 	C:\Windows\System32\NSI.dll
0x00007ff8f6ff0000 - 0x00007ff8f7007000 	C:\Windows\SYSTEM32\dhcpcsvc6.DLL
0x00007ff8f6fd0000 - 0x00007ff8f6fed000 	C:\Windows\SYSTEM32\dhcpcsvc.DLL
0x00007ff8fd010000 - 0x00007ff8fd0da000 	C:\Windows\SYSTEM32\DNSAPI.dll
0x00007ff8e2260000 - 0x00007ff8e2287000 	C:\Program Files\Android\Android Studio\jre\bin\sunec.dll
0x00000000563b0000 - 0x00000000563d6000 	C:\Program Files\Bonjour\mdnsNSP.dll
0x00007ff8f49c0000 - 0x00007ff8f49ca000 	C:\Windows\System32\rasadhlp.dll
0x00007ff8f3c90000 - 0x00007ff8f3d10000 	C:\Windows\System32\fwpuclnt.dll
0x00007ff8fc8f0000 - 0x00007ff8fc923000 	C:\Windows\SYSTEM32\ntmarta.dll

dbghelp: loaded successfully - version: 4.0.5 - missing functions: none
symbol engine: initialized successfully - sym options: 0x614 - pdb path: .;C:\Program Files\Android\Android Studio\jre\bin;C:\Windows\SYSTEM32;C:\Windows\WinSxS\amd64_microsoft.windows.common-controls_6595b64144ccf1df_6.0.19041.1110_none_60b5254171f9507e;C:\Program Files\Android\Android Studio\jre\bin\server;C:\Users\ducke\.gradle\native\e1d6ef7f7dcc3fd88c89a11ec53ec762bb8ba0a96d01ffa2cd45eb1d1d8dd5c5\windows-amd64;C:\Users\ducke\.gradle\native\5664cfc778a61ccfe75a443a1ab52a65af34e5dc3c78e0209fed803814484fcb\windows-amd64;C:\Program Files\Bonjour

VM Arguments:
jvm_args: --add-opens=java.base/java.util=ALL-UNNAMED --add-opens=java.base/java.lang=ALL-UNNAMED --add-opens=java.base/java.lang.invoke=ALL-UNNAMED --add-opens=java.base/java.util=ALL-UNNAMED --add-opens=java.prefs/java.util.prefs=ALL-UNNAMED --add-opens=java.prefs/java.util.prefs=ALL-UNNAMED --add-opens=java.base/java.nio.charset=ALL-UNNAMED --add-opens=java.base/java.net=ALL-UNNAMED --add-opens=java.base/java.util.concurrent.atomic=ALL-UNNAMED -Xmx2048m -Dfile.encoding=UTF-8 -Duser.country=US -Duser.language=en -Duser.variant 
java_command: org.gradle.launcher.daemon.bootstrap.GradleDaemon 7.3.3
java_class_path (initial): C:\Users\ducke\.gradle\wrapper\dists\gradle-7.3.3-bin\6a41zxkdtcxs8rphpq6y0069z\gradle-7.3.3\lib\gradle-launcher-7.3.3.jar
Launcher Type: SUN_STANDARD

[Global flags]
     intx CICompilerCount                          = 3                                         {product} {ergonomic}
     uint ConcGCThreads                            = 1                                         {product} {ergonomic}
     uint G1ConcRefinementThreads                  = 4                                         {product} {ergonomic}
   size_t G1HeapRegionSize                         = 1048576                                   {product} {ergonomic}
    uintx GCDrainStackTargetSize                   = 64                                        {product} {ergonomic}
   size_t InitialHeapSize                          = 132120576                                 {product} {ergonomic}
   size_t MarkStackSize                            = 4194304                                   {product} {ergonomic}
   size_t MaxHeapSize                              = 2147483648                                {product} {command line}
   size_t MaxNewSize                               = 1287651328                                {product} {ergonomic}
   size_t MinHeapDeltaBytes                        = 1048576                                   {product} {ergonomic}
    uintx NonNMethodCodeHeapSize                   = 5830732                                {pd product} {ergonomic}
    uintx NonProfiledCodeHeapSize                  = 122913754                              {pd product} {ergonomic}
    uintx ProfiledCodeHeapSize                     = 122913754                              {pd product} {ergonomic}
    uintx ReservedCodeCacheSize                    = 251658240                              {pd product} {ergonomic}
     bool SegmentedCodeCache                       = true                                      {product} {ergonomic}
     bool UseCompressedClassPointers               = true                                 {lp64_product} {ergonomic}
     bool UseCompressedOops                        = true                                 {lp64_product} {ergonomic}
     bool UseG1GC                                  = true                                      {product} {ergonomic}
     bool UseLargePagesIndividualAllocation        = false                                  {pd product} {ergonomic}

Logging:
Log output configuration:
 #0: stdout all=warning uptime,level,tags
 #1: stderr all=off uptime,level,tags

Environment Variables:
JAVA_HOME=C:\Program Files\Java\jdk1.8.0_45\bin
PATH=C:\ProgramData\Oracle\Java\javapath;C:\Windows\system32;C:\Windows;C:\Windows\System32\Wbem;C:\Windows\System32\WindowsPowerShell\v1.0\;C:\Windows\System32\OpenSSH\;C:\Program Files (x86)\NVIDIA Corporation\PhysX\Common;C:\Program Files\dotnet\;C:\Program Files\Git\cmd;F:\nodejs\;C:\Program Files\Cloudflare\Cloudflare WARP\;C:\ProgramData\Oracle\Java\javapath;C:\Windows\system32;C:\Windows;C:\Windows\System32\Wbem;C:\Windows\System32\WindowsPowerShell\v1.0\;C:\Windows\System32\OpenSSH\;C:\Program Files\Microsoft SQL Server\Client SDK\ODBC\170\Tools\Binn\;C:\Program Files (x86)\Microsoft SQL Server\150\Tools\Binn\;C:\Program Files\Microsoft SQL Server\150\Tools\Binn\;C:\Program Files\Microsoft SQL Server\150\DTS\Binn\;C:\Program Files (x86)\Microsoft SQL Server\150\DTS\Binn\;C:\Program Files (x86)\NVIDIA Corporation\PhysX\Common;C:\Program Files\dotnet\;C:\Program Files (x86)\Microsoft SQL Server\90\Tools\binn\;C:\Program Files\Git\cmd;C:\Users\ducke\AppData\Local\Microsoft\WindowsApps;C:\Program Files\Azure Data Studio\bin;C:\Program Files\Java\jdk1.8.0_45\bin;C:\Program Files\JetBrains\IntelliJ IDEA Community Edition 2021.3.1\bin;;C:\Users\ducke\AppData\Local\Programs\Python\Python310\;C:\Users\ducke\AppData\Local\Programs\Python\Python310\Scripts\;;E:\vscode\Microsoft VS Code\bin;E:\vscode\Microsoft VS Code\bin;C:\Users\ducke\AppData\Roaming\npm
USERNAME=ducke
OS=Windows_NT
PROCESSOR_IDENTIFIER=Intel64 Family 6 Model 158 Stepping 9, GenuineIntel



---------------  S Y S T E M  ---------------

OS: Windows 10 , 64 bit Build 19041 (10.0.19041.1889)
OS uptime: 0 days 23:41 hours

CPU:total 4 (initial active 4) (4 cores per cpu, 1 threads per core) family 6 model 158 stepping 9 microcode 0xb4, cmov, cx8, fxsr, mmx, sse, sse2, sse3, ssse3, sse4.1, sse4.2, popcnt, avx, avx2, aes, clmul, erms, 3dnowpref, lzcnt, tsc, tscinvbit, bmi1, bmi2, adx, fma

Memory: 4k page, system-wide physical 8054M (723M free)
TotalPageFile size 12150M (AvailPageFile size 0M)
current process WorkingSet (physical memory assigned to process): 572M, peak: 578M
current process commit charge ("private bytes"): 604M, peak: 609M

vm_info: OpenJDK 64-Bit Server VM (11.0.12+7-b1504.28-7817840) for windows-amd64 JRE (11.0.12+7-b1504.28-7817840), built on Oct 13 2021 22:12:33 by "builder" with MS VC++ 14.0 (VS2015)

END.
